<?xml version="1.0" encoding="UTF-8"?>
<testsuite xmlns:xsi="http://www.w3.org/2001/XMLSchema-instance" xsi:noNamespaceSchemaLocation="https://maven.apache.org/surefire/maven-surefire-plugin/xsd/surefire-test-report-3.0.xsd" version="3.0" name="com.delfosti.delgosti.DelgostiApplicationTests" time="5.525" tests="1" errors="0" skipped="0" failures="0">
  <properties>
[...]
</properties>
  <testcase name="contextLoads" classname="com.delfosti.delgosti.DelgostiApplicationTests" time="0.405">
    <system-out><![CDATA[10:50:45.798 [main] INFO org.springframework.test.context.support.AnnotationConfigContextLoaderUtils -- Could not detect default configuration classes for test class [com.delfosti.delgosti.DelgostiApplicationTests]: DelgostiApplicationTests does not declare any static, non-private, non-final, nested classes annotated with @Configuration.
10:50:45.878 [main] INFO org.springframework.boot.test.context.SpringBootTestContextBootstrapper -- Found @SpringBootConfiguration com.delfosti.delgosti.DelgostiApplication for test class com.delfosti.delgosti.DelgostiApplicationTests

  .   ____          _            __ _ _
 /\\ / ___'_ __ _ _(_)_ __  __ _ \ \ \ \
( ( )\___ | '_ | '_| | '_ \/ _` | \ \ \ \
 \\/  ___)| |_)| | | | | || (_| |  ) ) ) )
  '  |____| .__|_| |_|_| |_\__, | / / / /
 =========|_|==============|___/=/_/_/_/

 :: Spring Boot ::                (v3.3.3)

2024-08-25T10:50:46.207-05:00  INFO 16460 --- [delfosti] [           main] c.d.delgosti.DelgostiApplicationTests    : Starting DelgostiApplicationTests using Java 17.0.8 with PID 16460 (started by salaz in D:\Delfosti\frank-salazar\repository-delfosti-aws-prueba)
2024-08-25T10:50:46.209-05:00  INFO 16460 --- [delfosti] [           main] c.d.delgosti.DelgostiApplicationTests    : No active profile set, falling back to 1 default profile: "default"
2024-08-25T10:50:46.694-05:00  INFO 16460 --- [delfosti] [           main] .s.d.r.c.RepositoryConfigurationDelegate : Bootstrapping Spring Data JPA repositories in DEFAULT mode.
2024-08-25T10:50:46.752-05:00  INFO 16460 --- [delfosti] [           main] .s.d.r.c.RepositoryConfigurationDelegate : Finished Spring Data repository scanning in 52 ms. Found 1 JPA repository interface.
2024-08-25T10:50:47.113-05:00 DEBUG 16460 --- [delfosti] [           main] o.hibernate.jpa.internal.util.LogHelper  : PersistenceUnitInfo [
	name: default
	persistence provider classname: null
	classloader: jdk.internal.loader.ClassLoaders$AppClassLoader@73d16e93
	excludeUnlistedClasses: true
	JTA datasource: null
	Non JTA datasource: HikariDataSource (null)
	Transaction type: RESOURCE_LOCAL
	PU root URL: file:/D:/Delfosti/frank-salazar/repository-delfosti-aws-prueba/target/test-classes/
	Shared Cache Mode: UNSPECIFIED
	Validation Mode: AUTO
	Jar files URLs []
	Managed classes names [
		com.delfosti.delgosti.model.Movie]
	Mapping files names []
	Properties []
2024-08-25T10:50:47.126-05:00 DEBUG 16460 --- [delfosti] [           main] o.h.i.internal.IntegratorServiceImpl     : Adding Integrator [org.hibernate.boot.beanvalidation.BeanValidationIntegrator].
2024-08-25T10:50:47.127-05:00 DEBUG 16460 --- [delfosti] [           main] o.h.i.internal.IntegratorServiceImpl     : Adding Integrator [org.hibernate.cache.internal.CollectionCacheInvalidator].
2024-08-25T10:50:47.157-05:00  INFO 16460 --- [delfosti] [           main] org.hibernate.Version                    : HHH000412: Hibernate ORM core version 6.5.2.Final
2024-08-25T10:50:47.157-05:00 DEBUG 16460 --- [delfosti] [           main] org.hibernate.cfg.Environment            : HHH000206: 'hibernate.properties' not found
2024-08-25T10:50:47.173-05:00 DEBUG 16460 --- [delfosti] [           main] org.hibernate.orm.idgen.factory          : Registering IdentifierGenerator strategy [uuid2] -> [org.hibernate.id.UUIDGenerator]
2024-08-25T10:50:47.173-05:00 DEBUG 16460 --- [delfosti] [           main] org.hibernate.orm.idgen.factory          : Registering IdentifierGenerator strategy [guid] -> [org.hibernate.id.GUIDGenerator]
2024-08-25T10:50:47.173-05:00 DEBUG 16460 --- [delfosti] [           main] org.hibernate.orm.idgen.factory          : Registering IdentifierGenerator strategy [uuid] -> [org.hibernate.id.UUIDHexGenerator]
2024-08-25T10:50:47.173-05:00 DEBUG 16460 --- [delfosti] [           main] org.hibernate.orm.idgen.factory          : Registering IdentifierGenerator strategy [uuid.hex] -> [org.hibernate.id.UUIDHexGenerator]
2024-08-25T10:50:47.174-05:00 DEBUG 16460 --- [delfosti] [           main] org.hibernate.orm.idgen.factory          : Registering IdentifierGenerator strategy [assigned] -> [org.hibernate.id.Assigned]
2024-08-25T10:50:47.174-05:00 DEBUG 16460 --- [delfosti] [           main] org.hibernate.orm.idgen.factory          : Registering IdentifierGenerator strategy [identity] -> [org.hibernate.id.IdentityGenerator]
2024-08-25T10:50:47.174-05:00 DEBUG 16460 --- [delfosti] [           main] org.hibernate.orm.idgen.factory          : Registering IdentifierGenerator strategy [select] -> [org.hibernate.id.SelectGenerator]
2024-08-25T10:50:47.175-05:00 DEBUG 16460 --- [delfosti] [           main] org.hibernate.orm.idgen.factory          : Registering IdentifierGenerator strategy [sequence] -> [org.hibernate.id.enhanced.SequenceStyleGenerator]
2024-08-25T10:50:47.176-05:00 DEBUG 16460 --- [delfosti] [           main] org.hibernate.orm.idgen.factory          : Registering IdentifierGenerator strategy [increment] -> [org.hibernate.id.IncrementGenerator]
2024-08-25T10:50:47.176-05:00 DEBUG 16460 --- [delfosti] [           main] org.hibernate.orm.idgen.factory          : Registering IdentifierGenerator strategy [foreign] -> [org.hibernate.id.ForeignGenerator]
2024-08-25T10:50:47.177-05:00 DEBUG 16460 --- [delfosti] [           main] org.hibernate.orm.idgen.factory          : Registering IdentifierGenerator strategy [enhanced-sequence] -> [org.hibernate.id.enhanced.SequenceStyleGenerator]
2024-08-25T10:50:47.177-05:00 DEBUG 16460 --- [delfosti] [           main] org.hibernate.orm.idgen.factory          : Registering IdentifierGenerator strategy [enhanced-table] -> [org.hibernate.id.enhanced.TableGenerator]
2024-08-25T10:50:47.181-05:00 DEBUG 16460 --- [delfosti] [           main] o.h.c.internal.RegionFactoryInitiator    : Cannot default RegionFactory based on registered strategies as `[]` RegionFactory strategies were registered
2024-08-25T10:50:47.182-05:00  INFO 16460 --- [delfosti] [           main] o.h.c.internal.RegionFactoryInitiator    : HHH000026: Second-level cache disabled
2024-08-25T10:50:47.271-05:00 DEBUG 16460 --- [delfosti] [           main] org.hibernate.type.BasicTypeRegistry     : Adding type registration boolean -> org.hibernate.type.BasicTypeReference@1a2e0d57
2024-08-25T10:50:47.271-05:00 DEBUG 16460 --- [delfosti] [           main] org.hibernate.type.BasicTypeRegistry     : Adding type registration boolean -> org.hibernate.type.BasicTypeReference@1a2e0d57
2024-08-25T10:50:47.271-05:00 DEBUG 16460 --- [delfosti] [           main] org.hibernate.type.BasicTypeRegistry     : Adding type registration java.lang.Boolean -> org.hibernate.type.BasicTypeReference@1a2e0d57
2024-08-25T10:50:47.271-05:00 DEBUG 16460 --- [delfosti] [           main] org.hibernate.type.BasicTypeRegistry     : Adding type registration numeric_boolean -> org.hibernate.type.BasicTypeReference@5f025000
2024-08-25T10:50:47.271-05:00 DEBUG 16460 --- [delfosti] [           main] org.hibernate.type.BasicTypeRegistry     : Adding type registration org.hibernate.type.NumericBooleanConverter -> org.hibernate.type.BasicTypeReference@5f025000
2024-08-25T10:50:47.271-05:00 DEBUG 16460 --- [delfosti] [           main] org.hibernate.type.BasicTypeRegistry     : Adding type registration true_false -> org.hibernate.type.BasicTypeReference@10980560
2024-08-25T10:50:47.272-05:00 DEBUG 16460 --- [delfosti] [           main] org.hibernate.type.BasicTypeRegistry     : Adding type registration org.hibernate.type.TrueFalseConverter -> org.hibernate.type.BasicTypeReference@10980560
2024-08-25T10:50:47.272-05:00 DEBUG 16460 --- [delfosti] [           main] org.hibernate.type.BasicTypeRegistry     : Adding type registration yes_no -> org.hibernate.type.BasicTypeReference@739e8b96
2024-08-25T10:50:47.272-05:00 DEBUG 16460 --- [delfosti] [           main] org.hibernate.type.BasicTypeRegistry     : Adding type registration org.hibernate.type.YesNoConverter -> org.hibernate.type.BasicTypeReference@739e8b96
2024-08-25T10:50:47.272-05:00 DEBUG 16460 --- [delfosti] [           main] org.hibernate.type.BasicTypeRegistry     : Adding type registration byte -> org.hibernate.type.BasicTypeReference@19b07407
2024-08-25T10:50:47.272-05:00 DEBUG 16460 --- [delfosti] [           main] org.hibernate.type.BasicTypeRegistry     : Adding type registration byte -> org.hibernate.type.BasicTypeReference@19b07407
2024-08-25T10:50:47.272-05:00 DEBUG 16460 --- [delfosti] [           main] org.hibernate.type.BasicTypeRegistry     : Adding type registration java.lang.Byte -> org.hibernate.type.BasicTypeReference@19b07407
2024-08-25T10:50:47.272-05:00 DEBUG 16460 --- [delfosti] [           main] org.hibernate.type.BasicTypeRegistry     : Adding type registration binary -> org.hibernate.type.BasicTypeReference@54ffa561
2024-08-25T10:50:47.272-05:00 DEBUG 16460 --- [delfosti] [           main] org.hibernate.type.BasicTypeRegistry     : Adding type registration byte[] -> org.hibernate.type.BasicTypeReference@54ffa561
2024-08-25T10:50:47.273-05:00 DEBUG 16460 --- [delfosti] [           main] org.hibernate.type.BasicTypeRegistry     : Adding type registration [B -> org.hibernate.type.BasicTypeReference@54ffa561
2024-08-25T10:50:47.273-05:00 DEBUG 16460 --- [delfosti] [           main] org.hibernate.type.BasicTypeRegistry     : Adding type registration binary_wrapper -> org.hibernate.type.BasicTypeReference@49c099b
2024-08-25T10:50:47.273-05:00 DEBUG 16460 --- [delfosti] [           main] org.hibernate.type.BasicTypeRegistry     : Adding type registration wrapper-binary -> org.hibernate.type.BasicTypeReference@49c099b
2024-08-25T10:50:47.273-05:00 DEBUG 16460 --- [delfosti] [           main] org.hibernate.type.BasicTypeRegistry     : Adding type registration image -> org.hibernate.type.BasicTypeReference@3d9f0a5
2024-08-25T10:50:47.273-05:00 DEBUG 16460 --- [delfosti] [           main] org.hibernate.type.BasicTypeRegistry     : Adding type registration blob -> org.hibernate.type.BasicTypeReference@1953bc95
2024-08-25T10:50:47.273-05:00 DEBUG 16460 --- [delfosti] [           main] org.hibernate.type.BasicTypeRegistry     : Adding type registration java.sql.Blob -> org.hibernate.type.BasicTypeReference@1953bc95
2024-08-25T10:50:47.273-05:00 DEBUG 16460 --- [delfosti] [           main] org.hibernate.type.BasicTypeRegistry     : Adding type registration materialized_blob -> org.hibernate.type.BasicTypeReference@30aec673
2024-08-25T10:50:47.273-05:00 DEBUG 16460 --- [delfosti] [           main] org.hibernate.type.BasicTypeRegistry     : Adding type registration materialized_blob_wrapper -> org.hibernate.type.BasicTypeReference@549ac12c
2024-08-25T10:50:47.273-05:00 DEBUG 16460 --- [delfosti] [           main] org.hibernate.type.BasicTypeRegistry     : Adding type registration short -> org.hibernate.type.BasicTypeReference@188a5fc2
2024-08-25T10:50:47.274-05:00 DEBUG 16460 --- [delfosti] [           main] org.hibernate.type.BasicTypeRegistry     : Adding type registration short -> org.hibernate.type.BasicTypeReference@188a5fc2
2024-08-25T10:50:47.274-05:00 DEBUG 16460 --- [delfosti] [           main] org.hibernate.type.BasicTypeRegistry     : Adding type registration java.lang.Short -> org.hibernate.type.BasicTypeReference@188a5fc2
2024-08-25T10:50:47.274-05:00 DEBUG 16460 --- [delfosti] [           main] org.hibernate.type.BasicTypeRegistry     : Adding type registration integer -> org.hibernate.type.BasicTypeReference@1cb9ef52
2024-08-25T10:50:47.274-05:00 DEBUG 16460 --- [delfosti] [           main] org.hibernate.type.BasicTypeRegistry     : Adding type registration int -> org.hibernate.type.BasicTypeReference@1cb9ef52
2024-08-25T10:50:47.274-05:00 DEBUG 16460 --- [delfosti] [           main] org.hibernate.type.BasicTypeRegistry     : Adding type registration java.lang.Integer -> org.hibernate.type.BasicTypeReference@1cb9ef52
2024-08-25T10:50:47.274-05:00 DEBUG 16460 --- [delfosti] [           main] org.hibernate.type.BasicTypeRegistry     : Adding type registration long -> org.hibernate.type.BasicTypeReference@5a622fe8
2024-08-25T10:50:47.274-05:00 DEBUG 16460 --- [delfosti] [           main] org.hibernate.type.BasicTypeRegistry     : Adding type registration long -> org.hibernate.type.BasicTypeReference@5a622fe8
2024-08-25T10:50:47.274-05:00 DEBUG 16460 --- [delfosti] [           main] org.hibernate.type.BasicTypeRegistry     : Adding type registration java.lang.Long -> org.hibernate.type.BasicTypeReference@5a622fe8
2024-08-25T10:50:47.274-05:00 DEBUG 16460 --- [delfosti] [           main] org.hibernate.type.BasicTypeRegistry     : Adding type registration float -> org.hibernate.type.BasicTypeReference@58f31629
2024-08-25T10:50:47.274-05:00 DEBUG 16460 --- [delfosti] [           main] org.hibernate.type.BasicTypeRegistry     : Adding type registration float -> org.hibernate.type.BasicTypeReference@58f31629
2024-08-25T10:50:47.274-05:00 DEBUG 16460 --- [delfosti] [           main] org.hibernate.type.BasicTypeRegistry     : Adding type registration java.lang.Float -> org.hibernate.type.BasicTypeReference@58f31629
2024-08-25T10:50:47.274-05:00 DEBUG 16460 --- [delfosti] [           main] org.hibernate.type.BasicTypeRegistry     : Adding type registration double -> org.hibernate.type.BasicTypeReference@124d26ba
2024-08-25T10:50:47.274-05:00 DEBUG 16460 --- [delfosti] [           main] org.hibernate.type.BasicTypeRegistry     : Adding type registration double -> org.hibernate.type.BasicTypeReference@124d26ba
2024-08-25T10:50:47.275-05:00 DEBUG 16460 --- [delfosti] [           main] org.hibernate.type.BasicTypeRegistry     : Adding type registration java.lang.Double -> org.hibernate.type.BasicTypeReference@124d26ba
2024-08-25T10:50:47.275-05:00 DEBUG 16460 --- [delfosti] [           main] org.hibernate.type.BasicTypeRegistry     : Adding type registration big_integer -> org.hibernate.type.BasicTypeReference@415d88de
2024-08-25T10:50:47.275-05:00 DEBUG 16460 --- [delfosti] [           main] org.hibernate.type.BasicTypeRegistry     : Adding type registration java.math.BigInteger -> org.hibernate.type.BasicTypeReference@415d88de
2024-08-25T10:50:47.275-05:00 DEBUG 16460 --- [delfosti] [           main] org.hibernate.type.BasicTypeRegistry     : Adding type registration big_decimal -> org.hibernate.type.BasicTypeReference@a0bf272
2024-08-25T10:50:47.275-05:00 DEBUG 16460 --- [delfosti] [           main] org.hibernate.type.BasicTypeRegistry     : Adding type registration java.math.BigDecimal -> org.hibernate.type.BasicTypeReference@a0bf272
2024-08-25T10:50:47.275-05:00 DEBUG 16460 --- [delfosti] [           main] org.hibernate.type.BasicTypeRegistry     : Adding type registration character -> org.hibernate.type.BasicTypeReference@4a89ef44
2024-08-25T10:50:47.275-05:00 DEBUG 16460 --- [delfosti] [           main] org.hibernate.type.BasicTypeRegistry     : Adding type registration char -> org.hibernate.type.BasicTypeReference@4a89ef44
2024-08-25T10:50:47.275-05:00 DEBUG 16460 --- [delfosti] [           main] org.hibernate.type.BasicTypeRegistry     : Adding type registration java.lang.Character -> org.hibernate.type.BasicTypeReference@4a89ef44
2024-08-25T10:50:47.275-05:00 DEBUG 16460 --- [delfosti] [           main] org.hibernate.type.BasicTypeRegistry     : Adding type registration character_nchar -> org.hibernate.type.BasicTypeReference@310a7859
2024-08-25T10:50:47.275-05:00 DEBUG 16460 --- [delfosti] [           main] org.hibernate.type.BasicTypeRegistry     : Adding type registration string -> org.hibernate.type.BasicTypeReference@1cbc1dde
2024-08-25T10:50:47.275-05:00 DEBUG 16460 --- [delfosti] [           main] org.hibernate.type.BasicTypeRegistry     : Adding type registration java.lang.String -> org.hibernate.type.BasicTypeReference@1cbc1dde
2024-08-25T10:50:47.275-05:00 DEBUG 16460 --- [delfosti] [           main] org.hibernate.type.BasicTypeRegistry     : Adding type registration nstring -> org.hibernate.type.BasicTypeReference@4971f459
2024-08-25T10:50:47.275-05:00 DEBUG 16460 --- [delfosti] [           main] org.hibernate.type.BasicTypeRegistry     : Adding type registration characters -> org.hibernate.type.BasicTypeReference@4c07d1fc
2024-08-25T10:50:47.276-05:00 DEBUG 16460 --- [delfosti] [           main] org.hibernate.type.BasicTypeRegistry     : Adding type registration char[] -> org.hibernate.type.BasicTypeReference@4c07d1fc
2024-08-25T10:50:47.276-05:00 DEBUG 16460 --- [delfosti] [           main] org.hibernate.type.BasicTypeRegistry     : Adding type registration [C -> org.hibernate.type.BasicTypeReference@4c07d1fc
2024-08-25T10:50:47.276-05:00 DEBUG 16460 --- [delfosti] [           main] org.hibernate.type.BasicTypeRegistry     : Adding type registration wrapper-characters -> org.hibernate.type.BasicTypeReference@2eada095
2024-08-25T10:50:47.276-05:00 DEBUG 16460 --- [delfosti] [           main] org.hibernate.type.BasicTypeRegistry     : Adding type registration text -> org.hibernate.type.BasicTypeReference@52831a73
2024-08-25T10:50:47.276-05:00 DEBUG 16460 --- [delfosti] [           main] org.hibernate.type.BasicTypeRegistry     : Adding type registration ntext -> org.hibernate.type.BasicTypeReference@1416ff46
2024-08-25T10:50:47.276-05:00 DEBUG 16460 --- [delfosti] [           main] org.hibernate.type.BasicTypeRegistry     : Adding type registration clob -> org.hibernate.type.BasicTypeReference@66ec4409
2024-08-25T10:50:47.276-05:00 DEBUG 16460 --- [delfosti] [           main] org.hibernate.type.BasicTypeRegistry     : Adding type registration java.sql.Clob -> org.hibernate.type.BasicTypeReference@66ec4409
2024-08-25T10:50:47.276-05:00 DEBUG 16460 --- [delfosti] [           main] org.hibernate.type.BasicTypeRegistry     : Adding type registration nclob -> org.hibernate.type.BasicTypeReference@2506e949
2024-08-25T10:50:47.276-05:00 DEBUG 16460 --- [delfosti] [           main] org.hibernate.type.BasicTypeRegistry     : Adding type registration java.sql.NClob -> org.hibernate.type.BasicTypeReference@2506e949
2024-08-25T10:50:47.276-05:00 DEBUG 16460 --- [delfosti] [           main] org.hibernate.type.BasicTypeRegistry     : Adding type registration materialized_clob -> org.hibernate.type.BasicTypeReference@6f1c3f18
2024-08-25T10:50:47.276-05:00 DEBUG 16460 --- [delfosti] [           main] org.hibernate.type.BasicTypeRegistry     : Adding type registration materialized_clob_char_array -> org.hibernate.type.BasicTypeReference@4c531172
2024-08-25T10:50:47.276-05:00 DEBUG 16460 --- [delfosti] [           main] org.hibernate.type.BasicTypeRegistry     : Adding type registration materialized_clob_character_array -> org.hibernate.type.BasicTypeReference@489bc8fd
2024-08-25T10:50:47.276-05:00 DEBUG 16460 --- [delfosti] [           main] org.hibernate.type.BasicTypeRegistry     : Adding type registration materialized_nclob -> org.hibernate.type.BasicTypeReference@5ac53c06
2024-08-25T10:50:47.276-05:00 DEBUG 16460 --- [delfosti] [           main] org.hibernate.type.BasicTypeRegistry     : Adding type registration materialized_nclob_character_array -> org.hibernate.type.BasicTypeReference@54af3cb9
2024-08-25T10:50:47.277-05:00 DEBUG 16460 --- [delfosti] [           main] org.hibernate.type.BasicTypeRegistry     : Adding type registration materialized_nclob_char_array -> org.hibernate.type.BasicTypeReference@236fdf
2024-08-25T10:50:47.277-05:00 DEBUG 16460 --- [delfosti] [           main] org.hibernate.type.BasicTypeRegistry     : Adding type registration Duration -> org.hibernate.type.BasicTypeReference@16e99306
2024-08-25T10:50:47.277-05:00 DEBUG 16460 --- [delfosti] [           main] org.hibernate.type.BasicTypeRegistry     : Adding type registration java.time.Duration -> org.hibernate.type.BasicTypeReference@16e99306
2024-08-25T10:50:47.277-05:00 DEBUG 16460 --- [delfosti] [           main] org.hibernate.type.BasicTypeRegistry     : Adding type registration LocalDateTime -> org.hibernate.type.BasicTypeReference@653fb8d1
2024-08-25T10:50:47.277-05:00 DEBUG 16460 --- [delfosti] [           main] org.hibernate.type.BasicTypeRegistry     : Adding type registration java.time.LocalDateTime -> org.hibernate.type.BasicTypeReference@653fb8d1
2024-08-25T10:50:47.277-05:00 DEBUG 16460 --- [delfosti] [           main] org.hibernate.type.BasicTypeRegistry     : Adding type registration LocalDate -> org.hibernate.type.BasicTypeReference@48581a3b
2024-08-25T10:50:47.277-05:00 DEBUG 16460 --- [delfosti] [           main] org.hibernate.type.BasicTypeRegistry     : Adding type registration java.time.LocalDate -> org.hibernate.type.BasicTypeReference@48581a3b
2024-08-25T10:50:47.277-05:00 DEBUG 16460 --- [delfosti] [           main] org.hibernate.type.BasicTypeRegistry     : Adding type registration LocalTime -> org.hibernate.type.BasicTypeReference@531ec978
2024-08-25T10:50:47.277-05:00 DEBUG 16460 --- [delfosti] [           main] org.hibernate.type.BasicTypeRegistry     : Adding type registration java.time.LocalTime -> org.hibernate.type.BasicTypeReference@531ec978
2024-08-25T10:50:47.277-05:00 DEBUG 16460 --- [delfosti] [           main] org.hibernate.type.BasicTypeRegistry     : Adding type registration OffsetDateTime -> org.hibernate.type.BasicTypeReference@93501be
2024-08-25T10:50:47.277-05:00 DEBUG 16460 --- [delfosti] [           main] org.hibernate.type.BasicTypeRegistry     : Adding type registration java.time.OffsetDateTime -> org.hibernate.type.BasicTypeReference@93501be
2024-08-25T10:50:47.277-05:00 DEBUG 16460 --- [delfosti] [           main] org.hibernate.type.BasicTypeRegistry     : Adding type registration OffsetDateTimeWithTimezone -> org.hibernate.type.BasicTypeReference@11d4d979
2024-08-25T10:50:47.277-05:00 DEBUG 16460 --- [delfosti] [           main] org.hibernate.type.BasicTypeRegistry     : Adding type registration OffsetDateTimeWithoutTimezone -> org.hibernate.type.BasicTypeReference@195580ba
2024-08-25T10:50:47.277-05:00 DEBUG 16460 --- [delfosti] [           main] org.hibernate.type.BasicTypeRegistry     : Adding type registration OffsetTime -> org.hibernate.type.BasicTypeReference@3c25cfe1
2024-08-25T10:50:47.277-05:00 DEBUG 16460 --- [delfosti] [           main] org.hibernate.type.BasicTypeRegistry     : Adding type registration java.time.OffsetTime -> org.hibernate.type.BasicTypeReference@3c25cfe1
2024-08-25T10:50:47.278-05:00 DEBUG 16460 --- [delfosti] [           main] org.hibernate.type.BasicTypeRegistry     : Adding type registration OffsetTimeUtc -> org.hibernate.type.BasicTypeReference@1d3c112a
2024-08-25T10:50:47.278-05:00 DEBUG 16460 --- [delfosti] [           main] org.hibernate.type.BasicTypeRegistry     : Adding type registration OffsetTimeWithTimezone -> org.hibernate.type.BasicTypeReference@2a140ce5
2024-08-25T10:50:47.278-05:00 DEBUG 16460 --- [delfosti] [           main] org.hibernate.type.BasicTypeRegistry     : Adding type registration OffsetTimeWithoutTimezone -> org.hibernate.type.BasicTypeReference@1f71194d
2024-08-25T10:50:47.278-05:00 DEBUG 16460 --- [delfosti] [           main] org.hibernate.type.BasicTypeRegistry     : Adding type registration ZonedDateTime -> org.hibernate.type.BasicTypeReference@db99785
2024-08-25T10:50:47.278-05:00 DEBUG 16460 --- [delfosti] [           main] org.hibernate.type.BasicTypeRegistry     : Adding type registration java.time.ZonedDateTime -> org.hibernate.type.BasicTypeReference@db99785
2024-08-25T10:50:47.278-05:00 DEBUG 16460 --- [delfosti] [           main] org.hibernate.type.BasicTypeRegistry     : Adding type registration ZonedDateTimeWithTimezone -> org.hibernate.type.BasicTypeReference@70716259
2024-08-25T10:50:47.278-05:00 DEBUG 16460 --- [delfosti] [           main] org.hibernate.type.BasicTypeRegistry     : Adding type registration ZonedDateTimeWithoutTimezone -> org.hibernate.type.BasicTypeReference@7a083b96
2024-08-25T10:50:47.278-05:00 DEBUG 16460 --- [delfosti] [           main] org.hibernate.type.BasicTypeRegistry     : Adding type registration date -> org.hibernate.type.BasicTypeReference@6da4feeb
2024-08-25T10:50:47.278-05:00 DEBUG 16460 --- [delfosti] [           main] org.hibernate.type.BasicTypeRegistry     : Adding type registration java.sql.Date -> org.hibernate.type.BasicTypeReference@6da4feeb
2024-08-25T10:50:47.278-05:00 DEBUG 16460 --- [delfosti] [           main] org.hibernate.type.BasicTypeRegistry     : Adding type registration time -> org.hibernate.type.BasicTypeReference@2c604965
2024-08-25T10:50:47.278-05:00 DEBUG 16460 --- [delfosti] [           main] org.hibernate.type.BasicTypeRegistry     : Adding type registration java.sql.Time -> org.hibernate.type.BasicTypeReference@2c604965
2024-08-25T10:50:47.278-05:00 DEBUG 16460 --- [delfosti] [           main] org.hibernate.type.BasicTypeRegistry     : Adding type registration timestamp -> org.hibernate.type.BasicTypeReference@57f8951a
2024-08-25T10:50:47.278-05:00 DEBUG 16460 --- [delfosti] [           main] org.hibernate.type.BasicTypeRegistry     : Adding type registration java.sql.Timestamp -> org.hibernate.type.BasicTypeReference@57f8951a
2024-08-25T10:50:47.278-05:00 DEBUG 16460 --- [delfosti] [           main] org.hibernate.type.BasicTypeRegistry     : Adding type registration java.util.Date -> org.hibernate.type.BasicTypeReference@57f8951a
2024-08-25T10:50:47.279-05:00 DEBUG 16460 --- [delfosti] [           main] org.hibernate.type.BasicTypeRegistry     : Adding type registration calendar -> org.hibernate.type.BasicTypeReference@6c17c0f8
2024-08-25T10:50:47.279-05:00 DEBUG 16460 --- [delfosti] [           main] org.hibernate.type.BasicTypeRegistry     : Adding type registration java.util.Calendar -> org.hibernate.type.BasicTypeReference@6c17c0f8
2024-08-25T10:50:47.279-05:00 DEBUG 16460 --- [delfosti] [           main] org.hibernate.type.BasicTypeRegistry     : Adding type registration java.util.GregorianCalendar -> org.hibernate.type.BasicTypeReference@6c17c0f8
2024-08-25T10:50:47.279-05:00 DEBUG 16460 --- [delfosti] [           main] org.hibernate.type.BasicTypeRegistry     : Adding type registration calendar_date -> org.hibernate.type.BasicTypeReference@260e3837
2024-08-25T10:50:47.279-05:00 DEBUG 16460 --- [delfosti] [           main] org.hibernate.type.BasicTypeRegistry     : Adding type registration calendar_time -> org.hibernate.type.BasicTypeReference@88b76f2
2024-08-25T10:50:47.279-05:00 DEBUG 16460 --- [delfosti] [           main] org.hibernate.type.BasicTypeRegistry     : Adding type registration instant -> org.hibernate.type.BasicTypeReference@1b4872bc
2024-08-25T10:50:47.279-05:00 DEBUG 16460 --- [delfosti] [           main] org.hibernate.type.BasicTypeRegistry     : Adding type registration java.time.Instant -> org.hibernate.type.BasicTypeReference@1b4872bc
2024-08-25T10:50:47.279-05:00 DEBUG 16460 --- [delfosti] [           main] org.hibernate.type.BasicTypeRegistry     : Adding type registration uuid -> org.hibernate.type.BasicTypeReference@498a612d
2024-08-25T10:50:47.279-05:00 DEBUG 16460 --- [delfosti] [           main] org.hibernate.type.BasicTypeRegistry     : Adding type registration java.util.UUID -> org.hibernate.type.BasicTypeReference@498a612d
2024-08-25T10:50:47.279-05:00 DEBUG 16460 --- [delfosti] [           main] org.hibernate.type.BasicTypeRegistry     : Adding type registration pg-uuid -> org.hibernate.type.BasicTypeReference@498a612d
2024-08-25T10:50:47.279-05:00 DEBUG 16460 --- [delfosti] [           main] org.hibernate.type.BasicTypeRegistry     : Adding type registration uuid-binary -> org.hibernate.type.BasicTypeReference@1e1237ab
2024-08-25T10:50:47.279-05:00 DEBUG 16460 --- [delfosti] [           main] org.hibernate.type.BasicTypeRegistry     : Adding type registration uuid-char -> org.hibernate.type.BasicTypeReference@4dfdfe7d
2024-08-25T10:50:47.280-05:00 DEBUG 16460 --- [delfosti] [           main] org.hibernate.type.BasicTypeRegistry     : Adding type registration class -> org.hibernate.type.BasicTypeReference@1578b8ec
2024-08-25T10:50:47.280-05:00 DEBUG 16460 --- [delfosti] [           main] org.hibernate.type.BasicTypeRegistry     : Adding type registration java.lang.Class -> org.hibernate.type.BasicTypeReference@1578b8ec
2024-08-25T10:50:47.280-05:00 DEBUG 16460 --- [delfosti] [           main] org.hibernate.type.BasicTypeRegistry     : Adding type registration currency -> org.hibernate.type.BasicTypeReference@f613067
2024-08-25T10:50:47.280-05:00 DEBUG 16460 --- [delfosti] [           main] org.hibernate.type.BasicTypeRegistry     : Adding type registration Currency -> org.hibernate.type.BasicTypeReference@f613067
2024-08-25T10:50:47.280-05:00 DEBUG 16460 --- [delfosti] [           main] org.hibernate.type.BasicTypeRegistry     : Adding type registration java.util.Currency -> org.hibernate.type.BasicTypeReference@f613067
2024-08-25T10:50:47.280-05:00 DEBUG 16460 --- [delfosti] [           main] org.hibernate.type.BasicTypeRegistry     : Adding type registration locale -> org.hibernate.type.BasicTypeReference@c1e14f
2024-08-25T10:50:47.280-05:00 DEBUG 16460 --- [delfosti] [           main] org.hibernate.type.BasicTypeRegistry     : Adding type registration java.util.Locale -> org.hibernate.type.BasicTypeReference@c1e14f
2024-08-25T10:50:47.280-05:00 DEBUG 16460 --- [delfosti] [           main] org.hibernate.type.BasicTypeRegistry     : Adding type registration serializable -> org.hibernate.type.BasicTypeReference@226de93c
2024-08-25T10:50:47.280-05:00 DEBUG 16460 --- [delfosti] [           main] org.hibernate.type.BasicTypeRegistry     : Adding type registration java.io.Serializable -> org.hibernate.type.BasicTypeReference@226de93c
2024-08-25T10:50:47.280-05:00 DEBUG 16460 --- [delfosti] [           main] org.hibernate.type.BasicTypeRegistry     : Adding type registration timezone -> org.hibernate.type.BasicTypeReference@72028a45
2024-08-25T10:50:47.280-05:00 DEBUG 16460 --- [delfosti] [           main] org.hibernate.type.BasicTypeRegistry     : Adding type registration java.util.TimeZone -> org.hibernate.type.BasicTypeReference@72028a45
2024-08-25T10:50:47.280-05:00 DEBUG 16460 --- [delfosti] [           main] org.hibernate.type.BasicTypeRegistry     : Adding type registration ZoneOffset -> org.hibernate.type.BasicTypeReference@74667e6a
2024-08-25T10:50:47.280-05:00 DEBUG 16460 --- [delfosti] [           main] org.hibernate.type.BasicTypeRegistry     : Adding type registration java.time.ZoneOffset -> org.hibernate.type.BasicTypeReference@74667e6a
2024-08-25T10:50:47.280-05:00 DEBUG 16460 --- [delfosti] [           main] org.hibernate.type.BasicTypeRegistry     : Adding type registration url -> org.hibernate.type.BasicTypeReference@7b222230
2024-08-25T10:50:47.280-05:00 DEBUG 16460 --- [delfosti] [           main] org.hibernate.type.BasicTypeRegistry     : Adding type registration java.net.URL -> org.hibernate.type.BasicTypeReference@7b222230
2024-08-25T10:50:47.281-05:00 DEBUG 16460 --- [delfosti] [           main] org.hibernate.type.BasicTypeRegistry     : Adding type registration vector -> org.hibernate.type.BasicTypeReference@364b1061
2024-08-25T10:50:47.281-05:00 DEBUG 16460 --- [delfosti] [           main] org.hibernate.type.BasicTypeRegistry     : Adding type registration row_version -> org.hibernate.type.BasicTypeReference@50fdf44f
2024-08-25T10:50:47.283-05:00 DEBUG 16460 --- [delfosti] [           main] org.hibernate.type.BasicTypeRegistry     : Adding type registration object -> org.hibernate.type.JavaObjectType@3434a4f0
2024-08-25T10:50:47.283-05:00 DEBUG 16460 --- [delfosti] [           main] org.hibernate.type.BasicTypeRegistry     : Adding type registration java.lang.Object -> org.hibernate.type.JavaObjectType@3434a4f0
2024-08-25T10:50:47.284-05:00 DEBUG 16460 --- [delfosti] [           main] org.hibernate.type.BasicTypeRegistry     : Adding type registration null -> org.hibernate.type.NullType@ce12fbb
2024-08-25T10:50:47.284-05:00 DEBUG 16460 --- [delfosti] [           main] org.hibernate.type.BasicTypeRegistry     : Adding type registration imm_date -> org.hibernate.type.BasicTypeReference@4525e9e8
2024-08-25T10:50:47.284-05:00 DEBUG 16460 --- [delfosti] [           main] org.hibernate.type.BasicTypeRegistry     : Adding type registration imm_time -> org.hibernate.type.BasicTypeReference@443a53df
2024-08-25T10:50:47.284-05:00 DEBUG 16460 --- [delfosti] [           main] org.hibernate.type.BasicTypeRegistry     : Adding type registration imm_timestamp -> org.hibernate.type.BasicTypeReference@6c33da7a
2024-08-25T10:50:47.284-05:00 DEBUG 16460 --- [delfosti] [           main] org.hibernate.type.BasicTypeRegistry     : Adding type registration imm_calendar -> org.hibernate.type.BasicTypeReference@69aabcb0
2024-08-25T10:50:47.284-05:00 DEBUG 16460 --- [delfosti] [           main] org.hibernate.type.BasicTypeRegistry     : Adding type registration imm_calendar_date -> org.hibernate.type.BasicTypeReference@32a72c4
2024-08-25T10:50:47.284-05:00 DEBUG 16460 --- [delfosti] [           main] org.hibernate.type.BasicTypeRegistry     : Adding type registration imm_calendar_time -> org.hibernate.type.BasicTypeReference@15986dd5
2024-08-25T10:50:47.284-05:00 DEBUG 16460 --- [delfosti] [           main] org.hibernate.type.BasicTypeRegistry     : Adding type registration imm_binary -> org.hibernate.type.BasicTypeReference@678a9516
2024-08-25T10:50:47.285-05:00 DEBUG 16460 --- [delfosti] [           main] org.hibernate.type.BasicTypeRegistry     : Adding type registration imm_serializable -> org.hibernate.type.BasicTypeReference@5bf9ea6b
2024-08-25T10:50:47.287-05:00 DEBUG 16460 --- [delfosti] [           main] o.h.boot.internal.BootstrapContextImpl   : Injecting JPA temp ClassLoader [org.springframework.instrument.classloading.SimpleThrowawayClassLoader@7135ce0a] into BootstrapContext; was [null]
2024-08-25T10:50:47.287-05:00 DEBUG 16460 --- [delfosti] [           main] o.h.boot.internal.ClassLoaderAccessImpl  : ClassLoaderAccessImpl#injectTempClassLoader(org.springframework.instrument.classloading.SimpleThrowawayClassLoader@7135ce0a) [was null]
2024-08-25T10:50:47.288-05:00 DEBUG 16460 --- [delfosti] [           main] o.h.boot.internal.BootstrapContextImpl   : Injecting ScanEnvironment [org.hibernate.jpa.boot.internal.StandardJpaScanEnvironmentImpl@5e0c4f21] into BootstrapContext; was [null]
2024-08-25T10:50:47.288-05:00 DEBUG 16460 --- [delfosti] [           main] o.h.boot.internal.BootstrapContextImpl   : Injecting ScanOptions [org.hibernate.boot.archive.scan.internal.StandardScanOptions@2c18a3ea] into BootstrapContext; was [org.hibernate.boot.archive.scan.internal.StandardScanOptions@166c2c17]
2024-08-25T10:50:47.472-05:00  INFO 16460 --- [delfosti] [           main] o.s.o.j.p.SpringPersistenceUnitInfo      : No LoadTimeWeaver setup: ignoring JPA class transformer
2024-08-25T10:50:47.472-05:00 DEBUG 16460 --- [delfosti] [           main] o.h.boot.internal.BootstrapContextImpl   : Injecting JPA temp ClassLoader [null] into BootstrapContext; was [org.springframework.instrument.classloading.SimpleThrowawayClassLoader@7135ce0a]
2024-08-25T10:50:47.472-05:00 DEBUG 16460 --- [delfosti] [           main] o.h.boot.internal.ClassLoaderAccessImpl  : ClassLoaderAccessImpl#injectTempClassLoader(null) [was org.springframework.instrument.classloading.SimpleThrowawayClassLoader@7135ce0a]
2024-08-25T10:50:47.507-05:00  INFO 16460 --- [delfosti] [           main] com.zaxxer.hikari.HikariDataSource       : HikariPool-1 - Starting...
2024-08-25T10:50:48.864-05:00  INFO 16460 --- [delfosti] [           main] com.zaxxer.hikari.pool.HikariPool        : HikariPool-1 - Added connection com.mysql.cj.jdbc.ConnectionImpl@63dc3420
2024-08-25T10:50:48.866-05:00  INFO 16460 --- [delfosti] [           main] com.zaxxer.hikari.HikariDataSource       : HikariPool-1 - Start completed.
2024-08-25T10:50:48.870-05:00 DEBUG 16460 --- [delfosti] [           main] o.h.e.j.e.i.JdbcEnvironmentInitiator     : Database ->
	   name : MySQL
	version : 8.0.35
	  major : 8
	  minor : 0
2024-08-25T10:50:48.870-05:00 DEBUG 16460 --- [delfosti] [           main] o.h.e.j.e.i.JdbcEnvironmentInitiator     : Driver ->
	   name : MySQL Connector/J
	version : mysql-connector-j-8.3.0 (Revision: 805f872a57875f311cb82487efcfb070411a3fa0)
	  major : 8
	  minor : 3
2024-08-25T10:50:48.870-05:00 DEBUG 16460 --- [delfosti] [           main] o.h.e.j.e.i.JdbcEnvironmentInitiator     : JDBC version : 4.2
2024-08-25T10:50:49.075-05:00  WARN 16460 --- [delfosti] [           main] org.hibernate.orm.deprecation            : HHH90000025: MySQLDialect does not need to be specified explicitly using 'hibernate.dialect' (remove the property setting and it will be selected by default)
2024-08-25T10:50:49.076-05:00 DEBUG 16460 --- [delfosti] [           main] org.hibernate.orm.dialect                : HHH035001: Using dialect: org.hibernate.dialect.MySQLDialect, version: 8.0.35
2024-08-25T10:50:49.080-05:00 DEBUG 16460 --- [delfosti] [           main] o.h.e.j.env.spi.IdentifierHelperBuilder  : JDBC driver metadata reported database stores quoted identifiers in more than one case
2024-08-25T10:50:49.081-05:00 DEBUG 16460 --- [delfosti] [           main] o.h.e.j.env.spi.IdentifierHelperBuilder  : IdentifierCaseStrategy for both quoted and unquoted identifiers was set to the same strategy [MIXED]; that will likely lead to problems in schema update and validation if using quoted identifiers
2024-08-25T10:50:49.092-05:00 DEBUG 16460 --- [delfosti] [           main] o.h.t.d.sql.spi.DdlTypeRegistry          : addDescriptor(12, org.hibernate.type.descriptor.sql.internal.CapacityDependentDdlType@350567f1) replaced previous registration(org.hibernate.type.descriptor.sql.internal.CapacityDependentDdlType@1a5b7394)
2024-08-25T10:50:49.092-05:00 DEBUG 16460 --- [delfosti] [           main] o.h.t.d.sql.spi.DdlTypeRegistry          : addDescriptor(-9, org.hibernate.type.descriptor.sql.internal.CapacityDependentDdlType@26f75d9c) replaced previous registration(org.hibernate.type.descriptor.sql.internal.CapacityDependentDdlType@7717b4a0)
2024-08-25T10:50:49.092-05:00 DEBUG 16460 --- [delfosti] [           main] o.h.t.d.sql.spi.DdlTypeRegistry          : addDescriptor(-3, org.hibernate.type.descriptor.sql.internal.CapacityDependentDdlType@69b37f5c) replaced previous registration(org.hibernate.type.descriptor.sql.internal.CapacityDependentDdlType@28b5662d)
2024-08-25T10:50:49.093-05:00 DEBUG 16460 --- [delfosti] [           main] o.h.t.d.sql.spi.DdlTypeRegistry          : addDescriptor(4003, org.hibernate.type.descriptor.sql.internal.DdlTypeImpl@34b2d51a) replaced previous registration(org.hibernate.type.descriptor.sql.internal.DdlTypeImpl@7e4ac598)
2024-08-25T10:50:49.093-05:00 DEBUG 16460 --- [delfosti] [           main] o.h.t.d.sql.spi.DdlTypeRegistry          : addDescriptor(4001, org.hibernate.type.descriptor.sql.internal.DdlTypeImpl@cf10c92) replaced previous registration(org.hibernate.type.descriptor.sql.internal.DdlTypeImpl@f76872f)
2024-08-25T10:50:49.093-05:00 DEBUG 16460 --- [delfosti] [           main] o.h.t.d.sql.spi.DdlTypeRegistry          : addDescriptor(4002, org.hibernate.type.descriptor.sql.internal.DdlTypeImpl@2d4e99de) replaced previous registration(org.hibernate.type.descriptor.sql.internal.DdlTypeImpl@580ffea)
2024-08-25T10:50:49.093-05:00 DEBUG 16460 --- [delfosti] [           main] o.h.t.d.sql.spi.DdlTypeRegistry          : addDescriptor(2004, org.hibernate.type.descriptor.sql.internal.CapacityDependentDdlType@191e654) replaced previous registration(org.hibernate.type.descriptor.sql.internal.DdlTypeImpl@3a6556b6)
2024-08-25T10:50:49.093-05:00 DEBUG 16460 --- [delfosti] [           main] o.h.t.d.sql.spi.DdlTypeRegistry          : addDescriptor(2005, org.hibernate.type.descriptor.sql.internal.CapacityDependentDdlType@63bca84d) replaced previous registration(org.hibernate.type.descriptor.sql.internal.DdlTypeImpl@6141647f)
2024-08-25T10:50:49.093-05:00 DEBUG 16460 --- [delfosti] [           main] o.h.t.d.sql.spi.DdlTypeRegistry          : addDescriptor(2011, org.hibernate.type.descriptor.sql.internal.CapacityDependentDdlType@6f6c8d45) replaced previous registration(org.hibernate.type.descriptor.sql.internal.DdlTypeImpl@7f2ca6f8)
2024-08-25T10:50:49.094-05:00 DEBUG 16460 --- [delfosti] [           main] o.h.t.d.jdbc.spi.JdbcTypeRegistry        : addDescriptor(NCharTypeDescriptor) replaced previous registration(CharTypeDescriptor)
2024-08-25T10:50:49.094-05:00 DEBUG 16460 --- [delfosti] [           main] o.h.t.d.jdbc.spi.JdbcTypeRegistry        : addDescriptor(NVarcharTypeDescriptor) replaced previous registration(VarcharTypeDescriptor)
2024-08-25T10:50:49.094-05:00 DEBUG 16460 --- [delfosti] [           main] o.h.t.d.jdbc.spi.JdbcTypeRegistry        : addDescriptor(LongNVarcharTypeDescriptor) replaced previous registration(LongVarcharTypeDescriptor)
2024-08-25T10:50:49.096-05:00 DEBUG 16460 --- [delfosti] [           main] o.h.t.d.jdbc.spi.JdbcTypeRegistry        : addDescriptor(NClobTypeDescriptor(DEFAULT)) replaced previous registration(ClobTypeDescriptor(DEFAULT))
2024-08-25T10:50:49.096-05:00 DEBUG 16460 --- [delfosti] [           main] o.h.t.d.jdbc.spi.JdbcTypeRegistry        : addDescriptor(2005, ClobTypeDescriptor(STREAM_BINDING)) replaced previous registration(ClobTypeDescriptor(DEFAULT))
2024-08-25T10:50:49.103-05:00 DEBUG 16460 --- [delfosti] [           main] org.hibernate.type.BasicTypeRegistry     : Adding type registration null -> org.hibernate.type.NullType@371cd2fc
2024-08-25T10:50:49.103-05:00 DEBUG 16460 --- [delfosti] [           main] org.hibernate.type.BasicTypeRegistry     : Type registration key [null] overrode previous entry : `org.hibernate.type.NullType@ce12fbb`
2024-08-25T10:50:49.107-05:00 DEBUG 16460 --- [delfosti] [           main] org.hibernate.type.BasicTypeRegistry     : Adding type registration org.hibernate.type.DurationType -> basicType@1(java.time.Duration,3015)
2024-08-25T10:50:49.107-05:00 DEBUG 16460 --- [delfosti] [           main] org.hibernate.type.BasicTypeRegistry     : Adding type registration Duration -> basicType@1(java.time.Duration,3015)
2024-08-25T10:50:49.107-05:00 DEBUG 16460 --- [delfosti] [           main] org.hibernate.type.BasicTypeRegistry     : Adding type registration java.time.Duration -> basicType@1(java.time.Duration,3015)
2024-08-25T10:50:49.109-05:00 DEBUG 16460 --- [delfosti] [           main] org.hibernate.type.BasicTypeRegistry     : Adding type registration org.hibernate.type.OffsetDateTimeType -> basicType@2(java.time.OffsetDateTime,3003)
2024-08-25T10:50:49.109-05:00 DEBUG 16460 --- [delfosti] [           main] org.hibernate.type.BasicTypeRegistry     : Adding type registration OffsetDateTime -> basicType@2(java.time.OffsetDateTime,3003)
2024-08-25T10:50:49.109-05:00 DEBUG 16460 --- [delfosti] [           main] org.hibernate.type.BasicTypeRegistry     : Adding type registration java.time.OffsetDateTime -> basicType@2(java.time.OffsetDateTime,3003)
2024-08-25T10:50:49.109-05:00 DEBUG 16460 --- [delfosti] [           main] org.hibernate.type.BasicTypeRegistry     : Adding type registration org.hibernate.type.ZonedDateTimeType -> basicType@3(java.time.ZonedDateTime,3003)
2024-08-25T10:50:49.109-05:00 DEBUG 16460 --- [delfosti] [           main] org.hibernate.type.BasicTypeRegistry     : Adding type registration ZonedDateTime -> basicType@3(java.time.ZonedDateTime,3003)
2024-08-25T10:50:49.110-05:00 DEBUG 16460 --- [delfosti] [           main] org.hibernate.type.BasicTypeRegistry     : Adding type registration java.time.ZonedDateTime -> basicType@3(java.time.ZonedDateTime,3003)
2024-08-25T10:50:49.110-05:00 DEBUG 16460 --- [delfosti] [           main] org.hibernate.type.BasicTypeRegistry     : Adding type registration org.hibernate.type.OffsetTimeType -> basicType@4(java.time.OffsetTime,3007)
2024-08-25T10:50:49.110-05:00 DEBUG 16460 --- [delfosti] [           main] org.hibernate.type.BasicTypeRegistry     : Adding type registration OffsetTime -> basicType@4(java.time.OffsetTime,3007)
2024-08-25T10:50:49.110-05:00 DEBUG 16460 --- [delfosti] [           main] org.hibernate.type.BasicTypeRegistry     : Adding type registration java.time.OffsetTime -> basicType@4(java.time.OffsetTime,3007)
2024-08-25T10:50:49.111-05:00 DEBUG 16460 --- [delfosti] [           main] o.h.type.spi.TypeConfiguration$Scope     : Scoping TypeConfiguration [org.hibernate.type.spi.TypeConfiguration@47797401] to MetadataBuildingContext [org.hibernate.boot.internal.MetadataBuildingContextRootImpl@702f4124]
2024-08-25T10:50:49.134-05:00 DEBUG 16460 --- [delfosti] [           main] o.h.boot.model.relational.Namespace      : Created database namespace [logicalName=Name{catalog=null, schema=null}, physicalName=Name{catalog=null, schema=null}]
2024-08-25T10:50:49.149-05:00 DEBUG 16460 --- [delfosti] [           main] o.h.boot.model.internal.EntityBinder     : Binding entity from annotated class: com.delfosti.delgosti.model.Movie
2024-08-25T10:50:49.153-05:00 DEBUG 16460 --- [delfosti] [           main] o.h.boot.model.internal.EntityBinder     : Import with entity name Movie
2024-08-25T10:50:49.161-05:00 DEBUG 16460 --- [delfosti] [           main] o.h.boot.model.internal.EntityBinder     : Bind entity com.delfosti.delgosti.model.Movie on table movie
2024-08-25T10:50:49.168-05:00 DEBUG 16460 --- [delfosti] [           main] o.h.boot.model.internal.AnnotatedColumn  : Binding column: AnnotatedDiscriminatorColumn(column='DTYPE')
2024-08-25T10:50:49.177-05:00 DEBUG 16460 --- [delfosti] [           main] o.h.boot.model.internal.AnnotatedColumn  : Binding column: AnnotatedColumn()
2024-08-25T10:50:49.179-05:00 DEBUG 16460 --- [delfosti] [           main] o.h.boot.internal.ClassLoaderAccessImpl  : Not known whether passed class name [com.delfosti.delgosti.model.Movie] is safe
2024-08-25T10:50:49.179-05:00 DEBUG 16460 --- [delfosti] [           main] o.h.boot.internal.ClassLoaderAccessImpl  : No temp ClassLoader provided; using live ClassLoader for loading potentially unsafe class : com.delfosti.delgosti.model.Movie
2024-08-25T10:50:49.181-05:00 DEBUG 16460 --- [delfosti] [           main] o.h.boot.model.internal.PropertyBinder   : MetadataSourceProcessor property id with lazy=false
2024-08-25T10:50:49.184-05:00 DEBUG 16460 --- [delfosti] [           main] o.h.b.m.internal.AbstractPropertyHolder  : Attempting to locate auto-apply AttributeConverter for property [com.delfosti.delgosti.model.Movie:id]
2024-08-25T10:50:49.186-05:00 DEBUG 16460 --- [delfosti] [           main] o.h.b.model.internal.BasicValueBinder    : building BasicValue for id
2024-08-25T10:50:49.188-05:00 DEBUG 16460 --- [delfosti] [           main] org.hibernate.mapping.BasicValue         : Skipping column re-registration: movie.id
2024-08-25T10:50:49.189-05:00 DEBUG 16460 --- [delfosti] [           main] o.h.boot.model.internal.PropertyBinder   : Building property id
2024-08-25T10:50:49.191-05:00 DEBUG 16460 --- [delfosti] [           main] o.h.boot.model.internal.BinderHelper     : #makeIdGenerator(BasicValue([Column(id)]), id, identity, , ...)
2024-08-25T10:50:49.193-05:00 DEBUG 16460 --- [delfosti] [           main] o.h.boot.model.internal.AnnotatedColumn  : Binding column: AnnotatedColumn()
2024-08-25T10:50:49.194-05:00 DEBUG 16460 --- [delfosti] [           main] o.h.boot.model.internal.PropertyBinder   : MetadataSourceProcessor property description with lazy=false
2024-08-25T10:50:49.194-05:00 DEBUG 16460 --- [delfosti] [           main] o.h.b.m.internal.AbstractPropertyHolder  : Attempting to locate auto-apply AttributeConverter for property [com.delfosti.delgosti.model.Movie:description]
2024-08-25T10:50:49.194-05:00 DEBUG 16460 --- [delfosti] [           main] o.h.b.model.internal.BasicValueBinder    : building BasicValue for description
2024-08-25T10:50:49.194-05:00 DEBUG 16460 --- [delfosti] [           main] org.hibernate.mapping.BasicValue         : Skipping column re-registration: movie.description
2024-08-25T10:50:49.194-05:00 DEBUG 16460 --- [delfosti] [           main] o.h.boot.model.internal.PropertyBinder   : Building property description
2024-08-25T10:50:49.194-05:00 DEBUG 16460 --- [delfosti] [           main] o.h.boot.model.internal.AnnotatedColumn  : Binding column: AnnotatedColumn()
2024-08-25T10:50:49.194-05:00 DEBUG 16460 --- [delfosti] [           main] o.h.boot.model.internal.PropertyBinder   : MetadataSourceProcessor property genre with lazy=false
2024-08-25T10:50:49.194-05:00 DEBUG 16460 --- [delfosti] [           main] o.h.b.m.internal.AbstractPropertyHolder  : Attempting to locate auto-apply AttributeConverter for property [com.delfosti.delgosti.model.Movie:genre]
2024-08-25T10:50:49.194-05:00 DEBUG 16460 --- [delfosti] [           main] o.h.b.model.internal.BasicValueBinder    : building BasicValue for genre
2024-08-25T10:50:49.195-05:00 DEBUG 16460 --- [delfosti] [           main] org.hibernate.mapping.BasicValue         : Skipping column re-registration: movie.genre
2024-08-25T10:50:49.195-05:00 DEBUG 16460 --- [delfosti] [           main] o.h.boot.model.internal.PropertyBinder   : Building property genre
2024-08-25T10:50:49.195-05:00 DEBUG 16460 --- [delfosti] [           main] o.h.boot.model.internal.AnnotatedColumn  : Binding column: AnnotatedColumn()
2024-08-25T10:50:49.195-05:00 DEBUG 16460 --- [delfosti] [           main] o.h.boot.model.internal.PropertyBinder   : MetadataSourceProcessor property title with lazy=false
2024-08-25T10:50:49.195-05:00 DEBUG 16460 --- [delfosti] [           main] o.h.b.m.internal.AbstractPropertyHolder  : Attempting to locate auto-apply AttributeConverter for property [com.delfosti.delgosti.model.Movie:title]
2024-08-25T10:50:49.195-05:00 DEBUG 16460 --- [delfosti] [           main] o.h.b.model.internal.BasicValueBinder    : building BasicValue for title
2024-08-25T10:50:49.195-05:00 DEBUG 16460 --- [delfosti] [           main] org.hibernate.mapping.BasicValue         : Skipping column re-registration: movie.title
2024-08-25T10:50:49.195-05:00 DEBUG 16460 --- [delfosti] [           main] o.h.boot.model.internal.PropertyBinder   : Building property title
2024-08-25T10:50:49.197-05:00 DEBUG 16460 --- [delfosti] [           main] o.h.b.r.c.i.ClassLoaderServiceImpl       : HHH000194: Package not found or no package-info.java: com.delfosti.delgosti.model
2024-08-25T10:50:49.201-05:00 DEBUG 16460 --- [delfosti] [           main] o.h.b.model.internal.BasicValueBinder    : Starting `BasicValueBinder#fillSimpleValue` for id
2024-08-25T10:50:49.202-05:00 DEBUG 16460 --- [delfosti] [           main] o.h.b.model.internal.BasicValueBinder    : Starting `BasicValueBinder#fillSimpleValue` for description
2024-08-25T10:50:49.202-05:00 DEBUG 16460 --- [delfosti] [           main] o.h.b.model.internal.BasicValueBinder    : Starting `BasicValueBinder#fillSimpleValue` for genre
2024-08-25T10:50:49.202-05:00 DEBUG 16460 --- [delfosti] [           main] o.h.b.model.internal.BasicValueBinder    : Starting `BasicValueBinder#fillSimpleValue` for title
2024-08-25T10:50:49.204-05:00 DEBUG 16460 --- [delfosti] [           main] org.hibernate.mapping.PrimaryKey         : Forcing column [id] to be non-null as it is part of the primary key for table [movie]
2024-08-25T10:50:49.241-05:00 DEBUG 16460 --- [delfosti] [           main] o.hibernate.internal.SessionFactoryImpl  : Building session factory
2024-08-25T10:50:49.266-05:00 DEBUG 16460 --- [delfosti] [           main] .h.s.i.SessionFactoryServiceRegistryImpl : EventListenerRegistry access via ServiceRegistry is deprecated.  Use `sessionFactory.getEventEngine().getListenerRegistry()` instead
2024-08-25T10:50:49.267-05:00 DEBUG 16460 --- [delfosti] [           main] o.hibernate.internal.SessionFactoryImpl  : Instantiating SessionFactory with settings: {java.specification.version=17, sun.cpu.isalist=amd64, hibernate.resource.beans.container=org.springframework.orm.hibernate5.SpringBeanContainer@69e36fe3, hibernate.connection.handling_mode=DELAYED_ACQUISITION_AND_HOLD, sun.jnu.encoding=Cp1252, hibernate.dialect=org.hibernate.dialect.MySQLDialect, hibernate.implicit_naming_strategy=org.springframework.boot.orm.jpa.hibernate.SpringImplicitNamingStrategy, java.class.path=D:\Delfosti\frank-salazar\repository-delfosti-aws-prueba\target\test-classes;D:\Delfosti\frank-salazar\repository-delfosti-aws-prueba\target\classes;C:\Users\salaz\.m2\repository\org\springframework\boot\spring-boot-starter-data-jpa\3.3.3\spring-boot-starter-data-jpa-3.3.3.jar;C:\Users\salaz\.m2\repository\org\springframework\boot\spring-boot-starter-aop\3.3.3\spring-boot-starter-aop-3.3.3.jar;C:\Users\salaz\.m2\repository\org\springframework\spring-aop\6.1.12\spring-aop-6.1.12.jar;C:\Users\salaz\.m2\repository\org\aspectj\aspectjweaver\1.9.22.1\aspectjweaver-1.9.22.1.jar;C:\Users\salaz\.m2\repository\org\springframework\boot\spring-boot-starter-jdbc\3.3.3\spring-boot-starter-jdbc-3.3.3.jar;C:\Users\salaz\.m2\repository\com\zaxxer\HikariCP\5.1.0\HikariCP-5.1.0.jar;C:\Users\salaz\.m2\repository\org\springframework\spring-jdbc\6.1.12\spring-jdbc-6.1.12.jar;C:\Users\salaz\.m2\repository\org\hibernate\orm\hibernate-core\6.5.2.Final\hibernate-core-6.5.2.Final.jar;C:\Users\salaz\.m2\repository\jakarta\persistence\jakarta.persistence-api\3.1.0\jakarta.persistence-api-3.1.0.jar;C:\Users\salaz\.m2\repository\jakarta\transaction\jakarta.transaction-api\2.0.1\jakarta.transaction-api-2.0.1.jar;C:\Users\salaz\.m2\repository\org\jboss\logging\jboss-logging\3.5.3.Final\jboss-logging-3.5.3.Final.jar;C:\Users\salaz\.m2\repository\org\hibernate\common\hibernate-commons-annotations\6.0.6.Final\hibernate-commons-annotations-6.0.6.Final.jar;C:\Users\salaz\.m2\repository\io\smallrye\jandex\3.1.2\jandex-3.1.2.jar;C:\Users\salaz\.m2\repository\com\fasterxml\classmate\1.7.0\classmate-1.7.0.jar;C:\Users\salaz\.m2\repository\net\bytebuddy\byte-buddy\1.14.19\byte-buddy-1.14.19.jar;C:\Users\salaz\.m2\repository\org\glassfish\jaxb\jaxb-runtime\4.0.5\jaxb-runtime-4.0.5.jar;C:\Users\salaz\.m2\repository\org\glassfish\jaxb\jaxb-core\4.0.5\jaxb-core-4.0.5.jar;C:\Users\salaz\.m2\repository\org\eclipse\angus\angus-activation\2.0.2\angus-activation-2.0.2.jar;C:\Users\salaz\.m2\repository\org\glassfish\jaxb\txw2\4.0.5\txw2-4.0.5.jar;C:\Users\salaz\.m2\repository\com\sun\istack\istack-commons-runtime\4.1.2\istack-commons-runtime-4.1.2.jar;C:\Users\salaz\.m2\repository\jakarta\inject\jakarta.inject-api\2.0.1\jakarta.inject-api-2.0.1.jar;C:\Users\salaz\.m2\repository\org\antlr\antlr4-runtime\4.13.0\antlr4-runtime-4.13.0.jar;C:\Users\salaz\.m2\repository\org\springframework\data\spring-data-jpa\3.3.3\spring-data-jpa-3.3.3.jar;C:\Users\salaz\.m2\repository\org\springframework\data\spring-data-commons\3.3.3\spring-data-commons-3.3.3.jar;C:\Users\salaz\.m2\repository\org\springframework\spring-orm\6.1.12\spring-orm-6.1.12.jar;C:\Users\salaz\.m2\repository\org\springframework\spring-context\6.1.12\spring-context-6.1.12.jar;C:\Users\salaz\.m2\repository\org\springframework\spring-tx\6.1.12\spring-tx-6.1.12.jar;C:\Users\salaz\.m2\repository\org\springframework\spring-beans\6.1.12\spring-beans-6.1.12.jar;C:\Users\salaz\.m2\repository\jakarta\annotation\jakarta.annotation-api\2.1.1\jakarta.annotation-api-2.1.1.jar;C:\Users\salaz\.m2\repository\org\slf4j\slf4j-api\2.0.16\slf4j-api-2.0.16.jar;C:\Users\salaz\.m2\repository\org\springframework\spring-aspects\6.1.12\spring-aspects-6.1.12.jar;C:\Users\salaz\.m2\repository\org\springframework\boot\spring-boot-starter-web\3.3.3\spring-boot-starter-web-3.3.3.jar;C:\Users\salaz\.m2\repository\org\springframework\boot\spring-boot-starter\3.3.3\spring-boot-starter-3.3.3.jar;C:\Users\salaz\.m2\repository\org\springframework\boot\spring-boot\3.3.3\spring-boot-3.3.3.jar;C:\Users\salaz\.m2\repository\org\springframework\boot\spring-boot-autoconfigure\3.3.3\spring-boot-autoconfigure-3.3.3.jar;C:\Users\salaz\.m2\repository\org\springframework\boot\spring-boot-starter-logging\3.3.3\spring-boot-starter-logging-3.3.3.jar;C:\Users\salaz\.m2\repository\ch\qos\logback\logback-classic\1.5.7\logback-classic-1.5.7.jar;C:\Users\salaz\.m2\repository\ch\qos\logback\logback-core\1.5.7\logback-core-1.5.7.jar;C:\Users\salaz\.m2\repository\org\apache\logging\log4j\log4j-to-slf4j\2.23.1\log4j-to-slf4j-2.23.1.jar;C:\Users\salaz\.m2\repository\org\apache\logging\log4j\log4j-api\2.23.1\log4j-api-2.23.1.jar;C:\Users\salaz\.m2\repository\org\slf4j\jul-to-slf4j\2.0.16\jul-to-slf4j-2.0.16.jar;C:\Users\salaz\.m2\repository\org\yaml\snakeyaml\2.2\snakeyaml-2.2.jar;C:\Users\salaz\.m2\repository\org\springframework\boot\spring-boot-starter-json\3.3.3\spring-boot-starter-json-3.3.3.jar;C:\Users\salaz\.m2\repository\com\fasterxml\jackson\core\jackson-databind\2.17.2\jackson-databind-2.17.2.jar;C:\Users\salaz\.m2\repository\com\fasterxml\jackson\core\jackson-annotations\2.17.2\jackson-annotations-2.17.2.jar;C:\Users\salaz\.m2\repository\com\fasterxml\jackson\core\jackson-core\2.17.2\jackson-core-2.17.2.jar;C:\Users\salaz\.m2\repository\com\fasterxml\jackson\datatype\jackson-datatype-jdk8\2.17.2\jackson-datatype-jdk8-2.17.2.jar;C:\Users\salaz\.m2\repository\com\fasterxml\jackson\datatype\jackson-datatype-jsr310\2.17.2\jackson-datatype-jsr310-2.17.2.jar;C:\Users\salaz\.m2\repository\com\fasterxml\jackson\module\jackson-module-parameter-names\2.17.2\jackson-module-parameter-names-2.17.2.jar;C:\Users\salaz\.m2\repository\org\springframework\boot\spring-boot-starter-tomcat\3.3.3\spring-boot-starter-tomcat-3.3.3.jar;C:\Users\salaz\.m2\repository\org\apache\tomcat\embed\tomcat-embed-core\10.1.28\tomcat-embed-core-10.1.28.jar;C:\Users\salaz\.m2\repository\org\apache\tomcat\embed\tomcat-embed-el\10.1.28\tomcat-embed-el-10.1.28.jar;C:\Users\salaz\.m2\repository\org\apache\tomcat\embed\tomcat-embed-websocket\10.1.28\tomcat-embed-websocket-10.1.28.jar;C:\Users\salaz\.m2\repository\org\springframework\spring-web\6.1.12\spring-web-6.1.12.jar;C:\Users\salaz\.m2\repository\io\micrometer\micrometer-observation\1.13.3\micrometer-observation-1.13.3.jar;C:\Users\salaz\.m2\repository\io\micrometer\micrometer-commons\1.13.3\micrometer-commons-1.13.3.jar;C:\Users\salaz\.m2\repository\org\springframework\spring-webmvc\6.1.12\spring-webmvc-6.1.12.jar;C:\Users\salaz\.m2\repository\org\springframework\spring-expression\6.1.12\spring-expression-6.1.12.jar;C:\Users\salaz\.m2\repository\com\mysql\mysql-connector-j\8.3.0\mysql-connector-j-8.3.0.jar;C:\Users\salaz\.m2\repository\org\projectlombok\lombok\1.18.34\lombok-1.18.34.jar;C:\Users\salaz\.m2\repository\org\springframework\boot\spring-boot-starter-test\3.3.3\spring-boot-starter-test-3.3.3.jar;C:\Users\salaz\.m2\repository\org\springframework\boot\spring-boot-test\3.3.3\spring-boot-test-3.3.3.jar;C:\Users\salaz\.m2\repository\org\springframework\boot\spring-boot-test-autoconfigure\3.3.3\spring-boot-test-autoconfigure-3.3.3.jar;C:\Users\salaz\.m2\repository\com\jayway\jsonpath\json-path\2.9.0\json-path-2.9.0.jar;C:\Users\salaz\.m2\repository\jakarta\xml\bind\jakarta.xml.bind-api\4.0.2\jakarta.xml.bind-api-4.0.2.jar;C:\Users\salaz\.m2\repository\jakarta\activation\jakarta.activation-api\2.1.3\jakarta.activation-api-2.1.3.jar;C:\Users\salaz\.m2\repository\net\minidev\json-smart\2.5.1\json-smart-2.5.1.jar;C:\Users\salaz\.m2\repository\net\minidev\accessors-smart\2.5.1\accessors-smart-2.5.1.jar;C:\Users\salaz\.m2\repository\org\ow2\asm\asm\9.6\asm-9.6.jar;C:\Users\salaz\.m2\repository\org\assertj\assertj-core\3.25.3\assertj-core-3.25.3.jar;C:\Users\salaz\.m2\repository\org\awaitility\awaitility\4.2.2\awaitility-4.2.2.jar;C:\Users\salaz\.m2\repository\org\hamcrest\hamcrest\2.2\hamcrest-2.2.jar;C:\Users\salaz\.m2\repository\org\junit\jupiter\junit-jupiter\5.10.3\junit-jupiter-5.10.3.jar;C:\Users\salaz\.m2\repository\org\junit\jupiter\junit-jupiter-api\5.10.3\junit-jupiter-api-5.10.3.jar;C:\Users\salaz\.m2\repository\org\opentest4j\opentest4j\1.3.0\opentest4j-1.3.0.jar;C:\Users\salaz\.m2\repository\org\junit\platform\junit-platform-commons\1.10.3\junit-platform-commons-1.10.3.jar;C:\Users\salaz\.m2\repository\org\apiguardian\apiguardian-api\1.1.2\apiguardian-api-1.1.2.jar;C:\Users\salaz\.m2\repository\org\junit\jupiter\junit-jupiter-params\5.10.3\junit-jupiter-params-5.10.3.jar;C:\Users\salaz\.m2\repository\org\junit\jupiter\junit-jupiter-engine\5.10.3\junit-jupiter-engine-5.10.3.jar;C:\Users\salaz\.m2\repository\org\junit\platform\junit-platform-engine\1.10.3\junit-platform-engine-1.10.3.jar;C:\Users\salaz\.m2\repository\org\mockito\mockito-core\5.11.0\mockito-core-5.11.0.jar;C:\Users\salaz\.m2\repository\net\bytebuddy\byte-buddy-agent\1.14.19\byte-buddy-agent-1.14.19.jar;C:\Users\salaz\.m2\repository\org\objenesis\objenesis\3.3\objenesis-3.3.jar;C:\Users\salaz\.m2\repository\org\mockito\mockito-junit-jupiter\5.11.0\mockito-junit-jupiter-5.11.0.jar;C:\Users\salaz\.m2\repository\org\skyscreamer\jsonassert\1.5.3\jsonassert-1.5.3.jar;C:\Users\salaz\.m2\repository\com\vaadin\external\google\android-json\0.0.20131108.vaadin1\android-json-0.0.20131108.vaadin1.jar;C:\Users\salaz\.m2\repository\org\springframework\spring-core\6.1.12\spring-core-6.1.12.jar;C:\Users\salaz\.m2\repository\org\springframework\spring-jcl\6.1.12\spring-jcl-6.1.12.jar;C:\Users\salaz\.m2\repository\org\springframework\spring-test\6.1.12\spring-test-6.1.12.jar;C:\Users\salaz\.m2\repository\org\xmlunit\xmlunit-core\2.9.1\xmlunit-core-2.9.1.jar;, java.vm.vendor=Eclipse Adoptium, sun.arch.data.model=64, user.variant=, java.vendor.url=https://adoptium.net/, user.timezone=America/Lima, jakarta.persistence.sharedCache.mode=UNSPECIFIED, org.jboss.logging.provider=slf4j, java.vm.specification.version=17, os.name=Windows 11, jakarta.persistence.nonJtaDataSource=HikariDataSource (HikariPool-1), sun.java.launcher=SUN_STANDARD, user.country=PE, sun.boot.library.path=C:\Users\salaz\.jdks\temurin-17.0.8\bin, sun.java.command=C:\Users\salaz\AppData\Local\Temp\surefire10280440749158453372\surefirebooter-20240825105045175_3.jar C:\Users\salaz\AppData\Local\Temp\surefire10280440749158453372 2024-08-25T10-50-45_076-jvmRun1 surefire-20240825105045175_1tmp surefire_0-20240825105045175_2tmp, javax.persistence.nonJtaDataSource=HikariDataSource (HikariPool-1), hibernate.transaction.jta.platform=org.hibernate.engine.transaction.jta.platform.internal.NoJtaPlatform@48d31d25, jdk.debug=release, surefire.test.class.path=D:\Delfosti\frank-salazar\repository-delfosti-aws-prueba\target\test-classes;D:\Delfosti\frank-salazar\repository-delfosti-aws-prueba\target\classes;C:\Users\salaz\.m2\repository\org\springframework\boot\spring-boot-starter-data-jpa\3.3.3\spring-boot-starter-data-jpa-3.3.3.jar;C:\Users\salaz\.m2\repository\org\springframework\boot\spring-boot-starter-aop\3.3.3\spring-boot-starter-aop-3.3.3.jar;C:\Users\salaz\.m2\repository\org\springframework\spring-aop\6.1.12\spring-aop-6.1.12.jar;C:\Users\salaz\.m2\repository\org\aspectj\aspectjweaver\1.9.22.1\aspectjweaver-1.9.22.1.jar;C:\Users\salaz\.m2\repository\org\springframework\boot\spring-boot-starter-jdbc\3.3.3\spring-boot-starter-jdbc-3.3.3.jar;C:\Users\salaz\.m2\repository\com\zaxxer\HikariCP\5.1.0\HikariCP-5.1.0.jar;C:\Users\salaz\.m2\repository\org\springframework\spring-jdbc\6.1.12\spring-jdbc-6.1.12.jar;C:\Users\salaz\.m2\repository\org\hibernate\orm\hibernate-core\6.5.2.Final\hibernate-core-6.5.2.Final.jar;C:\Users\salaz\.m2\repository\jakarta\persistence\jakarta.persistence-api\3.1.0\jakarta.persistence-api-3.1.0.jar;C:\Users\salaz\.m2\repository\jakarta\transaction\jakarta.transaction-api\2.0.1\jakarta.transaction-api-2.0.1.jar;C:\Users\salaz\.m2\repository\org\jboss\logging\jboss-logging\3.5.3.Final\jboss-logging-3.5.3.Final.jar;C:\Users\salaz\.m2\repository\org\hibernate\common\hibernate-commons-annotations\6.0.6.Final\hibernate-commons-annotations-6.0.6.Final.jar;C:\Users\salaz\.m2\repository\io\smallrye\jandex\3.1.2\jandex-3.1.2.jar;C:\Users\salaz\.m2\repository\com\fasterxml\classmate\1.7.0\classmate-1.7.0.jar;C:\Users\salaz\.m2\repository\net\bytebuddy\byte-buddy\1.14.19\byte-buddy-1.14.19.jar;C:\Users\salaz\.m2\repository\org\glassfish\jaxb\jaxb-runtime\4.0.5\jaxb-runtime-4.0.5.jar;C:\Users\salaz\.m2\repository\org\glassfish\jaxb\jaxb-core\4.0.5\jaxb-core-4.0.5.jar;C:\Users\salaz\.m2\repository\org\eclipse\angus\angus-activation\2.0.2\angus-activation-2.0.2.jar;C:\Users\salaz\.m2\repository\org\glassfish\jaxb\txw2\4.0.5\txw2-4.0.5.jar;C:\Users\salaz\.m2\repository\com\sun\istack\istack-commons-runtime\4.1.2\istack-commons-runtime-4.1.2.jar;C:\Users\salaz\.m2\repository\jakarta\inject\jakarta.inject-api\2.0.1\jakarta.inject-api-2.0.1.jar;C:\Users\salaz\.m2\repository\org\antlr\antlr4-runtime\4.13.0\antlr4-runtime-4.13.0.jar;C:\Users\salaz\.m2\repository\org\springframework\data\spring-data-jpa\3.3.3\spring-data-jpa-3.3.3.jar;C:\Users\salaz\.m2\repository\org\springframework\data\spring-data-commons\3.3.3\spring-data-commons-3.3.3.jar;C:\Users\salaz\.m2\repository\org\springframework\spring-orm\6.1.12\spring-orm-6.1.12.jar;C:\Users\salaz\.m2\repository\org\springframework\spring-context\6.1.12\spring-context-6.1.12.jar;C:\Users\salaz\.m2\repository\org\springframework\spring-tx\6.1.12\spring-tx-6.1.12.jar;C:\Users\salaz\.m2\repository\org\springframework\spring-beans\6.1.12\spring-beans-6.1.12.jar;C:\Users\salaz\.m2\repository\jakarta\annotation\jakarta.annotation-api\2.1.1\jakarta.annotation-api-2.1.1.jar;C:\Users\salaz\.m2\repository\org\slf4j\slf4j-api\2.0.16\slf4j-api-2.0.16.jar;C:\Users\salaz\.m2\repository\org\springframework\spring-aspects\6.1.12\spring-aspects-6.1.12.jar;C:\Users\salaz\.m2\repository\org\springframework\boot\spring-boot-starter-web\3.3.3\spring-boot-starter-web-3.3.3.jar;C:\Users\salaz\.m2\repository\org\springframework\boot\spring-boot-starter\3.3.3\spring-boot-starter-3.3.3.jar;C:\Users\salaz\.m2\repository\org\springframework\boot\spring-boot\3.3.3\spring-boot-3.3.3.jar;C:\Users\salaz\.m2\repository\org\springframework\boot\spring-boot-autoconfigure\3.3.3\spring-boot-autoconfigure-3.3.3.jar;C:\Users\salaz\.m2\repository\org\springframework\boot\spring-boot-starter-logging\3.3.3\spring-boot-starter-logging-3.3.3.jar;C:\Users\salaz\.m2\repository\ch\qos\logback\logback-classic\1.5.7\logback-classic-1.5.7.jar;C:\Users\salaz\.m2\repository\ch\qos\logback\logback-core\1.5.7\logback-core-1.5.7.jar;C:\Users\salaz\.m2\repository\org\apache\logging\log4j\log4j-to-slf4j\2.23.1\log4j-to-slf4j-2.23.1.jar;C:\Users\salaz\.m2\repository\org\apache\logging\log4j\log4j-api\2.23.1\log4j-api-2.23.1.jar;C:\Users\salaz\.m2\repository\org\slf4j\jul-to-slf4j\2.0.16\jul-to-slf4j-2.0.16.jar;C:\Users\salaz\.m2\repository\org\yaml\snakeyaml\2.2\snakeyaml-2.2.jar;C:\Users\salaz\.m2\repository\org\springframework\boot\spring-boot-starter-json\3.3.3\spring-boot-starter-json-3.3.3.jar;C:\Users\salaz\.m2\repository\com\fasterxml\jackson\core\jackson-databind\2.17.2\jackson-databind-2.17.2.jar;C:\Users\salaz\.m2\repository\com\fasterxml\jackson\core\jackson-annotations\2.17.2\jackson-annotations-2.17.2.jar;C:\Users\salaz\.m2\repository\com\fasterxml\jackson\core\jackson-core\2.17.2\jackson-core-2.17.2.jar;C:\Users\salaz\.m2\repository\com\fasterxml\jackson\datatype\jackson-datatype-jdk8\2.17.2\jackson-datatype-jdk8-2.17.2.jar;C:\Users\salaz\.m2\repository\com\fasterxml\jackson\datatype\jackson-datatype-jsr310\2.17.2\jackson-datatype-jsr310-2.17.2.jar;C:\Users\salaz\.m2\repository\com\fasterxml\jackson\module\jackson-module-parameter-names\2.17.2\jackson-module-parameter-names-2.17.2.jar;C:\Users\salaz\.m2\repository\org\springframework\boot\spring-boot-starter-tomcat\3.3.3\spring-boot-starter-tomcat-3.3.3.jar;C:\Users\salaz\.m2\repository\org\apache\tomcat\embed\tomcat-embed-core\10.1.28\tomcat-embed-core-10.1.28.jar;C:\Users\salaz\.m2\repository\org\apache\tomcat\embed\tomcat-embed-el\10.1.28\tomcat-embed-el-10.1.28.jar;C:\Users\salaz\.m2\repository\org\apache\tomcat\embed\tomcat-embed-websocket\10.1.28\tomcat-embed-websocket-10.1.28.jar;C:\Users\salaz\.m2\repository\org\springframework\spring-web\6.1.12\spring-web-6.1.12.jar;C:\Users\salaz\.m2\repository\io\micrometer\micrometer-observation\1.13.3\micrometer-observation-1.13.3.jar;C:\Users\salaz\.m2\repository\io\micrometer\micrometer-commons\1.13.3\micrometer-commons-1.13.3.jar;C:\Users\salaz\.m2\repository\org\springframework\spring-webmvc\6.1.12\spring-webmvc-6.1.12.jar;C:\Users\salaz\.m2\repository\org\springframework\spring-expression\6.1.12\spring-expression-6.1.12.jar;C:\Users\salaz\.m2\repository\com\mysql\mysql-connector-j\8.3.0\mysql-connector-j-8.3.0.jar;C:\Users\salaz\.m2\repository\org\projectlombok\lombok\1.18.34\lombok-1.18.34.jar;C:\Users\salaz\.m2\repository\org\springframework\boot\spring-boot-starter-test\3.3.3\spring-boot-starter-test-3.3.3.jar;C:\Users\salaz\.m2\repository\org\springframework\boot\spring-boot-test\3.3.3\spring-boot-test-3.3.3.jar;C:\Users\salaz\.m2\repository\org\springframework\boot\spring-boot-test-autoconfigure\3.3.3\spring-boot-test-autoconfigure-3.3.3.jar;C:\Users\salaz\.m2\repository\com\jayway\jsonpath\json-path\2.9.0\json-path-2.9.0.jar;C:\Users\salaz\.m2\repository\jakarta\xml\bind\jakarta.xml.bind-api\4.0.2\jakarta.xml.bind-api-4.0.2.jar;C:\Users\salaz\.m2\repository\jakarta\activation\jakarta.activation-api\2.1.3\jakarta.activation-api-2.1.3.jar;C:\Users\salaz\.m2\repository\net\minidev\json-smart\2.5.1\json-smart-2.5.1.jar;C:\Users\salaz\.m2\repository\net\minidev\accessors-smart\2.5.1\accessors-smart-2.5.1.jar;C:\Users\salaz\.m2\repository\org\ow2\asm\asm\9.6\asm-9.6.jar;C:\Users\salaz\.m2\repository\org\assertj\assertj-core\3.25.3\assertj-core-3.25.3.jar;C:\Users\salaz\.m2\repository\org\awaitility\awaitility\4.2.2\awaitility-4.2.2.jar;C:\Users\salaz\.m2\repository\org\hamcrest\hamcrest\2.2\hamcrest-2.2.jar;C:\Users\salaz\.m2\repository\org\junit\jupiter\junit-jupiter\5.10.3\junit-jupiter-5.10.3.jar;C:\Users\salaz\.m2\repository\org\junit\jupiter\junit-jupiter-api\5.10.3\junit-jupiter-api-5.10.3.jar;C:\Users\salaz\.m2\repository\org\opentest4j\opentest4j\1.3.0\opentest4j-1.3.0.jar;C:\Users\salaz\.m2\repository\org\junit\platform\junit-platform-commons\1.10.3\junit-platform-commons-1.10.3.jar;C:\Users\salaz\.m2\repository\org\apiguardian\apiguardian-api\1.1.2\apiguardian-api-1.1.2.jar;C:\Users\salaz\.m2\repository\org\junit\jupiter\junit-jupiter-params\5.10.3\junit-jupiter-params-5.10.3.jar;C:\Users\salaz\.m2\repository\org\junit\jupiter\junit-jupiter-engine\5.10.3\junit-jupiter-engine-5.10.3.jar;C:\Users\salaz\.m2\repository\org\junit\platform\junit-platform-engine\1.10.3\junit-platform-engine-1.10.3.jar;C:\Users\salaz\.m2\repository\org\mockito\mockito-core\5.11.0\mockito-core-5.11.0.jar;C:\Users\salaz\.m2\repository\net\bytebuddy\byte-buddy-agent\1.14.19\byte-buddy-agent-1.14.19.jar;C:\Users\salaz\.m2\repository\org\objenesis\objenesis\3.3\objenesis-3.3.jar;C:\Users\salaz\.m2\repository\org\mockito\mockito-junit-jupiter\5.11.0\mockito-junit-jupiter-5.11.0.jar;C:\Users\salaz\.m2\repository\org\skyscreamer\jsonassert\1.5.3\jsonassert-1.5.3.jar;C:\Users\salaz\.m2\repository\com\vaadin\external\google\android-json\0.0.20131108.vaadin1\android-json-0.0.20131108.vaadin1.jar;C:\Users\salaz\.m2\repository\org\springframework\spring-core\6.1.12\spring-core-6.1.12.jar;C:\Users\salaz\.m2\repository\org\springframework\spring-jcl\6.1.12\spring-jcl-6.1.12.jar;C:\Users\salaz\.m2\repository\org\springframework\spring-test\6.1.12\spring-test-6.1.12.jar;C:\Users\salaz\.m2\repository\org\xmlunit\xmlunit-core\2.9.1\xmlunit-core-2.9.1.jar;, sun.cpu.endian=little, hibernate.cdi.extensions=true, user.home=C:\Users\salaz, user.language=es, java.specification.vendor=Oracle Corporation, java.version.date=2023-07-18, java.home=C:\Users\salaz\.jdks\temurin-17.0.8, file.separator=\, basedir=D:\Delfosti\frank-salazar\repository-delfosti-aws-prueba, java.vm.compressedOopsMode=Zero based, line.separator=
, hibernate.persistenceUnitName=default, java.vm.specification.vendor=Oracle Corporation, java.specification.name=Java Platform API Specification, FILE_LOG_CHARSET=windows-1252, hibernate.transaction.coordinator_class=class org.hibernate.resource.transaction.backend.jdbc.internal.JdbcResourceLocalTransactionCoordinatorBuilderImpl, java.awt.headless=true, surefire.real.class.path=C:\Users\salaz\AppData\Local\Temp\surefire10280440749158453372\surefirebooter-20240825105045175_3.jar, jakarta.persistence.validation.mode=AUTO, hibernate.hbm2ddl.auto=update, user.script=, sun.management.compiler=HotSpot 64-Bit Tiered Compilers, java.runtime.version=17.0.8+7, user.name=salaz, path.separator=;, os.version=10.0, java.runtime.name=OpenJDK Runtime Environment, file.encoding=Cp1252, java.vm.name=OpenJDK 64-Bit Server VM, java.vendor.version=Temurin-17.0.8+7, localRepository=C:\Users\salaz\.m2\repository, java.vendor.url.bug=https://github.com/adoptium/adoptium-support/issues, java.io.tmpdir=C:\Users\salaz\AppData\Local\Temp\, idea.version=2024.2.0.1, java.version=17.0.8, hibernate.physical_naming_strategy=org.hibernate.boot.model.naming.CamelCaseToUnderscoresNamingStrategy, user.dir=D:\Delfosti\frank-salazar\repository-delfosti-aws-prueba, os.arch=amd64, java.vm.specification.name=Java Virtual Machine Specification, PID=16460, sun.os.patch.level=, CONSOLE_LOG_CHARSET=windows-1252, hibernate.boot.CfgXmlAccessService.key=org.hibernate.boot.registry.StandardServiceRegistryBuilder$1@46188a89, native.encoding=Cp1252, java.library.path=C:\Users\salaz\.jdks\temurin-17.0.8\bin;C:\WINDOWS\Sun\Java\bin;C:\WINDOWS\system32;C:\WINDOWS;C:\WINDOWS\system32;C:\WINDOWS;C:\WINDOWS\System32\Wbem;C:\WINDOWS\System32\WindowsPowerShell\v1.0\;C:\WINDOWS\System32\OpenSSH\;C:\Program Files\Git\cmd;C:\Program Files\Java\jdk-17\bin;C:\Users\salaz\.console-ninja\.bin;C:\Users\salaz\AppData\Local\Microsoft\WindowsApps;C:\Program Files\JetBrains\IntelliJ IDEA 2024.2.0.1\bin;C:\Users\salaz\AppData\Local\Programs\Microsoft VS Code\bin;C:\src\flutter\bin;C:\Program Files\Java\jdk-17\bin;;., java.vendor=Eclipse Adoptium, java.vm.info=mixed mode, sharing, java.vm.version=17.0.8+7, sun.io.unicode.encoding=UnicodeLittle, hibernate.archive.scanner=org.hibernate.boot.archive.scan.internal.DisabledScanner, hibernate.connection.datasource=HikariDataSource (HikariPool-1), java.class.version=61.0, LOGGED_APPLICATION_NAME=[delfosti] }
2024-08-25T10:50:49.270-05:00 DEBUG 16460 --- [delfosti] [           main] o.hibernate.internal.SessionFactoryImpl  : Session factory constructed with filter configurations : {}
2024-08-25T10:50:49.294-05:00 DEBUG 16460 --- [delfosti] [           main] o.h.q.sqm.function.SqmFunctionRegistry   : Registered SqmFunctionTemplate [NamedSqmFunctionTemplate(max)] under max; prior registration was null
2024-08-25T10:50:49.294-05:00 DEBUG 16460 --- [delfosti] [           main] o.h.q.sqm.function.SqmFunctionRegistry   : Registered SqmFunctionTemplate [NamedSqmFunctionTemplate(min)] under min; prior registration was null
2024-08-25T10:50:49.295-05:00 DEBUG 16460 --- [delfosti] [           main] o.h.q.sqm.function.SqmFunctionRegistry   : Registered SqmFunctionTemplate [NamedSqmFunctionTemplate(sum)] under sum; prior registration was null
2024-08-25T10:50:49.295-05:00 DEBUG 16460 --- [delfosti] [           main] o.h.q.sqm.function.SqmFunctionRegistry   : Registered SqmFunctionTemplate [NamedSqmFunctionTemplate(avg)] under avg; prior registration was null
2024-08-25T10:50:49.296-05:00 DEBUG 16460 --- [delfosti] [           main] o.h.q.sqm.function.SqmFunctionRegistry   : Registered SqmFunctionTemplate [org.hibernate.dialect.function.CountFunction@407b41e6] under count; prior registration was null
2024-08-25T10:50:49.297-05:00 DEBUG 16460 --- [delfosti] [           main] o.h.q.sqm.function.SqmFunctionRegistry   : Registered SqmFunctionTemplate [org.hibernate.dialect.function.EveryAnyEmulation@1c05097c] under every; prior registration was null
2024-08-25T10:50:49.297-05:00 DEBUG 16460 --- [delfosti] [           main] o.h.q.sqm.function.SqmFunctionRegistry   : Registered SqmFunctionTemplate [org.hibernate.dialect.function.EveryAnyEmulation@562f6681] under any; prior registration was null
2024-08-25T10:50:49.297-05:00 DEBUG 16460 --- [delfosti] [           main] o.h.q.sqm.function.SqmFunctionRegistry   : Registered SqmFunctionTemplate [NamedSqmFunctionTemplate(floor)] under floor; prior registration was null
2024-08-25T10:50:49.297-05:00 DEBUG 16460 --- [delfosti] [           main] o.h.q.sqm.function.SqmFunctionRegistry   : Registered SqmFunctionTemplate [NamedSqmFunctionTemplate(ceiling)] under ceiling; prior registration was null
2024-08-25T10:50:49.298-05:00 DEBUG 16460 --- [delfosti] [           main] o.h.q.sqm.function.SqmFunctionRegistry   : Registered SqmFunctionTemplate [NamedSqmFunctionTemplate(mod)] under mod; prior registration was null
2024-08-25T10:50:49.298-05:00 DEBUG 16460 --- [delfosti] [           main] o.h.q.sqm.function.SqmFunctionRegistry   : Registered SqmFunctionTemplate [NamedSqmFunctionTemplate(abs)] under abs; prior registration was null
2024-08-25T10:50:49.298-05:00 DEBUG 16460 --- [delfosti] [           main] o.h.q.sqm.function.SqmFunctionRegistry   : Registered SqmFunctionTemplate [NamedSqmFunctionTemplate(sign)] under sign; prior registration was null
2024-08-25T10:50:49.298-05:00 DEBUG 16460 --- [delfosti] [           main] o.h.q.sqm.function.SqmFunctionRegistry   : Registered SqmFunctionTemplate [NamedSqmFunctionTemplate(sqrt)] under sqrt; prior registration was null
2024-08-25T10:50:49.298-05:00 DEBUG 16460 --- [delfosti] [           main] o.h.q.sqm.function.SqmFunctionRegistry   : Registered SqmFunctionTemplate [NamedSqmFunctionTemplate(ln)] under ln; prior registration was null
2024-08-25T10:50:49.298-05:00 DEBUG 16460 --- [delfosti] [           main] o.h.q.sqm.function.SqmFunctionRegistry   : Registered SqmFunctionTemplate [NamedSqmFunctionTemplate(exp)] under exp; prior registration was null
2024-08-25T10:50:49.298-05:00 DEBUG 16460 --- [delfosti] [           main] o.h.q.sqm.function.SqmFunctionRegistry   : Registered SqmFunctionTemplate [NamedSqmFunctionTemplate(power)] under power; prior registration was null
2024-08-25T10:50:49.299-05:00 DEBUG 16460 --- [delfosti] [           main] o.h.q.sqm.function.SqmFunctionRegistry   : Registered SqmFunctionTemplate [NamedSqmFunctionTemplate(round)] under round; prior registration was null
2024-08-25T10:50:49.299-05:00 DEBUG 16460 --- [delfosti] [           main] o.h.q.sqm.function.SqmFunctionRegistry   : Registered SqmFunctionTemplate [NamedSqmFunctionTemplate(sin)] under sin; prior registration was null
2024-08-25T10:50:49.299-05:00 DEBUG 16460 --- [delfosti] [           main] o.h.q.sqm.function.SqmFunctionRegistry   : Registered SqmFunctionTemplate [NamedSqmFunctionTemplate(cos)] under cos; prior registration was null
2024-08-25T10:50:49.299-05:00 DEBUG 16460 --- [delfosti] [           main] o.h.q.sqm.function.SqmFunctionRegistry   : Registered SqmFunctionTemplate [NamedSqmFunctionTemplate(tan)] under tan; prior registration was null
2024-08-25T10:50:49.299-05:00 DEBUG 16460 --- [delfosti] [           main] o.h.q.sqm.function.SqmFunctionRegistry   : Registered SqmFunctionTemplate [NamedSqmFunctionTemplate(asin)] under asin; prior registration was null
2024-08-25T10:50:49.299-05:00 DEBUG 16460 --- [delfosti] [           main] o.h.q.sqm.function.SqmFunctionRegistry   : Registered SqmFunctionTemplate [NamedSqmFunctionTemplate(acos)] under acos; prior registration was null
2024-08-25T10:50:49.299-05:00 DEBUG 16460 --- [delfosti] [           main] o.h.q.sqm.function.SqmFunctionRegistry   : Registered SqmFunctionTemplate [NamedSqmFunctionTemplate(atan)] under atan; prior registration was null
[...]
2024-08-25T10:50:49.318-05:00 DEBUG 16460 --- [delfosti] [           main] org.hibernate.HQL_FUNCTIONS              : least(COMPARABLE arg0, COMPARABLE arg1[, arg2[, ...]])
2024-08-25T10:50:49.318-05:00 DEBUG 16460 --- [delfosti] [           main] org.hibernate.HQL_FUNCTIONS              : String left(STRING string, INTEGER length)
2024-08-25T10:50:49.318-05:00 DEBUG 16460 --- [delfosti] [           main] org.hibernate.HQL_FUNCTIONS              : Integer length(STRING_OR_CLOB arg)
2024-08-25T10:50:49.318-05:00 DEBUG 16460 --- [delfosti] [           main] org.hibernate.HQL_FUNCTIONS              : String listagg(STRING arg0, STRING arg1)
2024-08-25T10:50:49.318-05:00 DEBUG 16460 --- [delfosti] [           main] org.hibernate.HQL_FUNCTIONS              : Double ln(NUMERIC arg)
2024-08-25T10:50:49.318-05:00 DEBUG 16460 --- [delfosti] [           main] org.hibernate.HQL_FUNCTIONS              : LocalDate local date
2024-08-25T10:50:49.318-05:00 DEBUG 16460 --- [delfosti] [           main] org.hibernate.HQL_FUNCTIONS              : LocalDateTime local datetime
2024-08-25T10:50:49.318-05:00 DEBUG 16460 --- [delfosti] [           main] org.hibernate.HQL_FUNCTIONS              : LocalTime local time
2024-08-25T10:50:49.318-05:00 DEBUG 16460 --- [delfosti] [           main] org.hibernate.HQL_FUNCTIONS              : LocalDate local_date
2024-08-25T10:50:49.318-05:00 DEBUG 16460 --- [delfosti] [           main] org.hibernate.HQL_FUNCTIONS              : LocalDateTime local_datetime
2024-08-25T10:50:49.318-05:00 DEBUG 16460 --- [delfosti] [           main] org.hibernate.HQL_FUNCTIONS              : LocalTime local_time
2024-08-25T10:50:49.318-05:00 DEBUG 16460 --- [delfosti] [           main] org.hibernate.HQL_FUNCTIONS              : Timestamp localtime
2024-08-25T10:50:49.318-05:00 DEBUG 16460 --- [delfosti] [           main] org.hibernate.HQL_FUNCTIONS              : Timestamp localtimestamp
2024-08-25T10:50:49.318-05:00 DEBUG 16460 --- [delfosti] [           main] org.hibernate.HQL_FUNCTIONS              : Integer locate(STRING pattern, STRING string[, INTEGER start])
2024-08-25T10:50:49.318-05:00 DEBUG 16460 --- [delfosti] [           main] org.hibernate.HQL_FUNCTIONS              : Double log(NUMERIC arg0[, NUMERIC arg1])
2024-08-25T10:50:49.318-05:00 DEBUG 16460 --- [delfosti] [           main] org.hibernate.HQL_FUNCTIONS              : Double log10(NUMERIC arg)
2024-08-25T10:50:49.318-05:00 DEBUG 16460 --- [delfosti] [           main] org.hibernate.HQL_FUNCTIONS              : Double log2(NUMERIC arg)
2024-08-25T10:50:49.318-05:00 DEBUG 16460 --- [delfosti] [           main] org.hibernate.HQL_FUNCTIONS              : String lower(STRING string)
2024-08-25T10:50:49.318-05:00 DEBUG 16460 --- [delfosti] [           main] org.hibernate.HQL_FUNCTIONS              : String lpad(string, length[, padding])
2024-08-25T10:50:49.318-05:00 DEBUG 16460 --- [delfosti] [           main] org.hibernate.HQL_FUNCTIONS              : String ltrim(STRING string[, STRING characters])
2024-08-25T10:50:49.318-05:00 DEBUG 16460 --- [delfosti] [           main] org.hibernate.HQL_FUNCTIONS              : Date makedate(INTEGER year, INTEGER dayofyear)
2024-08-25T10:50:49.318-05:00 DEBUG 16460 --- [delfosti] [           main] org.hibernate.HQL_FUNCTIONS              : Time maketime(INTEGER hour, INTEGER min, INTEGER sec)
2024-08-25T10:50:49.318-05:00 DEBUG 16460 --- [delfosti] [           main] org.hibernate.HQL_FUNCTIONS              : max(COMPARABLE arg)
2024-08-25T10:50:49.318-05:00 DEBUG 16460 --- [delfosti] [           main] org.hibernate.HQL_FUNCTIONS              : String md5(arg)
2024-08-25T10:50:49.318-05:00 DEBUG 16460 --- [delfosti] [           main] org.hibernate.HQL_FUNCTIONS              : Integer microsecond(TIME arg)
2024-08-25T10:50:49.318-05:00 DEBUG 16460 --- [delfosti] [           main] org.hibernate.HQL_FUNCTIONS              : min(COMPARABLE arg)
2024-08-25T10:50:49.318-05:00 DEBUG 16460 --- [delfosti] [           main] org.hibernate.HQL_FUNCTIONS              : Integer minute(TIME arg)
2024-08-25T10:50:49.318-05:00 DEBUG 16460 --- [delfosti] [           main] org.hibernate.HQL_FUNCTIONS              : Integer mod(INTEGER arg0, INTEGER arg1)
2024-08-25T10:50:49.318-05:00 DEBUG 16460 --- [delfosti] [           main] org.hibernate.HQL_FUNCTIONS              : Integer month(DATE arg)
2024-08-25T10:50:49.318-05:00 DEBUG 16460 --- [delfosti] [           main] org.hibernate.HQL_FUNCTIONS              : String monthname(DATE arg)
2024-08-25T10:50:49.318-05:00 DEBUG 16460 --- [delfosti] [           main] org.hibernate.HQL_FUNCTIONS              : Timestamp now()
2024-08-25T10:50:49.318-05:00 DEBUG 16460 --- [delfosti] [           main] org.hibernate.HQL_FUNCTIONS              : nth_valueANY value, INTEGER nth
2024-08-25T10:50:49.318-05:00 DEBUG 16460 --- [delfosti] [           main] org.hibernate.HQL_FUNCTIONS              : nullif(arg0, arg1)
2024-08-25T10:50:49.318-05:00 DEBUG 16460 --- [delfosti] [           main] org.hibernate.HQL_FUNCTIONS              : Integer octet_length(STRING_OR_CLOB arg)
2024-08-25T10:50:49.318-05:00 DEBUG 16460 --- [delfosti] [           main] org.hibernate.HQL_FUNCTIONS              : OffsetDateTime offset datetime
2024-08-25T10:50:49.318-05:00 DEBUG 16460 --- [delfosti] [           main] org.hibernate.HQL_FUNCTIONS              : OffsetDateTime offset_datetime
2024-08-25T10:50:49.318-05:00 DEBUG 16460 --- [delfosti] [           main] org.hibernate.HQL_FUNCTIONS              : String overlay(STRING string placing STRING replacement from INTEGER start[ for INTEGER length])
2024-08-25T10:50:49.318-05:00 DEBUG 16460 --- [delfosti] [           main] org.hibernate.HQL_FUNCTIONS              : String pad(STRING string with INTEGER length {leading|trailing}[ STRING character])
2024-08-25T10:50:49.318-05:00 DEBUG 16460 --- [delfosti] [           main] org.hibernate.HQL_FUNCTIONS              : Double percent_rank([arg0[, ...]])
2024-08-25T10:50:49.319-05:00 DEBUG 16460 --- [delfosti] [           main] org.hibernate.HQL_FUNCTIONS              : Double pi
2024-08-25T10:50:49.319-05:00 DEBUG 16460 --- [delfosti] [           main] org.hibernate.HQL_FUNCTIONS              : Integer position(STRING pattern in STRING string)
2024-08-25T10:50:49.319-05:00 DEBUG 16460 --- [delfosti] [           main] org.hibernate.HQL_FUNCTIONS              : Double power(NUMERIC arg0, NUMERIC arg1)
2024-08-25T10:50:49.319-05:00 DEBUG 16460 --- [delfosti] [           main] org.hibernate.HQL_FUNCTIONS              : Integer quarter(DATE arg)
2024-08-25T10:50:49.319-05:00 DEBUG 16460 --- [delfosti] [           main] org.hibernate.HQL_FUNCTIONS              : Double radians(NUMERIC arg)
2024-08-25T10:50:49.319-05:00 DEBUG 16460 --- [delfosti] [           main] org.hibernate.HQL_FUNCTIONS              : Double rand([INTEGER seed])
2024-08-25T10:50:49.319-05:00 DEBUG 16460 --- [delfosti] [           main] org.hibernate.HQL_FUNCTIONS              : Long rank([arg0[, ...]])
2024-08-25T10:50:49.319-05:00 DEBUG 16460 --- [delfosti] [           main] org.hibernate.HQL_FUNCTIONS              : String repeat(STRING string, INTEGER times)
2024-08-25T10:50:49.319-05:00 DEBUG 16460 --- [delfosti] [           main] org.hibernate.HQL_FUNCTIONS              : String replace(STRING string, STRING pattern, STRING replacement)
2024-08-25T10:50:49.319-05:00 DEBUG 16460 --- [delfosti] [           main] org.hibernate.HQL_FUNCTIONS              : String reverse(STRING arg)
2024-08-25T10:50:49.319-05:00 DEBUG 16460 --- [delfosti] [           main] org.hibernate.HQL_FUNCTIONS              : String right(STRING string, INTEGER length)
2024-08-25T10:50:49.319-05:00 DEBUG 16460 --- [delfosti] [           main] org.hibernate.HQL_FUNCTIONS              : round(NUMERIC number[, INTEGER places])
2024-08-25T10:50:49.319-05:00 DEBUG 16460 --- [delfosti] [           main] org.hibernate.HQL_FUNCTIONS              : Long row_number()
2024-08-25T10:50:49.319-05:00 DEBUG 16460 --- [delfosti] [           main] org.hibernate.HQL_FUNCTIONS              : String rpad(string, length[, padding])
2024-08-25T10:50:49.319-05:00 DEBUG 16460 --- [delfosti] [           main] org.hibernate.HQL_FUNCTIONS              : String rtrim(STRING string[, STRING characters])
2024-08-25T10:50:49.319-05:00 DEBUG 16460 --- [delfosti] [           main] org.hibernate.HQL_FUNCTIONS              : Integer second(TIME arg)
2024-08-25T10:50:49.319-05:00 DEBUG 16460 --- [delfosti] [           main] org.hibernate.HQL_FUNCTIONS              : String sha(arg)
2024-08-25T10:50:49.319-05:00 DEBUG 16460 --- [delfosti] [           main] org.hibernate.HQL_FUNCTIONS              : String sha1(arg)
2024-08-25T10:50:49.319-05:00 DEBUG 16460 --- [delfosti] [           main] org.hibernate.HQL_FUNCTIONS              : String sha2(arg0, arg1)
2024-08-25T10:50:49.319-05:00 DEBUG 16460 --- [delfosti] [           main] org.hibernate.HQL_FUNCTIONS              : Integer sign(NUMERIC arg)
2024-08-25T10:50:49.319-05:00 DEBUG 16460 --- [delfosti] [           main] org.hibernate.HQL_FUNCTIONS              : Double sin(NUMERIC arg)
2024-08-25T10:50:49.319-05:00 DEBUG 16460 --- [delfosti] [           main] org.hibernate.HQL_FUNCTIONS              : Double sinh(NUMERIC arg)
2024-08-25T10:50:49.319-05:00 DEBUG 16460 --- [delfosti] [           main] org.hibernate.HQL_FUNCTIONS              : String soundex(arg)
2024-08-25T10:50:49.319-05:00 DEBUG 16460 --- [delfosti] [           main] org.hibernate.HQL_FUNCTIONS              : String space(INTEGER arg)
2024-08-25T10:50:49.319-05:00 DEBUG 16460 --- [delfosti] [           main] org.hibernate.HQL_FUNCTIONS              : Object sql
2024-08-25T10:50:49.319-05:00 DEBUG 16460 --- [delfosti] [           main] org.hibernate.HQL_FUNCTIONS              : Double sqrt(NUMERIC arg)
2024-08-25T10:50:49.319-05:00 DEBUG 16460 --- [delfosti] [           main] org.hibernate.HQL_FUNCTIONS              : Double stddev(NUMERIC arg)
2024-08-25T10:50:49.319-05:00 DEBUG 16460 --- [delfosti] [           main] org.hibernate.HQL_FUNCTIONS              : Double stddev_pop(NUMERIC arg)
2024-08-25T10:50:49.319-05:00 DEBUG 16460 --- [delfosti] [           main] org.hibernate.HQL_FUNCTIONS              : Double stddev_samp(NUMERIC arg)
2024-08-25T10:50:49.319-05:00 DEBUG 16460 --- [delfosti] [           main] org.hibernate.HQL_FUNCTIONS              : String str(arg)
2024-08-25T10:50:49.319-05:00 DEBUG 16460 --- [delfosti] [           main] org.hibernate.HQL_FUNCTIONS              : subdate(DATE datetime, INTEGER days)
2024-08-25T10:50:49.319-05:00 DEBUG 16460 --- [delfosti] [           main] org.hibernate.HQL_FUNCTIONS              : String substr(STRING string, INTEGER start[, INTEGER length])
2024-08-25T10:50:49.319-05:00 DEBUG 16460 --- [delfosti] [           main] org.hibernate.HQL_FUNCTIONS              : String substring(STRING string{ from|,} INTEGER start[{ for|,} INTEGER length])
2024-08-25T10:50:49.319-05:00 DEBUG 16460 --- [delfosti] [           main] org.hibernate.HQL_FUNCTIONS              : subtime(TIME datetime, TIME time)
2024-08-25T10:50:49.319-05:00 DEBUG 16460 --- [delfosti] [           main] org.hibernate.HQL_FUNCTIONS              : sum(arg)
2024-08-25T10:50:49.319-05:00 DEBUG 16460 --- [delfosti] [           main] org.hibernate.HQL_FUNCTIONS              : Timestamp sysdate()
2024-08-25T10:50:49.319-05:00 DEBUG 16460 --- [delfosti] [           main] org.hibernate.HQL_FUNCTIONS              : Double tan(NUMERIC arg)
2024-08-25T10:50:49.319-05:00 DEBUG 16460 --- [delfosti] [           main] org.hibernate.HQL_FUNCTIONS              : Double tanh(NUMERIC arg)
2024-08-25T10:50:49.319-05:00 DEBUG 16460 --- [delfosti] [           main] org.hibernate.HQL_FUNCTIONS              : String time(arg)
2024-08-25T10:50:49.319-05:00 DEBUG 16460 --- [delfosti] [           main] org.hibernate.HQL_FUNCTIONS              : Timestamp timestamp(arg0[, arg1])
2024-08-25T10:50:49.319-05:00 DEBUG 16460 --- [delfosti] [           main] org.hibernate.HQL_FUNCTIONS              : timestampadd(TEMPORAL_UNIT field, INTEGER magnitude, TEMPORAL datetime)
2024-08-25T10:50:49.319-05:00 DEBUG 16460 --- [delfosti] [           main] org.hibernate.HQL_FUNCTIONS              : Long|Double timestampdiff(TEMPORAL_UNIT field, TEMPORAL start, TEMPORAL end)
2024-08-25T10:50:49.319-05:00 DEBUG 16460 --- [delfosti] [           main] org.hibernate.HQL_FUNCTIONS              : String trim([[{leading|trailing|both} ][STRING arg0 ]from] STRING arg1)
2024-08-25T10:50:49.319-05:00 DEBUG 16460 --- [delfosti] [           main] org.hibernate.HQL_FUNCTIONS              : trunc( ... )
2024-08-25T10:50:49.320-05:00 DEBUG 16460 --- [delfosti] [           main] org.hibernate.HQL_FUNCTIONS              : truncate( ... )
2024-08-25T10:50:49.320-05:00 DEBUG 16460 --- [delfosti] [           main] org.hibernate.HQL_FUNCTIONS              : String upper(STRING string)
2024-08-25T10:50:49.320-05:00 DEBUG 16460 --- [delfosti] [           main] org.hibernate.HQL_FUNCTIONS              : Date utc_date
2024-08-25T10:50:49.320-05:00 DEBUG 16460 --- [delfosti] [           main] org.hibernate.HQL_FUNCTIONS              : Time utc_time
2024-08-25T10:50:49.320-05:00 DEBUG 16460 --- [delfosti] [           main] org.hibernate.HQL_FUNCTIONS              : Timestamp utc_timestamp
2024-08-25T10:50:49.320-05:00 DEBUG 16460 --- [delfosti] [           main] org.hibernate.HQL_FUNCTIONS              : Double var_pop(NUMERIC arg)
2024-08-25T10:50:49.320-05:00 DEBUG 16460 --- [delfosti] [           main] org.hibernate.HQL_FUNCTIONS              : Double var_samp(NUMERIC arg)
2024-08-25T10:50:49.320-05:00 DEBUG 16460 --- [delfosti] [           main] org.hibernate.HQL_FUNCTIONS              : Double variance(NUMERIC arg)
2024-08-25T10:50:49.320-05:00 DEBUG 16460 --- [delfosti] [           main] org.hibernate.HQL_FUNCTIONS              : Integer week(DATE arg)
2024-08-25T10:50:49.320-05:00 DEBUG 16460 --- [delfosti] [           main] org.hibernate.HQL_FUNCTIONS              : Integer year(DATE arg)
2024-08-25T10:50:49.322-05:00 DEBUG 16460 --- [delfosti] [           main] org.hibernate.orm.query.plan.cache       : Starting QueryInterpretationCache(2048)
2024-08-25T10:50:49.387-05:00 DEBUG 16460 --- [delfosti] [           main] .h.s.i.SessionFactoryServiceRegistryImpl : EventListenerRegistry access via ServiceRegistry is deprecated.  Use `sessionFactory.getEventEngine().getListenerRegistry()` instead
2024-08-25T10:50:49.387-05:00 DEBUG 16460 --- [delfosti] [           main] h.e.i.EntityCopyObserverFactoryInitiator : Configured EntityCopyObserver strategy: disallow
2024-08-25T10:50:49.430-05:00 DEBUG 16460 --- [delfosti] [           main] o.h.boot.internal.ClassLoaderAccessImpl  : Not known whether passed class name [com.delfosti.delgosti.model.Movie] is safe
2024-08-25T10:50:49.431-05:00 DEBUG 16460 --- [delfosti] [           main] o.h.boot.internal.ClassLoaderAccessImpl  : No temp ClassLoader provided; using live ClassLoader for loading potentially unsafe class : com.delfosti.delgosti.model.Movie
2024-08-25T10:50:49.541-05:00 DEBUG 16460 --- [delfosti] [           main] o.h.b.i.bytebuddy.BytecodeProviderImpl   : HHH000513: Unable to create the ReflectionOptimizer for [com.delfosti.delgosti.model.Movie]: private accessor [description]
2024-08-25T10:50:49.564-05:00 DEBUG 16460 --- [delfosti] [           main] o.hibernate.orm.model.mapping.creation   : Starting post-init callbacks
2024-08-25T10:50:49.564-05:00 DEBUG 16460 --- [delfosti] [           main] o.hibernate.orm.model.mapping.creation   : Starting PostInitCallbackEntry : Entity(com.delfosti.delgosti.model.Movie) `staticFetchableList` generator
2024-08-25T10:50:49.621-05:00 DEBUG 16460 --- [delfosti] [           main] org.hibernate.orm.sql.ast.create         : Created new SQL alias : m1_0
2024-08-25T10:50:49.622-05:00 DEBUG 16460 --- [delfosti] [           main] org.hibernate.orm.sql.ast.create         : Registration of TableGroup [StandardTableGroup(com.delfosti.delgosti.model.Movie)] with identifierForTableGroup [com.delfosti.delgosti.model.Movie] for NavigablePath [com.delfosti.delgosti.model.Movie] 
2024-08-25T10:50:49.631-05:00 DEBUG 16460 --- [delfosti] [           main] org.hibernate.orm.results.graph.AST      : DomainResult Graph:
 \-EntityResultImpl [com.delfosti.delgosti.model.Movie]
 |  +-BasicFetch [com.delfosti.delgosti.model.Movie.description]
 |  +-BasicFetch [com.delfosti.delgosti.model.Movie.genre]
 |  \-BasicFetch [com.delfosti.delgosti.model.Movie.title]

2024-08-25T10:50:49.633-05:00 DEBUG 16460 --- [delfosti] [           main] org.hibernate.orm.sql.ast.tree           : SQL AST Tree:
    SelectStatement {
      FromClause {
        StandardTableGroup (m1 : com.delfosti.delgosti.model.Movie) {
          primaryTableReference : movie as m1_0
        }
      }
    }

2024-08-25T10:50:49.638-05:00 DEBUG 16460 --- [delfosti] [           main] o.h.p.entity.AbstractEntityPersister     : Static SQL for entity: com.delfosti.delgosti.model.Movie
2024-08-25T10:50:49.638-05:00 DEBUG 16460 --- [delfosti] [           main] o.h.p.entity.AbstractEntityPersister     :  Version select: select id from movie where id=?
2024-08-25T10:50:49.638-05:00 DEBUG 16460 --- [delfosti] [           main] o.h.p.entity.AbstractEntityPersister     :  Insert (0): insert into movie (description,genre,title) values (?,?,?)
2024-08-25T10:50:49.638-05:00 DEBUG 16460 --- [delfosti] [           main] o.h.p.entity.AbstractEntityPersister     :  Update (0): update movie set description=?,genre=?,title=? where id=?
2024-08-25T10:50:49.638-05:00 DEBUG 16460 --- [delfosti] [           main] o.h.p.entity.AbstractEntityPersister     :  Delete (0): delete from movie where id=?
2024-08-25T10:50:49.653-05:00  INFO 16460 --- [delfosti] [           main] o.h.e.t.j.p.i.JtaPlatformInitiator       : HHH000489: No JTA platform available (set 'hibernate.transaction.jta.platform' to enable JTA platform integration)
2024-08-25T10:50:49.653-05:00 DEBUG 16460 --- [delfosti] [           main] o.h.type.spi.TypeConfiguration$Scope     : Scoping TypeConfiguration [org.hibernate.type.spi.TypeConfiguration@47797401] to SessionFactoryImplementor [org.hibernate.internal.SessionFactoryImpl@4468c0ea]
2024-08-25T10:50:49.654-05:00 DEBUG 16460 --- [delfosti] [           main] o.h.query.named.NamedObjectRepository    : Checking 0 named HQL queries
2024-08-25T10:50:49.654-05:00 DEBUG 16460 --- [delfosti] [           main] o.h.query.named.NamedObjectRepository    : Checking 0 named SQL queries
2024-08-25T10:50:49.951-05:00 DEBUG 16460 --- [delfosti] [           main] org.hibernate.mapping.Table              : No alter strings for table : movie
2024-08-25T10:50:49.952-05:00 DEBUG 16460 --- [delfosti] [           main] o.h.internal.SessionFactoryRegistry      : Initializing SessionFactoryRegistry : org.hibernate.internal.SessionFactoryRegistry@2e38d44e
2024-08-25T10:50:49.952-05:00 DEBUG 16460 --- [delfosti] [           main] o.h.internal.SessionFactoryRegistry      : Registering SessionFactory: a8b0ef6c-e39d-4b1b-8391-ea1be366c815 (<unnamed>)
2024-08-25T10:50:49.952-05:00 DEBUG 16460 --- [delfosti] [           main] o.h.internal.SessionFactoryRegistry      : Not binding SessionFactory to JNDI, no JNDI name configured
2024-08-25T10:50:49.952-05:00 DEBUG 16460 --- [delfosti] [           main] o.hibernate.internal.SessionFactoryImpl  : Instantiated SessionFactory
2024-08-25T10:50:49.953-05:00  INFO 16460 --- [delfosti] [           main] j.LocalContainerEntityManagerFactoryBean : Initialized JPA EntityManagerFactory for persistence unit 'default'
2024-08-25T10:50:50.066-05:00 DEBUG 16460 --- [delfosti] [           main] o.h.stat.internal.StatisticsInitiator    : Statistics initialized [enabled=false]
2024-08-25T10:50:50.774-05:00  INFO 16460 --- [delfosti] [           main] c.d.delgosti.DelgostiApplicationTests    : Started DelgostiApplicationTests in 4.763 seconds (process running for 5.519)
]]></system-out>
  </testcase>
</testsuite>