<?xml version="1.0" encoding="UTF-8"?>
<testsuite xmlns:xsi="http://www.w3.org/2001/XMLSchema-instance" xsi:noNamespaceSchemaLocation="https://maven.apache.org/surefire/maven-surefire-plugin/xsd/surefire-test-report-3.0.xsd" version="3.0" name="com.delfosti.delgosti.DelgostiApplicationTests" time="5.566" tests="1" errors="0" skipped="0" failures="0">
  <properties>
[...]
</properties>
  <testcase name="contextLoads" classname="com.delfosti.delgosti.DelgostiApplicationTests" time="0.39">
    <system-out><![CDATA[11:09:50.101 [main] INFO org.springframework.test.context.support.AnnotationConfigContextLoaderUtils -- Could not detect default configuration classes for test class [com.delfosti.delgosti.DelgostiApplicationTests]: DelgostiApplicationTests does not declare any static, non-private, non-final, nested classes annotated with @Configuration.
11:09:50.166 [main] INFO org.springframework.boot.test.context.SpringBootTestContextBootstrapper -- Found @SpringBootConfiguration com.delfosti.delgosti.DelgostiApplication for test class com.delfosti.delgosti.DelgostiApplicationTests

  .   ____          _            __ _ _
 /\\ / ___'_ __ _ _(_)_ __  __ _ \ \ \ \
( ( )\___ | '_ | '_| | '_ \/ _` | \ \ \ \
 \\/  ___)| |_)| | | | | || (_| |  ) ) ) )
  '  |____| .__|_| |_|_| |_\__, | / / / /
 =========|_|==============|___/=/_/_/_/

 :: Spring Boot ::                (v3.3.3)

2024-08-25T11:09:50.485-05:00  INFO 17364 --- [delfosti] [           main] c.d.delgosti.DelgostiApplicationTests    : Starting DelgostiApplicationTests using Java 17.0.8 with PID 17364 (started by salaz in D:\Delfosti\frank-salazar\repository-delfosti-aws-prueba)
2024-08-25T11:09:50.486-05:00  INFO 17364 --- [delfosti] [           main] c.d.delgosti.DelgostiApplicationTests    : No active profile set, falling back to 1 default profile: "default"
2024-08-25T11:09:50.486-05:00 DEBUG 17364 --- [delfosti] [           main] o.s.boot.SpringApplication               : Loading source class com.delfosti.delgosti.DelgostiApplication
2024-08-25T11:09:50.511-05:00 DEBUG 17364 --- [delfosti] [           main] o.s.w.c.s.GenericWebApplicationContext   : Refreshing org.springframework.web.context.support.GenericWebApplicationContext@750fe12e
2024-08-25T11:09:50.522-05:00 DEBUG 17364 --- [delfosti] [           main] o.s.b.f.s.DefaultListableBeanFactory     : Creating shared instance of singleton bean 'org.springframework.context.annotation.internalConfigurationAnnotationProcessor'
2024-08-25T11:09:50.530-05:00 DEBUG 17364 --- [delfosti] [           main] o.s.b.f.s.DefaultListableBeanFactory     : Creating shared instance of singleton bean 'org.springframework.boot.autoconfigure.internalCachingMetadataReaderFactory'
2024-08-25T11:09:50.560-05:00 DEBUG 17364 --- [delfosti] [           main] o.s.c.a.ClassPathBeanDefinitionScanner   : Identified candidate component class: file [D:\Delfosti\frank-salazar\repository-delfosti-aws-prueba\target\classes\com\delfosti\delgosti\controller\movieController.class]
2024-08-25T11:09:50.562-05:00 DEBUG 17364 --- [delfosti] [           main] o.s.c.a.ClassPathBeanDefinitionScanner   : Identified candidate component class: file [D:\Delfosti\frank-salazar\repository-delfosti-aws-prueba\target\classes\com\delfosti\delgosti\service\impl\MovieServiceImpl.class]
2024-08-25T11:09:50.891-05:00  INFO 17364 --- [delfosti] [           main] .s.d.r.c.RepositoryConfigurationDelegate : Bootstrapping Spring Data JPA repositories in DEFAULT mode.
2024-08-25T11:09:50.899-05:00 DEBUG 17364 --- [delfosti] [           main] o.s.b.f.s.DefaultListableBeanFactory     : Creating shared instance of singleton bean 'org.springframework.boot.autoconfigure.AutoConfigurationPackages'
2024-08-25T11:09:50.904-05:00 DEBUG 17364 --- [delfosti] [           main] o.s.b.a.AutoConfigurationPackages        : @EnableAutoConfiguration was declared on a class in the package 'com.delfosti.delgosti'. Automatic @Repository and @Entity scanning is enabled.
2024-08-25T11:09:50.905-05:00 DEBUG 17364 --- [delfosti] [           main] .s.d.r.c.RepositoryConfigurationDelegate : Scanning for JPA repositories in packages com.delfosti.delgosti.
2024-08-25T11:09:50.911-05:00 DEBUG 17364 --- [delfosti] [           main] o.s.d.r.c.RepositoryComponentProvider    : Identified candidate component class: file [D:\Delfosti\frank-salazar\repository-delfosti-aws-prueba\target\classes\com\delfosti\delgosti\repo\IMovieRepo.class]
2024-08-25T11:09:50.938-05:00 DEBUG 17364 --- [delfosti] [           main] ssPathScanningCandidateComponentProvider : Ignored because not a concrete top-level class: file [D:\Delfosti\frank-salazar\repository-delfosti-aws-prueba\target\classes\com\delfosti\delgosti\service\impl\CRUDImpl.class]
2024-08-25T11:09:50.938-05:00 DEBUG 17364 --- [delfosti] [           main] ssPathScanningCandidateComponentProvider : Identified candidate component class: file [D:\Delfosti\frank-salazar\repository-delfosti-aws-prueba\target\classes\com\delfosti\delgosti\service\impl\MovieServiceImpl.class]
2024-08-25T11:09:50.945-05:00  INFO 17364 --- [delfosti] [           main] .s.d.r.c.RepositoryConfigurationDelegate : Finished Spring Data repository scanning in 39 ms. Found 1 JPA repository interface.
2024-08-25T11:09:51.059-05:00 DEBUG 17364 --- [delfosti] [           main] o.s.b.f.s.DefaultListableBeanFactory     : Creating shared instance of singleton bean 'propertySourcesPlaceholderConfigurer'
2024-08-25T11:09:51.062-05:00 DEBUG 17364 --- [delfosti] [           main] o.s.b.f.s.DefaultListableBeanFactory     : Creating shared instance of singleton bean 'org.springframework.boot.test.mock.mockito.MockitoPostProcessor'
2024-08-25T11:09:51.062-05:00 DEBUG 17364 --- [delfosti] [           main] o.s.b.f.s.DefaultListableBeanFactory     : Creating shared instance of singleton bean 'emBeanDefinitionRegistrarPostProcessor'
2024-08-25T11:09:51.063-05:00 DEBUG 17364 --- [delfosti] [           main] o.s.b.f.s.DefaultListableBeanFactory     : Creating shared instance of singleton bean 'org.springframework.boot.sql.init.dependency.DatabaseInitializationDependencyConfigurer$DependsOnDatabaseInitializationPostProcessor'
2024-08-25T11:09:51.091-05:00 DEBUG 17364 --- [delfosti] [           main] o.s.b.f.s.DefaultListableBeanFactory     : Creating shared instance of singleton bean 'org.springframework.context.event.internalEventListenerProcessor'
2024-08-25T11:09:51.092-05:00 DEBUG 17364 --- [delfosti] [           main] o.s.b.f.s.DefaultListableBeanFactory     : Creating shared instance of singleton bean 'preserveErrorControllerTargetClassPostProcessor'
2024-08-25T11:09:51.093-05:00 DEBUG 17364 --- [delfosti] [           main] o.s.b.f.s.DefaultListableBeanFactory     : Creating shared instance of singleton bean 'org.springframework.context.event.internalEventListenerFactory'
2024-08-25T11:09:51.093-05:00 DEBUG 17364 --- [delfosti] [           main] o.s.b.f.s.DefaultListableBeanFactory     : Creating shared instance of singleton bean 'org.springframework.transaction.config.internalTransactionalEventListenerFactory'
2024-08-25T11:09:51.096-05:00 DEBUG 17364 --- [delfosti] [           main] o.s.b.f.s.DefaultListableBeanFactory     : Creating shared instance of singleton bean 'org.springframework.boot.test.mock.mockito.MockitoPostProcessor$SpyPostProcessor'
2024-08-25T11:09:51.098-05:00 DEBUG 17364 --- [delfosti] [           main] o.s.b.f.s.DefaultListableBeanFactory     : Creating shared instance of singleton bean 'org.springframework.context.annotation.internalAutowiredAnnotationProcessor'
2024-08-25T11:09:51.099-05:00 DEBUG 17364 --- [delfosti] [           main] o.s.b.f.s.DefaultListableBeanFactory     : Creating shared instance of singleton bean 'org.springframework.context.annotation.internalCommonAnnotationProcessor'
2024-08-25T11:09:51.102-05:00 DEBUG 17364 --- [delfosti] [           main] o.s.b.f.s.DefaultListableBeanFactory     : Creating shared instance of singleton bean 'org.springframework.context.annotation.internalPersistenceAnnotationProcessor'
2024-08-25T11:09:51.103-05:00 DEBUG 17364 --- [delfosti] [           main] o.s.b.f.s.DefaultListableBeanFactory     : Creating shared instance of singleton bean 'org.springframework.boot.context.properties.ConfigurationPropertiesBindingPostProcessor'
2024-08-25T11:09:51.103-05:00 DEBUG 17364 --- [delfosti] [           main] o.s.b.f.s.DefaultListableBeanFactory     : Creating shared instance of singleton bean 'org.springframework.boot.context.internalConfigurationPropertiesBinder'
2024-08-25T11:09:51.106-05:00 DEBUG 17364 --- [delfosti] [           main] o.s.b.f.s.DefaultListableBeanFactory     : Creating shared instance of singleton bean 'jdbcConnectionDetailsHikariBeanPostProcessor'
2024-08-25T11:09:51.108-05:00 DEBUG 17364 --- [delfosti] [           main] o.s.b.f.s.DefaultListableBeanFactory     : Creating shared instance of singleton bean 'org.springframework.aop.config.internalAutoProxyCreator'
2024-08-25T11:09:51.123-05:00 DEBUG 17364 --- [delfosti] [           main] o.s.b.f.s.DefaultListableBeanFactory     : Creating shared instance of singleton bean 'persistenceExceptionTranslationPostProcessor'
2024-08-25T11:09:51.132-05:00 DEBUG 17364 --- [delfosti] [           main] o.s.b.f.s.DefaultListableBeanFactory     : Autowiring by type from bean name 'persistenceExceptionTranslationPostProcessor' via factory method to bean named 'environment'
2024-08-25T11:09:51.136-05:00 DEBUG 17364 --- [delfosti] [           main] o.s.b.f.s.DefaultListableBeanFactory     : Creating shared instance of singleton bean 'webServerFactoryCustomizerBeanPostProcessor'
2024-08-25T11:09:51.136-05:00 DEBUG 17364 --- [delfosti] [           main] o.s.b.f.s.DefaultListableBeanFactory     : Creating shared instance of singleton bean 'errorPageRegistrarBeanPostProcessor'
2024-08-25T11:09:51.136-05:00 DEBUG 17364 --- [delfosti] [           main] o.s.b.f.s.DefaultListableBeanFactory     : Creating shared instance of singleton bean 'projectingArgumentResolverBeanPostProcessor'
2024-08-25T11:09:51.138-05:00 DEBUG 17364 --- [delfosti] [           main] o.s.b.f.s.DefaultListableBeanFactory     : Creating shared instance of singleton bean 'org.springframework.transaction.config.internalTransactionAdvisor'
2024-08-25T11:09:51.138-05:00 DEBUG 17364 --- [delfosti] [           main] o.s.b.f.s.DefaultListableBeanFactory     : Creating shared instance of singleton bean 'org.springframework.transaction.annotation.ProxyTransactionManagementConfiguration'
2024-08-25T11:09:51.144-05:00 DEBUG 17364 --- [delfosti] [           main] o.s.b.f.s.DefaultListableBeanFactory     : Creating shared instance of singleton bean 'transactionAttributeSource'
2024-08-25T11:09:51.145-05:00 DEBUG 17364 --- [delfosti] [           main] o.s.b.f.s.DefaultListableBeanFactory     : Creating shared instance of singleton bean 'transactionInterceptor'
2024-08-25T11:09:51.146-05:00 DEBUG 17364 --- [delfosti] [           main] o.s.b.f.s.DefaultListableBeanFactory     : Autowiring by type from bean name 'transactionInterceptor' via factory method to bean named 'transactionAttributeSource'
2024-08-25T11:09:51.149-05:00 DEBUG 17364 --- [delfosti] [           main] o.s.b.f.s.DefaultListableBeanFactory     : Autowiring by type from bean name 'org.springframework.transaction.config.internalTransactionAdvisor' via factory method to bean named 'transactionAttributeSource'
2024-08-25T11:09:51.150-05:00 DEBUG 17364 --- [delfosti] [           main] o.s.b.f.s.DefaultListableBeanFactory     : Autowiring by type from bean name 'org.springframework.transaction.config.internalTransactionAdvisor' via factory method to bean named 'transactionInterceptor'
2024-08-25T11:09:51.165-05:00 DEBUG 17364 --- [delfosti] [           main] o.s.u.c.s.UiApplicationContextUtils      : Unable to locate ThemeSource with name 'themeSource': using default [org.springframework.ui.context.support.ResourceBundleThemeSource@18a25bbd]
2024-08-25T11:09:51.168-05:00 DEBUG 17364 --- [delfosti] [           main] o.s.b.f.s.DefaultListableBeanFactory     : Creating shared instance of singleton bean 'dataSourceScriptDatabaseInitializer'
2024-08-25T11:09:51.168-05:00 DEBUG 17364 --- [delfosti] [           main] o.s.b.f.s.DefaultListableBeanFactory     : Creating shared instance of singleton bean 'org.springframework.boot.autoconfigure.sql.init.DataSourceInitializationConfiguration'
2024-08-25T11:09:51.169-05:00 DEBUG 17364 --- [delfosti] [           main] o.s.b.f.s.DefaultListableBeanFactory     : Creating shared instance of singleton bean 'dataSource'
2024-08-25T11:09:51.170-05:00 DEBUG 17364 --- [delfosti] [           main] o.s.b.f.s.DefaultListableBeanFactory     : Creating shared instance of singleton bean 'org.springframework.boot.autoconfigure.jdbc.DataSourceConfiguration$Hikari'
2024-08-25T11:09:51.171-05:00 DEBUG 17364 --- [delfosti] [           main] o.s.b.f.s.DefaultListableBeanFactory     : Creating shared instance of singleton bean 'spring.datasource-org.springframework.boot.autoconfigure.jdbc.DataSourceProperties'
2024-08-25T11:09:51.172-05:00 DEBUG 17364 --- [delfosti] [           main] o.s.b.f.s.DefaultListableBeanFactory     : Creating shared instance of singleton bean 'org.springframework.boot.context.properties.BoundConfigurationProperties'
2024-08-25T11:09:51.191-05:00 DEBUG 17364 --- [delfosti] [           main] o.s.b.f.s.DefaultListableBeanFactory     : Creating shared instance of singleton bean 'jdbcConnectionDetails'
2024-08-25T11:09:51.192-05:00 DEBUG 17364 --- [delfosti] [           main] o.s.b.f.s.DefaultListableBeanFactory     : Creating shared instance of singleton bean 'org.springframework.boot.autoconfigure.jdbc.DataSourceAutoConfiguration$PooledDataSourceConfiguration'
2024-08-25T11:09:51.193-05:00 DEBUG 17364 --- [delfosti] [           main] o.s.b.f.s.DefaultListableBeanFactory     : Autowiring by type from bean name 'jdbcConnectionDetails' via factory method to bean named 'spring.datasource-org.springframework.boot.autoconfigure.jdbc.DataSourceProperties'
2024-08-25T11:09:51.194-05:00 DEBUG 17364 --- [delfosti] [           main] o.s.b.f.s.DefaultListableBeanFactory     : Autowiring by type from bean name 'dataSource' via factory method to bean named 'spring.datasource-org.springframework.boot.autoconfigure.jdbc.DataSourceProperties'
2024-08-25T11:09:51.194-05:00 DEBUG 17364 --- [delfosti] [           main] o.s.b.f.s.DefaultListableBeanFactory     : Autowiring by type from bean name 'dataSource' via factory method to bean named 'jdbcConnectionDetails'
2024-08-25T11:09:51.225-05:00 DEBUG 17364 --- [delfosti] [           main] o.s.b.f.s.DefaultListableBeanFactory     : Creating shared instance of singleton bean 'spring.sql.init-org.springframework.boot.autoconfigure.sql.init.SqlInitializationProperties'
2024-08-25T11:09:51.228-05:00 DEBUG 17364 --- [delfosti] [           main] o.s.b.f.s.DefaultListableBeanFactory     : Autowiring by type from bean name 'dataSourceScriptDatabaseInitializer' via factory method to bean named 'dataSource'
2024-08-25T11:09:51.228-05:00 DEBUG 17364 --- [delfosti] [           main] o.s.b.f.s.DefaultListableBeanFactory     : Autowiring by type from bean name 'dataSourceScriptDatabaseInitializer' via factory method to bean named 'spring.sql.init-org.springframework.boot.autoconfigure.sql.init.SqlInitializationProperties'
2024-08-25T11:09:51.235-05:00 DEBUG 17364 --- [delfosti] [           main] o.s.b.f.s.DefaultListableBeanFactory     : Creating shared instance of singleton bean 'entityManagerFactory'
2024-08-25T11:09:51.236-05:00 DEBUG 17364 --- [delfosti] [           main] o.s.b.f.s.DefaultListableBeanFactory     : Creating shared instance of singleton bean 'org.springframework.boot.autoconfigure.orm.jpa.HibernateJpaConfiguration'
2024-08-25T11:09:51.239-05:00 DEBUG 17364 --- [delfosti] [           main] o.s.b.f.s.DefaultListableBeanFactory     : Creating shared instance of singleton bean 'spring.jpa-org.springframework.boot.autoconfigure.orm.jpa.JpaProperties'
2024-08-25T11:09:51.248-05:00 DEBUG 17364 --- [delfosti] [           main] o.s.b.f.s.DefaultListableBeanFactory     : Creating shared instance of singleton bean 'spring.jpa.hibernate-org.springframework.boot.autoconfigure.orm.jpa.HibernateProperties'
2024-08-25T11:09:51.251-05:00 DEBUG 17364 --- [delfosti] [           main] o.s.b.f.s.DefaultListableBeanFactory     : Autowiring by type from bean name 'org.springframework.boot.autoconfigure.orm.jpa.HibernateJpaConfiguration' via constructor to bean named 'dataSource'
2024-08-25T11:09:51.252-05:00 DEBUG 17364 --- [delfosti] [           main] o.s.b.f.s.DefaultListableBeanFactory     : Autowiring by type from bean name 'org.springframework.boot.autoconfigure.orm.jpa.HibernateJpaConfiguration' via constructor to bean named 'spring.jpa-org.springframework.boot.autoconfigure.orm.jpa.JpaProperties'
2024-08-25T11:09:51.252-05:00 DEBUG 17364 --- [delfosti] [           main] o.s.b.f.s.DefaultListableBeanFactory     : Autowiring by type from bean name 'org.springframework.boot.autoconfigure.orm.jpa.HibernateJpaConfiguration' via constructor to bean named 'org.springframework.beans.factory.support.DefaultListableBeanFactory@16943e88'
2024-08-25T11:09:51.252-05:00 DEBUG 17364 --- [delfosti] [           main] o.s.b.f.s.DefaultListableBeanFactory     : Autowiring by type from bean name 'org.springframework.boot.autoconfigure.orm.jpa.HibernateJpaConfiguration' via constructor to bean named 'spring.jpa.hibernate-org.springframework.boot.autoconfigure.orm.jpa.HibernateProperties'
2024-08-25T11:09:51.254-05:00 DEBUG 17364 --- [delfosti] [           main] o.s.b.f.s.DefaultListableBeanFactory     : Creating shared instance of singleton bean 'hikariPoolDataSourceMetadataProvider'
2024-08-25T11:09:51.255-05:00 DEBUG 17364 --- [delfosti] [           main] o.s.b.f.s.DefaultListableBeanFactory     : Creating shared instance of singleton bean 'org.springframework.boot.autoconfigure.jdbc.metadata.DataSourcePoolMetadataProvidersConfiguration$HikariPoolDataSourceMetadataProviderConfiguration'
2024-08-25T11:09:51.263-05:00 DEBUG 17364 --- [delfosti] [           main] o.s.b.f.s.DefaultListableBeanFactory     : Creating shared instance of singleton bean 'entityManagerFactoryBuilder'
2024-08-25T11:09:51.264-05:00 DEBUG 17364 --- [delfosti] [           main] o.s.b.f.s.DefaultListableBeanFactory     : Creating shared instance of singleton bean 'jpaVendorAdapter'
2024-08-25T11:09:51.283-05:00 DEBUG 17364 --- [delfosti] [           main] o.s.b.f.s.DefaultListableBeanFactory     : Autowiring by type from bean name 'entityManagerFactoryBuilder' via factory method to bean named 'jpaVendorAdapter'
2024-08-25T11:09:51.287-05:00 DEBUG 17364 --- [delfosti] [           main] o.s.b.f.s.DefaultListableBeanFactory     : Creating shared instance of singleton bean 'persistenceManagedTypes'
2024-08-25T11:09:51.288-05:00 DEBUG 17364 --- [delfosti] [           main] o.s.b.f.s.DefaultListableBeanFactory     : Autowiring by type from bean name 'persistenceManagedTypes' via factory method to bean named 'org.springframework.beans.factory.support.DefaultListableBeanFactory@16943e88'
2024-08-25T11:09:51.289-05:00 DEBUG 17364 --- [delfosti] [           main] o.s.b.f.s.DefaultListableBeanFactory     : Autowiring by type from bean name 'persistenceManagedTypes' via factory method to bean named 'org.springframework.web.context.support.GenericWebApplicationContext@750fe12e'
2024-08-25T11:09:51.298-05:00 DEBUG 17364 --- [delfosti] [           main] o.s.b.f.s.DefaultListableBeanFactory     : Autowiring by type from bean name 'entityManagerFactory' via factory method to bean named 'entityManagerFactoryBuilder'
2024-08-25T11:09:51.298-05:00 DEBUG 17364 --- [delfosti] [           main] o.s.b.f.s.DefaultListableBeanFactory     : Autowiring by type from bean name 'entityManagerFactory' via factory method to bean named 'persistenceManagedTypes'
2024-08-25T11:09:51.316-05:00 DEBUG 17364 --- [delfosti] [           main] j.LocalContainerEntityManagerFactoryBean : Building JPA container EntityManagerFactory for persistence unit 'default'
2024-08-25T11:09:51.328-05:00 DEBUG 17364 --- [delfosti] [           main] o.hibernate.jpa.internal.util.LogHelper  : PersistenceUnitInfo [
	name: default
	persistence provider classname: null
	classloader: jdk.internal.loader.ClassLoaders$AppClassLoader@73d16e93
	excludeUnlistedClasses: true
	JTA datasource: null
	Non JTA datasource: HikariDataSource (null)
	Transaction type: RESOURCE_LOCAL
	PU root URL: file:/D:/Delfosti/frank-salazar/repository-delfosti-aws-prueba/target/test-classes/
	Shared Cache Mode: UNSPECIFIED
	Validation Mode: AUTO
	Jar files URLs []
	Managed classes names [
		com.delfosti.delgosti.model.Movie]
	Mapping files names []
	Properties []
2024-08-25T11:09:51.336-05:00 DEBUG 17364 --- [delfosti] [           main] o.h.i.internal.IntegratorServiceImpl     : Adding Integrator [org.hibernate.boot.beanvalidation.BeanValidationIntegrator].
2024-08-25T11:09:51.338-05:00 DEBUG 17364 --- [delfosti] [           main] o.h.i.internal.IntegratorServiceImpl     : Adding Integrator [org.hibernate.cache.internal.CollectionCacheInvalidator].
2024-08-25T11:09:51.365-05:00  INFO 17364 --- [delfosti] [           main] org.hibernate.Version                    : HHH000412: Hibernate ORM core version 6.5.2.Final
2024-08-25T11:09:51.366-05:00 DEBUG 17364 --- [delfosti] [           main] org.hibernate.cfg.Environment            : HHH000206: 'hibernate.properties' not found
2024-08-25T11:09:51.380-05:00 DEBUG 17364 --- [delfosti] [           main] org.hibernate.orm.idgen.factory          : Registering IdentifierGenerator strategy [uuid2] -> [org.hibernate.id.UUIDGenerator]
2024-08-25T11:09:51.380-05:00 DEBUG 17364 --- [delfosti] [           main] org.hibernate.orm.idgen.factory          : Registering IdentifierGenerator strategy [guid] -> [org.hibernate.id.GUIDGenerator]
2024-08-25T11:09:51.381-05:00 DEBUG 17364 --- [delfosti] [           main] org.hibernate.orm.idgen.factory          : Registering IdentifierGenerator strategy [uuid] -> [org.hibernate.id.UUIDHexGenerator]
2024-08-25T11:09:51.381-05:00 DEBUG 17364 --- [delfosti] [           main] org.hibernate.orm.idgen.factory          : Registering IdentifierGenerator strategy [uuid.hex] -> [org.hibernate.id.UUIDHexGenerator]
2024-08-25T11:09:51.381-05:00 DEBUG 17364 --- [delfosti] [           main] org.hibernate.orm.idgen.factory          : Registering IdentifierGenerator strategy [assigned] -> [org.hibernate.id.Assigned]
2024-08-25T11:09:51.382-05:00 DEBUG 17364 --- [delfosti] [           main] org.hibernate.orm.idgen.factory          : Registering IdentifierGenerator strategy [identity] -> [org.hibernate.id.IdentityGenerator]
2024-08-25T11:09:51.382-05:00 DEBUG 17364 --- [delfosti] [           main] org.hibernate.orm.idgen.factory          : Registering IdentifierGenerator strategy [select] -> [org.hibernate.id.SelectGenerator]
2024-08-25T11:09:51.383-05:00 DEBUG 17364 --- [delfosti] [           main] org.hibernate.orm.idgen.factory          : Registering IdentifierGenerator strategy [sequence] -> [org.hibernate.id.enhanced.SequenceStyleGenerator]
2024-08-25T11:09:51.383-05:00 DEBUG 17364 --- [delfosti] [           main] org.hibernate.orm.idgen.factory          : Registering IdentifierGenerator strategy [increment] -> [org.hibernate.id.IncrementGenerator]
2024-08-25T11:09:51.383-05:00 DEBUG 17364 --- [delfosti] [           main] org.hibernate.orm.idgen.factory          : Registering IdentifierGenerator strategy [foreign] -> [org.hibernate.id.ForeignGenerator]
2024-08-25T11:09:51.383-05:00 DEBUG 17364 --- [delfosti] [           main] org.hibernate.orm.idgen.factory          : Registering IdentifierGenerator strategy [enhanced-sequence] -> [org.hibernate.id.enhanced.SequenceStyleGenerator]
2024-08-25T11:09:51.384-05:00 DEBUG 17364 --- [delfosti] [           main] org.hibernate.orm.idgen.factory          : Registering IdentifierGenerator strategy [enhanced-table] -> [org.hibernate.id.enhanced.TableGenerator]
2024-08-25T11:09:51.390-05:00 DEBUG 17364 --- [delfosti] [           main] o.h.c.internal.RegionFactoryInitiator    : Cannot default RegionFactory based on registered strategies as `[]` RegionFactory strategies were registered
2024-08-25T11:09:51.391-05:00  INFO 17364 --- [delfosti] [           main] o.h.c.internal.RegionFactoryInitiator    : HHH000026: Second-level cache disabled
2024-08-25T11:09:51.476-05:00 DEBUG 17364 --- [delfosti] [           main] org.hibernate.type.BasicTypeRegistry     : Adding type registration boolean -> org.hibernate.type.BasicTypeReference@30aec673
2024-08-25T11:09:51.476-05:00 DEBUG 17364 --- [delfosti] [           main] org.hibernate.type.BasicTypeRegistry     : Adding type registration boolean -> org.hibernate.type.BasicTypeReference@30aec673
2024-08-25T11:09:51.476-05:00 DEBUG 17364 --- [delfosti] [           main] org.hibernate.type.BasicTypeRegistry     : Adding type registration java.lang.Boolean -> org.hibernate.type.BasicTypeReference@30aec673
2024-08-25T11:09:51.476-05:00 DEBUG 17364 --- [delfosti] [           main] org.hibernate.type.BasicTypeRegistry     : Adding type registration numeric_boolean -> org.hibernate.type.BasicTypeReference@549ac12c
2024-08-25T11:09:51.476-05:00 DEBUG 17364 --- [delfosti] [           main] org.hibernate.type.BasicTypeRegistry     : Adding type registration org.hibernate.type.NumericBooleanConverter -> org.hibernate.type.BasicTypeReference@549ac12c
2024-08-25T11:09:51.476-05:00 DEBUG 17364 --- [delfosti] [           main] org.hibernate.type.BasicTypeRegistry     : Adding type registration true_false -> org.hibernate.type.BasicTypeReference@188a5fc2
2024-08-25T11:09:51.476-05:00 DEBUG 17364 --- [delfosti] [           main] org.hibernate.type.BasicTypeRegistry     : Adding type registration org.hibernate.type.TrueFalseConverter -> org.hibernate.type.BasicTypeReference@188a5fc2
2024-08-25T11:09:51.476-05:00 DEBUG 17364 --- [delfosti] [           main] org.hibernate.type.BasicTypeRegistry     : Adding type registration yes_no -> org.hibernate.type.BasicTypeReference@1cb9ef52
2024-08-25T11:09:51.476-05:00 DEBUG 17364 --- [delfosti] [           main] org.hibernate.type.BasicTypeRegistry     : Adding type registration org.hibernate.type.YesNoConverter -> org.hibernate.type.BasicTypeReference@1cb9ef52
2024-08-25T11:09:51.476-05:00 DEBUG 17364 --- [delfosti] [           main] org.hibernate.type.BasicTypeRegistry     : Adding type registration byte -> org.hibernate.type.BasicTypeReference@5a622fe8
2024-08-25T11:09:51.476-05:00 DEBUG 17364 --- [delfosti] [           main] org.hibernate.type.BasicTypeRegistry     : Adding type registration byte -> org.hibernate.type.BasicTypeReference@5a622fe8
2024-08-25T11:09:51.478-05:00 DEBUG 17364 --- [delfosti] [           main] org.hibernate.type.BasicTypeRegistry     : Adding type registration java.lang.Byte -> org.hibernate.type.BasicTypeReference@5a622fe8
2024-08-25T11:09:51.478-05:00 DEBUG 17364 --- [delfosti] [           main] org.hibernate.type.BasicTypeRegistry     : Adding type registration binary -> org.hibernate.type.BasicTypeReference@58f31629
2024-08-25T11:09:51.478-05:00 DEBUG 17364 --- [delfosti] [           main] org.hibernate.type.BasicTypeRegistry     : Adding type registration byte[] -> org.hibernate.type.BasicTypeReference@58f31629
2024-08-25T11:09:51.478-05:00 DEBUG 17364 --- [delfosti] [           main] org.hibernate.type.BasicTypeRegistry     : Adding type registration [B -> org.hibernate.type.BasicTypeReference@58f31629
2024-08-25T11:09:51.478-05:00 DEBUG 17364 --- [delfosti] [           main] org.hibernate.type.BasicTypeRegistry     : Adding type registration binary_wrapper -> org.hibernate.type.BasicTypeReference@124d26ba
2024-08-25T11:09:51.478-05:00 DEBUG 17364 --- [delfosti] [           main] org.hibernate.type.BasicTypeRegistry     : Adding type registration wrapper-binary -> org.hibernate.type.BasicTypeReference@124d26ba
2024-08-25T11:09:51.478-05:00 DEBUG 17364 --- [delfosti] [           main] org.hibernate.type.BasicTypeRegistry     : Adding type registration image -> org.hibernate.type.BasicTypeReference@415d88de
2024-08-25T11:09:51.478-05:00 DEBUG 17364 --- [delfosti] [           main] org.hibernate.type.BasicTypeRegistry     : Adding type registration blob -> org.hibernate.type.BasicTypeReference@a0bf272
2024-08-25T11:09:51.478-05:00 DEBUG 17364 --- [delfosti] [           main] org.hibernate.type.BasicTypeRegistry     : Adding type registration java.sql.Blob -> org.hibernate.type.BasicTypeReference@a0bf272
2024-08-25T11:09:51.478-05:00 DEBUG 17364 --- [delfosti] [           main] org.hibernate.type.BasicTypeRegistry     : Adding type registration materialized_blob -> org.hibernate.type.BasicTypeReference@4a89ef44
2024-08-25T11:09:51.478-05:00 DEBUG 17364 --- [delfosti] [           main] org.hibernate.type.BasicTypeRegistry     : Adding type registration materialized_blob_wrapper -> org.hibernate.type.BasicTypeReference@310a7859
2024-08-25T11:09:51.479-05:00 DEBUG 17364 --- [delfosti] [           main] org.hibernate.type.BasicTypeRegistry     : Adding type registration short -> org.hibernate.type.BasicTypeReference@1cbc1dde
2024-08-25T11:09:51.479-05:00 DEBUG 17364 --- [delfosti] [           main] org.hibernate.type.BasicTypeRegistry     : Adding type registration short -> org.hibernate.type.BasicTypeReference@1cbc1dde
2024-08-25T11:09:51.479-05:00 DEBUG 17364 --- [delfosti] [           main] org.hibernate.type.BasicTypeRegistry     : Adding type registration java.lang.Short -> org.hibernate.type.BasicTypeReference@1cbc1dde
2024-08-25T11:09:51.479-05:00 DEBUG 17364 --- [delfosti] [           main] org.hibernate.type.BasicTypeRegistry     : Adding type registration integer -> org.hibernate.type.BasicTypeReference@4971f459
2024-08-25T11:09:51.479-05:00 DEBUG 17364 --- [delfosti] [           main] org.hibernate.type.BasicTypeRegistry     : Adding type registration int -> org.hibernate.type.BasicTypeReference@4971f459
2024-08-25T11:09:51.479-05:00 DEBUG 17364 --- [delfosti] [           main] org.hibernate.type.BasicTypeRegistry     : Adding type registration java.lang.Integer -> org.hibernate.type.BasicTypeReference@4971f459
2024-08-25T11:09:51.479-05:00 DEBUG 17364 --- [delfosti] [           main] org.hibernate.type.BasicTypeRegistry     : Adding type registration long -> org.hibernate.type.BasicTypeReference@4c07d1fc
2024-08-25T11:09:51.479-05:00 DEBUG 17364 --- [delfosti] [           main] org.hibernate.type.BasicTypeRegistry     : Adding type registration long -> org.hibernate.type.BasicTypeReference@4c07d1fc
2024-08-25T11:09:51.479-05:00 DEBUG 17364 --- [delfosti] [           main] org.hibernate.type.BasicTypeRegistry     : Adding type registration java.lang.Long -> org.hibernate.type.BasicTypeReference@4c07d1fc
2024-08-25T11:09:51.479-05:00 DEBUG 17364 --- [delfosti] [           main] org.hibernate.type.BasicTypeRegistry     : Adding type registration float -> org.hibernate.type.BasicTypeReference@2eada095
2024-08-25T11:09:51.479-05:00 DEBUG 17364 --- [delfosti] [           main] org.hibernate.type.BasicTypeRegistry     : Adding type registration float -> org.hibernate.type.BasicTypeReference@2eada095
2024-08-25T11:09:51.479-05:00 DEBUG 17364 --- [delfosti] [           main] org.hibernate.type.BasicTypeRegistry     : Adding type registration java.lang.Float -> org.hibernate.type.BasicTypeReference@2eada095
2024-08-25T11:09:51.479-05:00 DEBUG 17364 --- [delfosti] [           main] org.hibernate.type.BasicTypeRegistry     : Adding type registration double -> org.hibernate.type.BasicTypeReference@52831a73
2024-08-25T11:09:51.479-05:00 DEBUG 17364 --- [delfosti] [           main] org.hibernate.type.BasicTypeRegistry     : Adding type registration double -> org.hibernate.type.BasicTypeReference@52831a73
2024-08-25T11:09:51.480-05:00 DEBUG 17364 --- [delfosti] [           main] org.hibernate.type.BasicTypeRegistry     : Adding type registration java.lang.Double -> org.hibernate.type.BasicTypeReference@52831a73
2024-08-25T11:09:51.480-05:00 DEBUG 17364 --- [delfosti] [           main] org.hibernate.type.BasicTypeRegistry     : Adding type registration big_integer -> org.hibernate.type.BasicTypeReference@1416ff46
2024-08-25T11:09:51.480-05:00 DEBUG 17364 --- [delfosti] [           main] org.hibernate.type.BasicTypeRegistry     : Adding type registration java.math.BigInteger -> org.hibernate.type.BasicTypeReference@1416ff46
2024-08-25T11:09:51.480-05:00 DEBUG 17364 --- [delfosti] [           main] org.hibernate.type.BasicTypeRegistry     : Adding type registration big_decimal -> org.hibernate.type.BasicTypeReference@66ec4409
2024-08-25T11:09:51.480-05:00 DEBUG 17364 --- [delfosti] [           main] org.hibernate.type.BasicTypeRegistry     : Adding type registration java.math.BigDecimal -> org.hibernate.type.BasicTypeReference@66ec4409
2024-08-25T11:09:51.480-05:00 DEBUG 17364 --- [delfosti] [           main] org.hibernate.type.BasicTypeRegistry     : Adding type registration character -> org.hibernate.type.BasicTypeReference@2506e949
2024-08-25T11:09:51.480-05:00 DEBUG 17364 --- [delfosti] [           main] org.hibernate.type.BasicTypeRegistry     : Adding type registration char -> org.hibernate.type.BasicTypeReference@2506e949
2024-08-25T11:09:51.480-05:00 DEBUG 17364 --- [delfosti] [           main] org.hibernate.type.BasicTypeRegistry     : Adding type registration java.lang.Character -> org.hibernate.type.BasicTypeReference@2506e949
2024-08-25T11:09:51.480-05:00 DEBUG 17364 --- [delfosti] [           main] org.hibernate.type.BasicTypeRegistry     : Adding type registration character_nchar -> org.hibernate.type.BasicTypeReference@6f1c3f18
2024-08-25T11:09:51.480-05:00 DEBUG 17364 --- [delfosti] [           main] org.hibernate.type.BasicTypeRegistry     : Adding type registration string -> org.hibernate.type.BasicTypeReference@4c531172
2024-08-25T11:09:51.480-05:00 DEBUG 17364 --- [delfosti] [           main] org.hibernate.type.BasicTypeRegistry     : Adding type registration java.lang.String -> org.hibernate.type.BasicTypeReference@4c531172
2024-08-25T11:09:51.480-05:00 DEBUG 17364 --- [delfosti] [           main] org.hibernate.type.BasicTypeRegistry     : Adding type registration nstring -> org.hibernate.type.BasicTypeReference@489bc8fd
2024-08-25T11:09:51.480-05:00 DEBUG 17364 --- [delfosti] [           main] org.hibernate.type.BasicTypeRegistry     : Adding type registration characters -> org.hibernate.type.BasicTypeReference@5ac53c06
2024-08-25T11:09:51.480-05:00 DEBUG 17364 --- [delfosti] [           main] org.hibernate.type.BasicTypeRegistry     : Adding type registration char[] -> org.hibernate.type.BasicTypeReference@5ac53c06
2024-08-25T11:09:51.480-05:00 DEBUG 17364 --- [delfosti] [           main] org.hibernate.type.BasicTypeRegistry     : Adding type registration [C -> org.hibernate.type.BasicTypeReference@5ac53c06
2024-08-25T11:09:51.480-05:00 DEBUG 17364 --- [delfosti] [           main] org.hibernate.type.BasicTypeRegistry     : Adding type registration wrapper-characters -> org.hibernate.type.BasicTypeReference@54af3cb9
2024-08-25T11:09:51.480-05:00 DEBUG 17364 --- [delfosti] [           main] org.hibernate.type.BasicTypeRegistry     : Adding type registration text -> org.hibernate.type.BasicTypeReference@236fdf
2024-08-25T11:09:51.481-05:00 DEBUG 17364 --- [delfosti] [           main] org.hibernate.type.BasicTypeRegistry     : Adding type registration ntext -> org.hibernate.type.BasicTypeReference@16e99306
2024-08-25T11:09:51.481-05:00 DEBUG 17364 --- [delfosti] [           main] org.hibernate.type.BasicTypeRegistry     : Adding type registration clob -> org.hibernate.type.BasicTypeReference@653fb8d1
2024-08-25T11:09:51.481-05:00 DEBUG 17364 --- [delfosti] [           main] org.hibernate.type.BasicTypeRegistry     : Adding type registration java.sql.Clob -> org.hibernate.type.BasicTypeReference@653fb8d1
2024-08-25T11:09:51.481-05:00 DEBUG 17364 --- [delfosti] [           main] org.hibernate.type.BasicTypeRegistry     : Adding type registration nclob -> org.hibernate.type.BasicTypeReference@48581a3b
2024-08-25T11:09:51.481-05:00 DEBUG 17364 --- [delfosti] [           main] org.hibernate.type.BasicTypeRegistry     : Adding type registration java.sql.NClob -> org.hibernate.type.BasicTypeReference@48581a3b
2024-08-25T11:09:51.481-05:00 DEBUG 17364 --- [delfosti] [           main] org.hibernate.type.BasicTypeRegistry     : Adding type registration materialized_clob -> org.hibernate.type.BasicTypeReference@531ec978
2024-08-25T11:09:51.481-05:00 DEBUG 17364 --- [delfosti] [           main] org.hibernate.type.BasicTypeRegistry     : Adding type registration materialized_clob_char_array -> org.hibernate.type.BasicTypeReference@93501be
2024-08-25T11:09:51.481-05:00 DEBUG 17364 --- [delfosti] [           main] org.hibernate.type.BasicTypeRegistry     : Adding type registration materialized_clob_character_array -> org.hibernate.type.BasicTypeReference@11d4d979
2024-08-25T11:09:51.481-05:00 DEBUG 17364 --- [delfosti] [           main] org.hibernate.type.BasicTypeRegistry     : Adding type registration materialized_nclob -> org.hibernate.type.BasicTypeReference@195580ba
2024-08-25T11:09:51.481-05:00 DEBUG 17364 --- [delfosti] [           main] org.hibernate.type.BasicTypeRegistry     : Adding type registration materialized_nclob_character_array -> org.hibernate.type.BasicTypeReference@3c25cfe1
2024-08-25T11:09:51.481-05:00 DEBUG 17364 --- [delfosti] [           main] org.hibernate.type.BasicTypeRegistry     : Adding type registration materialized_nclob_char_array -> org.hibernate.type.BasicTypeReference@1d3c112a
2024-08-25T11:09:51.481-05:00 DEBUG 17364 --- [delfosti] [           main] org.hibernate.type.BasicTypeRegistry     : Adding type registration Duration -> org.hibernate.type.BasicTypeReference@2a140ce5
2024-08-25T11:09:51.481-05:00 DEBUG 17364 --- [delfosti] [           main] org.hibernate.type.BasicTypeRegistry     : Adding type registration java.time.Duration -> org.hibernate.type.BasicTypeReference@2a140ce5
2024-08-25T11:09:51.481-05:00 DEBUG 17364 --- [delfosti] [           main] org.hibernate.type.BasicTypeRegistry     : Adding type registration LocalDateTime -> org.hibernate.type.BasicTypeReference@1f71194d
2024-08-25T11:09:51.482-05:00 DEBUG 17364 --- [delfosti] [           main] org.hibernate.type.BasicTypeRegistry     : Adding type registration java.time.LocalDateTime -> org.hibernate.type.BasicTypeReference@1f71194d
2024-08-25T11:09:51.482-05:00 DEBUG 17364 --- [delfosti] [           main] org.hibernate.type.BasicTypeRegistry     : Adding type registration LocalDate -> org.hibernate.type.BasicTypeReference@db99785
2024-08-25T11:09:51.482-05:00 DEBUG 17364 --- [delfosti] [           main] org.hibernate.type.BasicTypeRegistry     : Adding type registration java.time.LocalDate -> org.hibernate.type.BasicTypeReference@db99785
2024-08-25T11:09:51.482-05:00 DEBUG 17364 --- [delfosti] [           main] org.hibernate.type.BasicTypeRegistry     : Adding type registration LocalTime -> org.hibernate.type.BasicTypeReference@70716259
2024-08-25T11:09:51.482-05:00 DEBUG 17364 --- [delfosti] [           main] org.hibernate.type.BasicTypeRegistry     : Adding type registration java.time.LocalTime -> org.hibernate.type.BasicTypeReference@70716259
2024-08-25T11:09:51.482-05:00 DEBUG 17364 --- [delfosti] [           main] org.hibernate.type.BasicTypeRegistry     : Adding type registration OffsetDateTime -> org.hibernate.type.BasicTypeReference@7a083b96
2024-08-25T11:09:51.482-05:00 DEBUG 17364 --- [delfosti] [           main] org.hibernate.type.BasicTypeRegistry     : Adding type registration java.time.OffsetDateTime -> org.hibernate.type.BasicTypeReference@7a083b96
2024-08-25T11:09:51.482-05:00 DEBUG 17364 --- [delfosti] [           main] org.hibernate.type.BasicTypeRegistry     : Adding type registration OffsetDateTimeWithTimezone -> org.hibernate.type.BasicTypeReference@6da4feeb
2024-08-25T11:09:51.482-05:00 DEBUG 17364 --- [delfosti] [           main] org.hibernate.type.BasicTypeRegistry     : Adding type registration OffsetDateTimeWithoutTimezone -> org.hibernate.type.BasicTypeReference@2c604965
2024-08-25T11:09:51.482-05:00 DEBUG 17364 --- [delfosti] [           main] org.hibernate.type.BasicTypeRegistry     : Adding type registration OffsetTime -> org.hibernate.type.BasicTypeReference@57f8951a
2024-08-25T11:09:51.482-05:00 DEBUG 17364 --- [delfosti] [           main] org.hibernate.type.BasicTypeRegistry     : Adding type registration java.time.OffsetTime -> org.hibernate.type.BasicTypeReference@57f8951a
2024-08-25T11:09:51.482-05:00 DEBUG 17364 --- [delfosti] [           main] org.hibernate.type.BasicTypeRegistry     : Adding type registration OffsetTimeUtc -> org.hibernate.type.BasicTypeReference@6c17c0f8
2024-08-25T11:09:51.482-05:00 DEBUG 17364 --- [delfosti] [           main] org.hibernate.type.BasicTypeRegistry     : Adding type registration OffsetTimeWithTimezone -> org.hibernate.type.BasicTypeReference@260e3837
2024-08-25T11:09:51.482-05:00 DEBUG 17364 --- [delfosti] [           main] org.hibernate.type.BasicTypeRegistry     : Adding type registration OffsetTimeWithoutTimezone -> org.hibernate.type.BasicTypeReference@88b76f2
2024-08-25T11:09:51.482-05:00 DEBUG 17364 --- [delfosti] [           main] org.hibernate.type.BasicTypeRegistry     : Adding type registration ZonedDateTime -> org.hibernate.type.BasicTypeReference@1b4872bc
2024-08-25T11:09:51.482-05:00 DEBUG 17364 --- [delfosti] [           main] org.hibernate.type.BasicTypeRegistry     : Adding type registration java.time.ZonedDateTime -> org.hibernate.type.BasicTypeReference@1b4872bc
2024-08-25T11:09:51.482-05:00 DEBUG 17364 --- [delfosti] [           main] org.hibernate.type.BasicTypeRegistry     : Adding type registration ZonedDateTimeWithTimezone -> org.hibernate.type.BasicTypeReference@498a612d
2024-08-25T11:09:51.483-05:00 DEBUG 17364 --- [delfosti] [           main] org.hibernate.type.BasicTypeRegistry     : Adding type registration ZonedDateTimeWithoutTimezone -> org.hibernate.type.BasicTypeReference@1e1237ab
2024-08-25T11:09:51.483-05:00 DEBUG 17364 --- [delfosti] [           main] org.hibernate.type.BasicTypeRegistry     : Adding type registration date -> org.hibernate.type.BasicTypeReference@4dfdfe7d
2024-08-25T11:09:51.483-05:00 DEBUG 17364 --- [delfosti] [           main] org.hibernate.type.BasicTypeRegistry     : Adding type registration java.sql.Date -> org.hibernate.type.BasicTypeReference@4dfdfe7d
2024-08-25T11:09:51.483-05:00 DEBUG 17364 --- [delfosti] [           main] org.hibernate.type.BasicTypeRegistry     : Adding type registration time -> org.hibernate.type.BasicTypeReference@1578b8ec
2024-08-25T11:09:51.483-05:00 DEBUG 17364 --- [delfosti] [           main] org.hibernate.type.BasicTypeRegistry     : Adding type registration java.sql.Time -> org.hibernate.type.BasicTypeReference@1578b8ec
2024-08-25T11:09:51.483-05:00 DEBUG 17364 --- [delfosti] [           main] org.hibernate.type.BasicTypeRegistry     : Adding type registration timestamp -> org.hibernate.type.BasicTypeReference@f613067
2024-08-25T11:09:51.483-05:00 DEBUG 17364 --- [delfosti] [           main] org.hibernate.type.BasicTypeRegistry     : Adding type registration java.sql.Timestamp -> org.hibernate.type.BasicTypeReference@f613067
2024-08-25T11:09:51.483-05:00 DEBUG 17364 --- [delfosti] [           main] org.hibernate.type.BasicTypeRegistry     : Adding type registration java.util.Date -> org.hibernate.type.BasicTypeReference@f613067
2024-08-25T11:09:51.483-05:00 DEBUG 17364 --- [delfosti] [           main] org.hibernate.type.BasicTypeRegistry     : Adding type registration calendar -> org.hibernate.type.BasicTypeReference@c1e14f
2024-08-25T11:09:51.483-05:00 DEBUG 17364 --- [delfosti] [           main] org.hibernate.type.BasicTypeRegistry     : Adding type registration java.util.Calendar -> org.hibernate.type.BasicTypeReference@c1e14f
2024-08-25T11:09:51.483-05:00 DEBUG 17364 --- [delfosti] [           main] org.hibernate.type.BasicTypeRegistry     : Adding type registration java.util.GregorianCalendar -> org.hibernate.type.BasicTypeReference@c1e14f
2024-08-25T11:09:51.483-05:00 DEBUG 17364 --- [delfosti] [           main] org.hibernate.type.BasicTypeRegistry     : Adding type registration calendar_date -> org.hibernate.type.BasicTypeReference@226de93c
2024-08-25T11:09:51.483-05:00 DEBUG 17364 --- [delfosti] [           main] org.hibernate.type.BasicTypeRegistry     : Adding type registration calendar_time -> org.hibernate.type.BasicTypeReference@72028a45
2024-08-25T11:09:51.483-05:00 DEBUG 17364 --- [delfosti] [           main] org.hibernate.type.BasicTypeRegistry     : Adding type registration instant -> org.hibernate.type.BasicTypeReference@74667e6a
2024-08-25T11:09:51.483-05:00 DEBUG 17364 --- [delfosti] [           main] org.hibernate.type.BasicTypeRegistry     : Adding type registration java.time.Instant -> org.hibernate.type.BasicTypeReference@74667e6a
2024-08-25T11:09:51.484-05:00 DEBUG 17364 --- [delfosti] [           main] org.hibernate.type.BasicTypeRegistry     : Adding type registration uuid -> org.hibernate.type.BasicTypeReference@7b222230
2024-08-25T11:09:51.484-05:00 DEBUG 17364 --- [delfosti] [           main] org.hibernate.type.BasicTypeRegistry     : Adding type registration java.util.UUID -> org.hibernate.type.BasicTypeReference@7b222230
2024-08-25T11:09:51.484-05:00 DEBUG 17364 --- [delfosti] [           main] org.hibernate.type.BasicTypeRegistry     : Adding type registration pg-uuid -> org.hibernate.type.BasicTypeReference@7b222230
2024-08-25T11:09:51.484-05:00 DEBUG 17364 --- [delfosti] [           main] org.hibernate.type.BasicTypeRegistry     : Adding type registration uuid-binary -> org.hibernate.type.BasicTypeReference@364b1061
2024-08-25T11:09:51.484-05:00 DEBUG 17364 --- [delfosti] [           main] org.hibernate.type.BasicTypeRegistry     : Adding type registration uuid-char -> org.hibernate.type.BasicTypeReference@50fdf44f
2024-08-25T11:09:51.484-05:00 DEBUG 17364 --- [delfosti] [           main] org.hibernate.type.BasicTypeRegistry     : Adding type registration class -> org.hibernate.type.BasicTypeReference@172f4514
2024-08-25T11:09:51.484-05:00 DEBUG 17364 --- [delfosti] [           main] org.hibernate.type.BasicTypeRegistry     : Adding type registration java.lang.Class -> org.hibernate.type.BasicTypeReference@172f4514
2024-08-25T11:09:51.484-05:00 DEBUG 17364 --- [delfosti] [           main] org.hibernate.type.BasicTypeRegistry     : Adding type registration currency -> org.hibernate.type.BasicTypeReference@7df6d663
2024-08-25T11:09:51.484-05:00 DEBUG 17364 --- [delfosti] [           main] org.hibernate.type.BasicTypeRegistry     : Adding type registration Currency -> org.hibernate.type.BasicTypeReference@7df6d663
2024-08-25T11:09:51.484-05:00 DEBUG 17364 --- [delfosti] [           main] org.hibernate.type.BasicTypeRegistry     : Adding type registration java.util.Currency -> org.hibernate.type.BasicTypeReference@7df6d663
2024-08-25T11:09:51.484-05:00 DEBUG 17364 --- [delfosti] [           main] org.hibernate.type.BasicTypeRegistry     : Adding type registration locale -> org.hibernate.type.BasicTypeReference@13d019a4
2024-08-25T11:09:51.484-05:00 DEBUG 17364 --- [delfosti] [           main] org.hibernate.type.BasicTypeRegistry     : Adding type registration java.util.Locale -> org.hibernate.type.BasicTypeReference@13d019a4
2024-08-25T11:09:51.484-05:00 DEBUG 17364 --- [delfosti] [           main] org.hibernate.type.BasicTypeRegistry     : Adding type registration serializable -> org.hibernate.type.BasicTypeReference@2c30c81d
2024-08-25T11:09:51.484-05:00 DEBUG 17364 --- [delfosti] [           main] org.hibernate.type.BasicTypeRegistry     : Adding type registration java.io.Serializable -> org.hibernate.type.BasicTypeReference@2c30c81d
2024-08-25T11:09:51.484-05:00 DEBUG 17364 --- [delfosti] [           main] org.hibernate.type.BasicTypeRegistry     : Adding type registration timezone -> org.hibernate.type.BasicTypeReference@415a3f6a
2024-08-25T11:09:51.484-05:00 DEBUG 17364 --- [delfosti] [           main] org.hibernate.type.BasicTypeRegistry     : Adding type registration java.util.TimeZone -> org.hibernate.type.BasicTypeReference@415a3f6a
2024-08-25T11:09:51.484-05:00 DEBUG 17364 --- [delfosti] [           main] org.hibernate.type.BasicTypeRegistry     : Adding type registration ZoneOffset -> org.hibernate.type.BasicTypeReference@a54acec
2024-08-25T11:09:51.484-05:00 DEBUG 17364 --- [delfosti] [           main] org.hibernate.type.BasicTypeRegistry     : Adding type registration java.time.ZoneOffset -> org.hibernate.type.BasicTypeReference@a54acec
2024-08-25T11:09:51.485-05:00 DEBUG 17364 --- [delfosti] [           main] org.hibernate.type.BasicTypeRegistry     : Adding type registration url -> org.hibernate.type.BasicTypeReference@19da993b
2024-08-25T11:09:51.485-05:00 DEBUG 17364 --- [delfosti] [           main] org.hibernate.type.BasicTypeRegistry     : Adding type registration java.net.URL -> org.hibernate.type.BasicTypeReference@19da993b
2024-08-25T11:09:51.485-05:00 DEBUG 17364 --- [delfosti] [           main] org.hibernate.type.BasicTypeRegistry     : Adding type registration vector -> org.hibernate.type.BasicTypeReference@3380ca3d
2024-08-25T11:09:51.485-05:00 DEBUG 17364 --- [delfosti] [           main] org.hibernate.type.BasicTypeRegistry     : Adding type registration row_version -> org.hibernate.type.BasicTypeReference@23310248
2024-08-25T11:09:51.488-05:00 DEBUG 17364 --- [delfosti] [           main] org.hibernate.type.BasicTypeRegistry     : Adding type registration object -> org.hibernate.type.JavaObjectType@7f3fc42f
2024-08-25T11:09:51.488-05:00 DEBUG 17364 --- [delfosti] [           main] org.hibernate.type.BasicTypeRegistry     : Adding type registration java.lang.Object -> org.hibernate.type.JavaObjectType@7f3fc42f
2024-08-25T11:09:51.488-05:00 DEBUG 17364 --- [delfosti] [           main] org.hibernate.type.BasicTypeRegistry     : Adding type registration null -> org.hibernate.type.NullType@b950f82
2024-08-25T11:09:51.488-05:00 DEBUG 17364 --- [delfosti] [           main] org.hibernate.type.BasicTypeRegistry     : Adding type registration imm_date -> org.hibernate.type.BasicTypeReference@5d352de0
2024-08-25T11:09:51.488-05:00 DEBUG 17364 --- [delfosti] [           main] org.hibernate.type.BasicTypeRegistry     : Adding type registration imm_time -> org.hibernate.type.BasicTypeReference@6e243175
2024-08-25T11:09:51.488-05:00 DEBUG 17364 --- [delfosti] [           main] org.hibernate.type.BasicTypeRegistry     : Adding type registration imm_timestamp -> org.hibernate.type.BasicTypeReference@7a1a3468
2024-08-25T11:09:51.488-05:00 DEBUG 17364 --- [delfosti] [           main] org.hibernate.type.BasicTypeRegistry     : Adding type registration imm_calendar -> org.hibernate.type.BasicTypeReference@59d0cdb6
2024-08-25T11:09:51.488-05:00 DEBUG 17364 --- [delfosti] [           main] org.hibernate.type.BasicTypeRegistry     : Adding type registration imm_calendar_date -> org.hibernate.type.BasicTypeReference@2dfeb141
2024-08-25T11:09:51.489-05:00 DEBUG 17364 --- [delfosti] [           main] org.hibernate.type.BasicTypeRegistry     : Adding type registration imm_calendar_time -> org.hibernate.type.BasicTypeReference@629e8212
2024-08-25T11:09:51.489-05:00 DEBUG 17364 --- [delfosti] [           main] org.hibernate.type.BasicTypeRegistry     : Adding type registration imm_binary -> org.hibernate.type.BasicTypeReference@498c535d
2024-08-25T11:09:51.489-05:00 DEBUG 17364 --- [delfosti] [           main] org.hibernate.type.BasicTypeRegistry     : Adding type registration imm_serializable -> org.hibernate.type.BasicTypeReference@16ee9aa7
2024-08-25T11:09:51.492-05:00 DEBUG 17364 --- [delfosti] [           main] o.h.boot.internal.BootstrapContextImpl   : Injecting JPA temp ClassLoader [org.springframework.instrument.classloading.SimpleThrowawayClassLoader@19dc0d32] into BootstrapContext; was [null]
2024-08-25T11:09:51.492-05:00 DEBUG 17364 --- [delfosti] [           main] o.h.boot.internal.ClassLoaderAccessImpl  : ClassLoaderAccessImpl#injectTempClassLoader(org.springframework.instrument.classloading.SimpleThrowawayClassLoader@19dc0d32) [was null]
2024-08-25T11:09:51.492-05:00 DEBUG 17364 --- [delfosti] [           main] o.h.boot.internal.BootstrapContextImpl   : Injecting ScanEnvironment [org.hibernate.jpa.boot.internal.StandardJpaScanEnvironmentImpl@15c6027d] into BootstrapContext; was [null]
2024-08-25T11:09:51.492-05:00 DEBUG 17364 --- [delfosti] [           main] o.h.boot.internal.BootstrapContextImpl   : Injecting ScanOptions [org.hibernate.boot.archive.scan.internal.StandardScanOptions@5927f904] into BootstrapContext; was [org.hibernate.boot.archive.scan.internal.StandardScanOptions@2bb62414]
2024-08-25T11:09:51.668-05:00  INFO 17364 --- [delfosti] [           main] o.s.o.j.p.SpringPersistenceUnitInfo      : No LoadTimeWeaver setup: ignoring JPA class transformer
2024-08-25T11:09:51.668-05:00 DEBUG 17364 --- [delfosti] [           main] o.h.boot.internal.BootstrapContextImpl   : Injecting JPA temp ClassLoader [null] into BootstrapContext; was [org.springframework.instrument.classloading.SimpleThrowawayClassLoader@19dc0d32]
2024-08-25T11:09:51.669-05:00 DEBUG 17364 --- [delfosti] [           main] o.h.boot.internal.ClassLoaderAccessImpl  : ClassLoaderAccessImpl#injectTempClassLoader(null) [was org.springframework.instrument.classloading.SimpleThrowawayClassLoader@19dc0d32]
2024-08-25T11:09:51.704-05:00  INFO 17364 --- [delfosti] [           main] com.zaxxer.hikari.HikariDataSource       : HikariPool-1 - Starting...
2024-08-25T11:09:53.051-05:00  INFO 17364 --- [delfosti] [           main] com.zaxxer.hikari.pool.HikariPool        : HikariPool-1 - Added connection com.mysql.cj.jdbc.ConnectionImpl@74fc3fc7
2024-08-25T11:09:53.054-05:00  INFO 17364 --- [delfosti] [           main] com.zaxxer.hikari.HikariDataSource       : HikariPool-1 - Start completed.
2024-08-25T11:09:53.057-05:00 DEBUG 17364 --- [delfosti] [           main] o.h.e.j.e.i.JdbcEnvironmentInitiator     : Database ->
	   name : MySQL
	version : 8.0.35
	  major : 8
	  minor : 0
2024-08-25T11:09:53.058-05:00 DEBUG 17364 --- [delfosti] [           main] o.h.e.j.e.i.JdbcEnvironmentInitiator     : Driver ->
	   name : MySQL Connector/J
	version : mysql-connector-j-8.3.0 (Revision: 805f872a57875f311cb82487efcfb070411a3fa0)
	  major : 8
	  minor : 3
2024-08-25T11:09:53.058-05:00 DEBUG 17364 --- [delfosti] [           main] o.h.e.j.e.i.JdbcEnvironmentInitiator     : JDBC version : 4.2
2024-08-25T11:09:53.273-05:00  WARN 17364 --- [delfosti] [           main] org.hibernate.orm.deprecation            : HHH90000025: MySQLDialect does not need to be specified explicitly using 'hibernate.dialect' (remove the property setting and it will be selected by default)
2024-08-25T11:09:53.275-05:00 DEBUG 17364 --- [delfosti] [           main] org.hibernate.orm.dialect                : HHH035001: Using dialect: org.hibernate.dialect.MySQLDialect, version: 8.0.35
2024-08-25T11:09:53.279-05:00 DEBUG 17364 --- [delfosti] [           main] o.h.e.j.env.spi.IdentifierHelperBuilder  : JDBC driver metadata reported database stores quoted identifiers in more than one case
2024-08-25T11:09:53.279-05:00 DEBUG 17364 --- [delfosti] [           main] o.h.e.j.env.spi.IdentifierHelperBuilder  : IdentifierCaseStrategy for both quoted and unquoted identifiers was set to the same strategy [MIXED]; that will likely lead to problems in schema update and validation if using quoted identifiers
2024-08-25T11:09:53.296-05:00 DEBUG 17364 --- [delfosti] [           main] o.h.t.d.sql.spi.DdlTypeRegistry          : addDescriptor(12, org.hibernate.type.descriptor.sql.internal.CapacityDependentDdlType@f76872f) replaced previous registration(org.hibernate.type.descriptor.sql.internal.CapacityDependentDdlType@2d4e99de)
2024-08-25T11:09:53.296-05:00 DEBUG 17364 --- [delfosti] [           main] o.h.t.d.sql.spi.DdlTypeRegistry          : addDescriptor(-9, org.hibernate.type.descriptor.sql.internal.CapacityDependentDdlType@580ffea) replaced previous registration(org.hibernate.type.descriptor.sql.internal.CapacityDependentDdlType@191e654)
2024-08-25T11:09:53.296-05:00 DEBUG 17364 --- [delfosti] [           main] o.h.t.d.sql.spi.DdlTypeRegistry          : addDescriptor(-3, org.hibernate.type.descriptor.sql.internal.CapacityDependentDdlType@3a6556b6) replaced previous registration(org.hibernate.type.descriptor.sql.internal.CapacityDependentDdlType@63bca84d)
2024-08-25T11:09:53.296-05:00 DEBUG 17364 --- [delfosti] [           main] o.h.t.d.sql.spi.DdlTypeRegistry          : addDescriptor(4003, org.hibernate.type.descriptor.sql.internal.DdlTypeImpl@6141647f) replaced previous registration(org.hibernate.type.descriptor.sql.internal.DdlTypeImpl@6f6c8d45)
2024-08-25T11:09:53.296-05:00 DEBUG 17364 --- [delfosti] [           main] o.h.t.d.sql.spi.DdlTypeRegistry          : addDescriptor(4001, org.hibernate.type.descriptor.sql.internal.DdlTypeImpl@7f2ca6f8) replaced previous registration(org.hibernate.type.descriptor.sql.internal.DdlTypeImpl@79d49790)
2024-08-25T11:09:53.296-05:00 DEBUG 17364 --- [delfosti] [           main] o.h.t.d.sql.spi.DdlTypeRegistry          : addDescriptor(4002, org.hibernate.type.descriptor.sql.internal.DdlTypeImpl@13dc6649) replaced previous registration(org.hibernate.type.descriptor.sql.internal.DdlTypeImpl@1851c7d2)
2024-08-25T11:09:53.297-05:00 DEBUG 17364 --- [delfosti] [           main] o.h.t.d.sql.spi.DdlTypeRegistry          : addDescriptor(2004, org.hibernate.type.descriptor.sql.internal.CapacityDependentDdlType@250a946) replaced previous registration(org.hibernate.type.descriptor.sql.internal.DdlTypeImpl@5fe5c68b)
2024-08-25T11:09:53.297-05:00 DEBUG 17364 --- [delfosti] [           main] o.h.t.d.sql.spi.DdlTypeRegistry          : addDescriptor(2005, org.hibernate.type.descriptor.sql.internal.CapacityDependentDdlType@2ffb0d10) replaced previous registration(org.hibernate.type.descriptor.sql.internal.DdlTypeImpl@3982206a)
2024-08-25T11:09:53.297-05:00 DEBUG 17364 --- [delfosti] [           main] o.h.t.d.sql.spi.DdlTypeRegistry          : addDescriptor(2011, org.hibernate.type.descriptor.sql.internal.CapacityDependentDdlType@3e9fb485) replaced previous registration(org.hibernate.type.descriptor.sql.internal.DdlTypeImpl@4f3fec43)
2024-08-25T11:09:53.298-05:00 DEBUG 17364 --- [delfosti] [           main] o.h.t.d.jdbc.spi.JdbcTypeRegistry        : addDescriptor(NCharTypeDescriptor) replaced previous registration(CharTypeDescriptor)
2024-08-25T11:09:53.298-05:00 DEBUG 17364 --- [delfosti] [           main] o.h.t.d.jdbc.spi.JdbcTypeRegistry        : addDescriptor(NVarcharTypeDescriptor) replaced previous registration(VarcharTypeDescriptor)
2024-08-25T11:09:53.300-05:00 DEBUG 17364 --- [delfosti] [           main] o.h.t.d.jdbc.spi.JdbcTypeRegistry        : addDescriptor(LongNVarcharTypeDescriptor) replaced previous registration(LongVarcharTypeDescriptor)
2024-08-25T11:09:53.301-05:00 DEBUG 17364 --- [delfosti] [           main] o.h.t.d.jdbc.spi.JdbcTypeRegistry        : addDescriptor(NClobTypeDescriptor(DEFAULT)) replaced previous registration(ClobTypeDescriptor(DEFAULT))
2024-08-25T11:09:53.301-05:00 DEBUG 17364 --- [delfosti] [           main] o.h.t.d.jdbc.spi.JdbcTypeRegistry        : addDescriptor(2005, ClobTypeDescriptor(STREAM_BINDING)) replaced previous registration(ClobTypeDescriptor(DEFAULT))
2024-08-25T11:09:53.303-05:00 DEBUG 17364 --- [delfosti] [           main] org.hibernate.type.BasicTypeRegistry     : Adding type registration null -> org.hibernate.type.NullType@269308cc
2024-08-25T11:09:53.303-05:00 DEBUG 17364 --- [delfosti] [           main] org.hibernate.type.BasicTypeRegistry     : Type registration key [null] overrode previous entry : `org.hibernate.type.NullType@b950f82`
2024-08-25T11:09:53.305-05:00 DEBUG 17364 --- [delfosti] [           main] org.hibernate.type.BasicTypeRegistry     : Adding type registration org.hibernate.type.DurationType -> basicType@1(java.time.Duration,3015)
2024-08-25T11:09:53.305-05:00 DEBUG 17364 --- [delfosti] [           main] org.hibernate.type.BasicTypeRegistry     : Adding type registration Duration -> basicType@1(java.time.Duration,3015)
2024-08-25T11:09:53.305-05:00 DEBUG 17364 --- [delfosti] [           main] org.hibernate.type.BasicTypeRegistry     : Adding type registration java.time.Duration -> basicType@1(java.time.Duration,3015)
2024-08-25T11:09:53.307-05:00 DEBUG 17364 --- [delfosti] [           main] org.hibernate.type.BasicTypeRegistry     : Adding type registration org.hibernate.type.OffsetDateTimeType -> basicType@2(java.time.OffsetDateTime,3003)
2024-08-25T11:09:53.307-05:00 DEBUG 17364 --- [delfosti] [           main] org.hibernate.type.BasicTypeRegistry     : Adding type registration OffsetDateTime -> basicType@2(java.time.OffsetDateTime,3003)
2024-08-25T11:09:53.307-05:00 DEBUG 17364 --- [delfosti] [           main] org.hibernate.type.BasicTypeRegistry     : Adding type registration java.time.OffsetDateTime -> basicType@2(java.time.OffsetDateTime,3003)
2024-08-25T11:09:53.307-05:00 DEBUG 17364 --- [delfosti] [           main] org.hibernate.type.BasicTypeRegistry     : Adding type registration org.hibernate.type.ZonedDateTimeType -> basicType@3(java.time.ZonedDateTime,3003)
2024-08-25T11:09:53.307-05:00 DEBUG 17364 --- [delfosti] [           main] org.hibernate.type.BasicTypeRegistry     : Adding type registration ZonedDateTime -> basicType@3(java.time.ZonedDateTime,3003)
2024-08-25T11:09:53.307-05:00 DEBUG 17364 --- [delfosti] [           main] org.hibernate.type.BasicTypeRegistry     : Adding type registration java.time.ZonedDateTime -> basicType@3(java.time.ZonedDateTime,3003)
2024-08-25T11:09:53.307-05:00 DEBUG 17364 --- [delfosti] [           main] org.hibernate.type.BasicTypeRegistry     : Adding type registration org.hibernate.type.OffsetTimeType -> basicType@4(java.time.OffsetTime,3007)
2024-08-25T11:09:53.307-05:00 DEBUG 17364 --- [delfosti] [           main] org.hibernate.type.BasicTypeRegistry     : Adding type registration OffsetTime -> basicType@4(java.time.OffsetTime,3007)
2024-08-25T11:09:53.307-05:00 DEBUG 17364 --- [delfosti] [           main] org.hibernate.type.BasicTypeRegistry     : Adding type registration java.time.OffsetTime -> basicType@4(java.time.OffsetTime,3007)
2024-08-25T11:09:53.308-05:00 DEBUG 17364 --- [delfosti] [           main] o.h.type.spi.TypeConfiguration$Scope     : Scoping TypeConfiguration [org.hibernate.type.spi.TypeConfiguration@5d96d434] to MetadataBuildingContext [org.hibernate.boot.internal.MetadataBuildingContextRootImpl@7283877]
2024-08-25T11:09:53.328-05:00 DEBUG 17364 --- [delfosti] [           main] o.h.boot.model.relational.Namespace      : Created database namespace [logicalName=Name{catalog=null, schema=null}, physicalName=Name{catalog=null, schema=null}]
2024-08-25T11:09:53.346-05:00 DEBUG 17364 --- [delfosti] [           main] o.h.boot.model.internal.EntityBinder     : Binding entity from annotated class: com.delfosti.delgosti.model.Movie
2024-08-25T11:09:53.350-05:00 DEBUG 17364 --- [delfosti] [           main] o.h.boot.model.internal.EntityBinder     : Import with entity name Movie
2024-08-25T11:09:53.355-05:00 DEBUG 17364 --- [delfosti] [           main] o.h.boot.model.internal.EntityBinder     : Bind entity com.delfosti.delgosti.model.Movie on table movie
2024-08-25T11:09:53.361-05:00 DEBUG 17364 --- [delfosti] [           main] o.h.boot.model.internal.AnnotatedColumn  : Binding column: AnnotatedDiscriminatorColumn(column='DTYPE')
2024-08-25T11:09:53.372-05:00 DEBUG 17364 --- [delfosti] [           main] o.h.boot.model.internal.AnnotatedColumn  : Binding column: AnnotatedColumn()
2024-08-25T11:09:53.372-05:00 DEBUG 17364 --- [delfosti] [           main] o.h.boot.internal.ClassLoaderAccessImpl  : Not known whether passed class name [com.delfosti.delgosti.model.Movie] is safe
2024-08-25T11:09:53.373-05:00 DEBUG 17364 --- [delfosti] [           main] o.h.boot.internal.ClassLoaderAccessImpl  : No temp ClassLoader provided; using live ClassLoader for loading potentially unsafe class : com.delfosti.delgosti.model.Movie
2024-08-25T11:09:53.375-05:00 DEBUG 17364 --- [delfosti] [           main] o.h.boot.model.internal.PropertyBinder   : MetadataSourceProcessor property id with lazy=false
2024-08-25T11:09:53.378-05:00 DEBUG 17364 --- [delfosti] [           main] o.h.b.m.internal.AbstractPropertyHolder  : Attempting to locate auto-apply AttributeConverter for property [com.delfosti.delgosti.model.Movie:id]
2024-08-25T11:09:53.382-05:00 DEBUG 17364 --- [delfosti] [           main] o.h.b.model.internal.BasicValueBinder    : building BasicValue for id
2024-08-25T11:09:53.384-05:00 DEBUG 17364 --- [delfosti] [           main] org.hibernate.mapping.BasicValue         : Skipping column re-registration: movie.id
2024-08-25T11:09:53.385-05:00 DEBUG 17364 --- [delfosti] [           main] o.h.boot.model.internal.PropertyBinder   : Building property id
2024-08-25T11:09:53.388-05:00 DEBUG 17364 --- [delfosti] [           main] o.h.boot.model.internal.BinderHelper     : #makeIdGenerator(BasicValue([Column(id)]), id, identity, , ...)
2024-08-25T11:09:53.389-05:00 DEBUG 17364 --- [delfosti] [           main] o.h.boot.model.internal.AnnotatedColumn  : Binding column: AnnotatedColumn()
2024-08-25T11:09:53.389-05:00 DEBUG 17364 --- [delfosti] [           main] o.h.boot.model.internal.PropertyBinder   : MetadataSourceProcessor property description with lazy=false
2024-08-25T11:09:53.389-05:00 DEBUG 17364 --- [delfosti] [           main] o.h.b.m.internal.AbstractPropertyHolder  : Attempting to locate auto-apply AttributeConverter for property [com.delfosti.delgosti.model.Movie:description]
2024-08-25T11:09:53.389-05:00 DEBUG 17364 --- [delfosti] [           main] o.h.b.model.internal.BasicValueBinder    : building BasicValue for description
2024-08-25T11:09:53.389-05:00 DEBUG 17364 --- [delfosti] [           main] org.hibernate.mapping.BasicValue         : Skipping column re-registration: movie.description
2024-08-25T11:09:53.389-05:00 DEBUG 17364 --- [delfosti] [           main] o.h.boot.model.internal.PropertyBinder   : Building property description
2024-08-25T11:09:53.390-05:00 DEBUG 17364 --- [delfosti] [           main] o.h.boot.model.internal.AnnotatedColumn  : Binding column: AnnotatedColumn()
2024-08-25T11:09:53.390-05:00 DEBUG 17364 --- [delfosti] [           main] o.h.boot.model.internal.PropertyBinder   : MetadataSourceProcessor property genre with lazy=false
2024-08-25T11:09:53.390-05:00 DEBUG 17364 --- [delfosti] [           main] o.h.b.m.internal.AbstractPropertyHolder  : Attempting to locate auto-apply AttributeConverter for property [com.delfosti.delgosti.model.Movie:genre]
2024-08-25T11:09:53.390-05:00 DEBUG 17364 --- [delfosti] [           main] o.h.b.model.internal.BasicValueBinder    : building BasicValue for genre
2024-08-25T11:09:53.390-05:00 DEBUG 17364 --- [delfosti] [           main] org.hibernate.mapping.BasicValue         : Skipping column re-registration: movie.genre
2024-08-25T11:09:53.390-05:00 DEBUG 17364 --- [delfosti] [           main] o.h.boot.model.internal.PropertyBinder   : Building property genre
2024-08-25T11:09:53.390-05:00 DEBUG 17364 --- [delfosti] [           main] o.h.boot.model.internal.AnnotatedColumn  : Binding column: AnnotatedColumn()
2024-08-25T11:09:53.390-05:00 DEBUG 17364 --- [delfosti] [           main] o.h.boot.model.internal.PropertyBinder   : MetadataSourceProcessor property title with lazy=false
2024-08-25T11:09:53.390-05:00 DEBUG 17364 --- [delfosti] [           main] o.h.b.m.internal.AbstractPropertyHolder  : Attempting to locate auto-apply AttributeConverter for property [com.delfosti.delgosti.model.Movie:title]
2024-08-25T11:09:53.390-05:00 DEBUG 17364 --- [delfosti] [           main] o.h.b.model.internal.BasicValueBinder    : building BasicValue for title
2024-08-25T11:09:53.390-05:00 DEBUG 17364 --- [delfosti] [           main] org.hibernate.mapping.BasicValue         : Skipping column re-registration: movie.title
2024-08-25T11:09:53.390-05:00 DEBUG 17364 --- [delfosti] [           main] o.h.boot.model.internal.PropertyBinder   : Building property title
2024-08-25T11:09:53.391-05:00 DEBUG 17364 --- [delfosti] [           main] o.h.b.r.c.i.ClassLoaderServiceImpl       : HHH000194: Package not found or no package-info.java: com.delfosti.delgosti.model
2024-08-25T11:09:53.395-05:00 DEBUG 17364 --- [delfosti] [           main] o.h.b.model.internal.BasicValueBinder    : Starting `BasicValueBinder#fillSimpleValue` for id
2024-08-25T11:09:53.396-05:00 DEBUG 17364 --- [delfosti] [           main] o.h.b.model.internal.BasicValueBinder    : Starting `BasicValueBinder#fillSimpleValue` for description
2024-08-25T11:09:53.396-05:00 DEBUG 17364 --- [delfosti] [           main] o.h.b.model.internal.BasicValueBinder    : Starting `BasicValueBinder#fillSimpleValue` for genre
2024-08-25T11:09:53.396-05:00 DEBUG 17364 --- [delfosti] [           main] o.h.b.model.internal.BasicValueBinder    : Starting `BasicValueBinder#fillSimpleValue` for title
2024-08-25T11:09:53.398-05:00 DEBUG 17364 --- [delfosti] [           main] org.hibernate.mapping.PrimaryKey         : Forcing column [id] to be non-null as it is part of the primary key for table [movie]
2024-08-25T11:09:53.438-05:00 DEBUG 17364 --- [delfosti] [           main] o.hibernate.internal.SessionFactoryImpl  : Building session factory
2024-08-25T11:09:53.464-05:00 DEBUG 17364 --- [delfosti] [           main] .h.s.i.SessionFactoryServiceRegistryImpl : EventListenerRegistry access via ServiceRegistry is deprecated.  Use `sessionFactory.getEventEngine().getListenerRegistry()` instead
2024-08-25T11:09:53.465-05:00 DEBUG 17364 --- [delfosti] [           main] o.hibernate.internal.SessionFactoryImpl  : Instantiating SessionFactory with settings: {java.specification.version=17, sun.cpu.isalist=amd64, hibernate.resource.beans.container=org.springframework.orm.hibernate5.SpringBeanContainer@d978ab9, hibernate.connection.handling_mode=DELAYED_ACQUISITION_AND_HOLD, sun.jnu.encoding=Cp1252, hibernate.dialect=org.hibernate.dialect.MySQLDialect, hibernate.implicit_naming_strategy=org.springframework.boot.orm.jpa.hibernate.SpringImplicitNamingStrategy, java.class.path=D:\Delfosti\frank-salazar\repository-delfosti-aws-prueba\target\test-classes;D:\Delfosti\frank-salazar\repository-delfosti-aws-prueba\target\classes;C:\Users\salaz\.m2\repository\org\springframework\boot\spring-boot-starter-data-jpa\3.3.3\spring-boot-starter-data-jpa-3.3.3.jar;C:\Users\salaz\.m2\repository\org\springframework\boot\spring-boot-starter-aop\3.3.3\spring-boot-starter-aop-3.3.3.jar;C:\Users\salaz\.m2\repository\org\springframework\spring-aop\6.1.12\spring-aop-6.1.12.jar;C:\Users\salaz\.m2\repository\org\aspectj\aspectjweaver\1.9.22.1\aspectjweaver-1.9.22.1.jar;C:\Users\salaz\.m2\repository\org\springframework\boot\spring-boot-starter-jdbc\3.3.3\spring-boot-starter-jdbc-3.3.3.jar;C:\Users\salaz\.m2\repository\com\zaxxer\HikariCP\5.1.0\HikariCP-5.1.0.jar;C:\Users\salaz\.m2\repository\org\springframework\spring-jdbc\6.1.12\spring-jdbc-6.1.12.jar;C:\Users\salaz\.m2\repository\org\hibernate\orm\hibernate-core\6.5.2.Final\hibernate-core-6.5.2.Final.jar;C:\Users\salaz\.m2\repository\jakarta\persistence\jakarta.persistence-api\3.1.0\jakarta.persistence-api-3.1.0.jar;C:\Users\salaz\.m2\repository\jakarta\transaction\jakarta.transaction-api\2.0.1\jakarta.transaction-api-2.0.1.jar;C:\Users\salaz\.m2\repository\org\jboss\logging\jboss-logging\3.5.3.Final\jboss-logging-3.5.3.Final.jar;C:\Users\salaz\.m2\repository\org\hibernate\common\hibernate-commons-annotations\6.0.6.Final\hibernate-commons-annotations-6.0.6.Final.jar;C:\Users\salaz\.m2\repository\io\smallrye\jandex\3.1.2\jandex-3.1.2.jar;C:\Users\salaz\.m2\repository\com\fasterxml\classmate\1.7.0\classmate-1.7.0.jar;C:\Users\salaz\.m2\repository\net\bytebuddy\byte-buddy\1.14.19\byte-buddy-1.14.19.jar;C:\Users\salaz\.m2\repository\org\glassfish\jaxb\jaxb-runtime\4.0.5\jaxb-runtime-4.0.5.jar;C:\Users\salaz\.m2\repository\org\glassfish\jaxb\jaxb-core\4.0.5\jaxb-core-4.0.5.jar;C:\Users\salaz\.m2\repository\org\eclipse\angus\angus-activation\2.0.2\angus-activation-2.0.2.jar;C:\Users\salaz\.m2\repository\org\glassfish\jaxb\txw2\4.0.5\txw2-4.0.5.jar;C:\Users\salaz\.m2\repository\com\sun\istack\istack-commons-runtime\4.1.2\istack-commons-runtime-4.1.2.jar;C:\Users\salaz\.m2\repository\jakarta\inject\jakarta.inject-api\2.0.1\jakarta.inject-api-2.0.1.jar;C:\Users\salaz\.m2\repository\org\antlr\antlr4-runtime\4.13.0\antlr4-runtime-4.13.0.jar;C:\Users\salaz\.m2\repository\org\springframework\data\spring-data-jpa\3.3.3\spring-data-jpa-3.3.3.jar;C:\Users\salaz\.m2\repository\org\springframework\data\spring-data-commons\3.3.3\spring-data-commons-3.3.3.jar;C:\Users\salaz\.m2\repository\org\springframework\spring-orm\6.1.12\spring-orm-6.1.12.jar;C:\Users\salaz\.m2\repository\org\springframework\spring-context\6.1.12\spring-context-6.1.12.jar;C:\Users\salaz\.m2\repository\org\springframework\spring-tx\6.1.12\spring-tx-6.1.12.jar;C:\Users\salaz\.m2\repository\org\springframework\spring-beans\6.1.12\spring-beans-6.1.12.jar;C:\Users\salaz\.m2\repository\jakarta\annotation\jakarta.annotation-api\2.1.1\jakarta.annotation-api-2.1.1.jar;C:\Users\salaz\.m2\repository\org\slf4j\slf4j-api\2.0.16\slf4j-api-2.0.16.jar;C:\Users\salaz\.m2\repository\org\springframework\spring-aspects\6.1.12\spring-aspects-6.1.12.jar;C:\Users\salaz\.m2\repository\org\springframework\boot\spring-boot-starter-web\3.3.3\spring-boot-starter-web-3.3.3.jar;C:\Users\salaz\.m2\repository\org\springframework\boot\spring-boot-starter\3.3.3\spring-boot-starter-3.3.3.jar;C:\Users\salaz\.m2\repository\org\springframework\boot\spring-boot\3.3.3\spring-boot-3.3.3.jar;C:\Users\salaz\.m2\repository\org\springframework\boot\spring-boot-autoconfigure\3.3.3\spring-boot-autoconfigure-3.3.3.jar;C:\Users\salaz\.m2\repository\org\springframework\boot\spring-boot-starter-logging\3.3.3\spring-boot-starter-logging-3.3.3.jar;C:\Users\salaz\.m2\repository\ch\qos\logback\logback-classic\1.5.7\logback-classic-1.5.7.jar;C:\Users\salaz\.m2\repository\ch\qos\logback\logback-core\1.5.7\logback-core-1.5.7.jar;C:\Users\salaz\.m2\repository\org\apache\logging\log4j\log4j-to-slf4j\2.23.1\log4j-to-slf4j-2.23.1.jar;C:\Users\salaz\.m2\repository\org\apache\logging\log4j\log4j-api\2.23.1\log4j-api-2.23.1.jar;C:\Users\salaz\.m2\repository\org\slf4j\jul-to-slf4j\2.0.16\jul-to-slf4j-2.0.16.jar;C:\Users\salaz\.m2\repository\org\yaml\snakeyaml\2.2\snakeyaml-2.2.jar;C:\Users\salaz\.m2\repository\org\springframework\boot\spring-boot-starter-json\3.3.3\spring-boot-starter-json-3.3.3.jar;C:\Users\salaz\.m2\repository\com\fasterxml\jackson\core\jackson-databind\2.17.2\jackson-databind-2.17.2.jar;C:\Users\salaz\.m2\repository\com\fasterxml\jackson\core\jackson-annotations\2.17.2\jackson-annotations-2.17.2.jar;C:\Users\salaz\.m2\repository\com\fasterxml\jackson\core\jackson-core\2.17.2\jackson-core-2.17.2.jar;C:\Users\salaz\.m2\repository\com\fasterxml\jackson\datatype\jackson-datatype-jdk8\2.17.2\jackson-datatype-jdk8-2.17.2.jar;C:\Users\salaz\.m2\repository\com\fasterxml\jackson\datatype\jackson-datatype-jsr310\2.17.2\jackson-datatype-jsr310-2.17.2.jar;C:\Users\salaz\.m2\repository\com\fasterxml\jackson\module\jackson-module-parameter-names\2.17.2\jackson-module-parameter-names-2.17.2.jar;C:\Users\salaz\.m2\repository\org\springframework\boot\spring-boot-starter-tomcat\3.3.3\spring-boot-starter-tomcat-3.3.3.jar;C:\Users\salaz\.m2\repository\org\apache\tomcat\embed\tomcat-embed-core\10.1.28\tomcat-embed-core-10.1.28.jar;C:\Users\salaz\.m2\repository\org\apache\tomcat\embed\tomcat-embed-el\10.1.28\tomcat-embed-el-10.1.28.jar;C:\Users\salaz\.m2\repository\org\apache\tomcat\embed\tomcat-embed-websocket\10.1.28\tomcat-embed-websocket-10.1.28.jar;C:\Users\salaz\.m2\repository\org\springframework\spring-web\6.1.12\spring-web-6.1.12.jar;C:\Users\salaz\.m2\repository\io\micrometer\micrometer-observation\1.13.3\micrometer-observation-1.13.3.jar;C:\Users\salaz\.m2\repository\io\micrometer\micrometer-commons\1.13.3\micrometer-commons-1.13.3.jar;C:\Users\salaz\.m2\repository\org\springframework\spring-webmvc\6.1.12\spring-webmvc-6.1.12.jar;C:\Users\salaz\.m2\repository\org\springframework\spring-expression\6.1.12\spring-expression-6.1.12.jar;C:\Users\salaz\.m2\repository\com\mysql\mysql-connector-j\8.3.0\mysql-connector-j-8.3.0.jar;C:\Users\salaz\.m2\repository\org\projectlombok\lombok\1.18.34\lombok-1.18.34.jar;C:\Users\salaz\.m2\repository\org\springframework\boot\spring-boot-starter-test\3.3.3\spring-boot-starter-test-3.3.3.jar;C:\Users\salaz\.m2\repository\org\springframework\boot\spring-boot-test\3.3.3\spring-boot-test-3.3.3.jar;C:\Users\salaz\.m2\repository\org\springframework\boot\spring-boot-test-autoconfigure\3.3.3\spring-boot-test-autoconfigure-3.3.3.jar;C:\Users\salaz\.m2\repository\com\jayway\jsonpath\json-path\2.9.0\json-path-2.9.0.jar;C:\Users\salaz\.m2\repository\jakarta\xml\bind\jakarta.xml.bind-api\4.0.2\jakarta.xml.bind-api-4.0.2.jar;C:\Users\salaz\.m2\repository\jakarta\activation\jakarta.activation-api\2.1.3\jakarta.activation-api-2.1.3.jar;C:\Users\salaz\.m2\repository\net\minidev\json-smart\2.5.1\json-smart-2.5.1.jar;C:\Users\salaz\.m2\repository\net\minidev\accessors-smart\2.5.1\accessors-smart-2.5.1.jar;C:\Users\salaz\.m2\repository\org\ow2\asm\asm\9.6\asm-9.6.jar;C:\Users\salaz\.m2\repository\org\assertj\assertj-core\3.25.3\assertj-core-3.25.3.jar;C:\Users\salaz\.m2\repository\org\awaitility\awaitility\4.2.2\awaitility-4.2.2.jar;C:\Users\salaz\.m2\repository\org\hamcrest\hamcrest\2.2\hamcrest-2.2.jar;C:\Users\salaz\.m2\repository\org\junit\jupiter\junit-jupiter\5.10.3\junit-jupiter-5.10.3.jar;C:\Users\salaz\.m2\repository\org\junit\jupiter\junit-jupiter-api\5.10.3\junit-jupiter-api-5.10.3.jar;C:\Users\salaz\.m2\repository\org\opentest4j\opentest4j\1.3.0\opentest4j-1.3.0.jar;C:\Users\salaz\.m2\repository\org\junit\platform\junit-platform-commons\1.10.3\junit-platform-commons-1.10.3.jar;C:\Users\salaz\.m2\repository\org\apiguardian\apiguardian-api\1.1.2\apiguardian-api-1.1.2.jar;C:\Users\salaz\.m2\repository\org\junit\jupiter\junit-jupiter-params\5.10.3\junit-jupiter-params-5.10.3.jar;C:\Users\salaz\.m2\repository\org\junit\jupiter\junit-jupiter-engine\5.10.3\junit-jupiter-engine-5.10.3.jar;C:\Users\salaz\.m2\repository\org\junit\platform\junit-platform-engine\1.10.3\junit-platform-engine-1.10.3.jar;C:\Users\salaz\.m2\repository\org\mockito\mockito-core\5.11.0\mockito-core-5.11.0.jar;C:\Users\salaz\.m2\repository\net\bytebuddy\byte-buddy-agent\1.14.19\byte-buddy-agent-1.14.19.jar;C:\Users\salaz\.m2\repository\org\objenesis\objenesis\3.3\objenesis-3.3.jar;C:\Users\salaz\.m2\repository\org\mockito\mockito-junit-jupiter\5.11.0\mockito-junit-jupiter-5.11.0.jar;C:\Users\salaz\.m2\repository\org\skyscreamer\jsonassert\1.5.3\jsonassert-1.5.3.jar;C:\Users\salaz\.m2\repository\com\vaadin\external\google\android-json\0.0.20131108.vaadin1\android-json-0.0.20131108.vaadin1.jar;C:\Users\salaz\.m2\repository\org\springframework\spring-core\6.1.12\spring-core-6.1.12.jar;C:\Users\salaz\.m2\repository\org\springframework\spring-jcl\6.1.12\spring-jcl-6.1.12.jar;C:\Users\salaz\.m2\repository\org\springframework\spring-test\6.1.12\spring-test-6.1.12.jar;C:\Users\salaz\.m2\repository\org\xmlunit\xmlunit-core\2.9.1\xmlunit-core-2.9.1.jar;, java.vm.vendor=Eclipse Adoptium, sun.arch.data.model=64, user.variant=, java.vendor.url=https://adoptium.net/, user.timezone=America/Lima, jakarta.persistence.sharedCache.mode=UNSPECIFIED, org.jboss.logging.provider=slf4j, java.vm.specification.version=17, os.name=Windows 11, jakarta.persistence.nonJtaDataSource=HikariDataSource (HikariPool-1), sun.java.launcher=SUN_STANDARD, user.country=PE, sun.boot.library.path=C:\Users\salaz\.jdks\temurin-17.0.8\bin, sun.java.command=C:\Users\salaz\AppData\Local\Temp\surefire11151977398807105270\surefirebooter-20240825110949502_3.jar C:\Users\sal
[...]

   ProjectInfoAutoConfiguration#gitProperties:
      Did not match:
         - GitResource did not find git info at classpath:git.properties (ProjectInfoAutoConfiguration.GitResourceAvailableCondition)

   PulsarAutoConfiguration:
      Did not match:
         - @ConditionalOnClass did not find required class 'org.apache.pulsar.client.api.PulsarClient' (OnClassCondition)

   PulsarReactiveAutoConfiguration:
      Did not match:
         - @ConditionalOnClass did not find required class 'org.apache.pulsar.client.api.PulsarClient' (OnClassCondition)

   QuartzAutoConfiguration:
      Did not match:
         - @ConditionalOnClass did not find required class 'org.quartz.Scheduler' (OnClassCondition)

   R2dbcAutoConfiguration:
      Did not match:
         - @ConditionalOnClass did not find required class 'io.r2dbc.spi.ConnectionFactory' (OnClassCondition)

   R2dbcDataAutoConfiguration:
      Did not match:
         - @ConditionalOnClass did not find required class 'org.springframework.data.r2dbc.core.R2dbcEntityTemplate' (OnClassCondition)

   R2dbcInitializationConfiguration:
      Did not match:
         - @ConditionalOnClass did not find required classes 'io.r2dbc.spi.ConnectionFactory', 'org.springframework.r2dbc.connection.init.DatabasePopulator' (OnClassCondition)

   R2dbcRepositoriesAutoConfiguration:
      Did not match:
         - @ConditionalOnClass did not find required class 'io.r2dbc.spi.ConnectionFactory' (OnClassCondition)

   R2dbcTransactionManagerAutoConfiguration:
      Did not match:
         - @ConditionalOnClass did not find required class 'org.springframework.r2dbc.connection.R2dbcTransactionManager' (OnClassCondition)

   RSocketGraphQlClientAutoConfiguration:
      Did not match:
         - @ConditionalOnClass did not find required class 'graphql.GraphQL' (OnClassCondition)

   RSocketMessagingAutoConfiguration:
      Did not match:
         - @ConditionalOnClass did not find required class 'io.rsocket.RSocket' (OnClassCondition)

   RSocketRequesterAutoConfiguration:
      Did not match:
         - @ConditionalOnClass did not find required class 'io.rsocket.RSocket' (OnClassCondition)

   RSocketSecurityAutoConfiguration:
      Did not match:
         - @ConditionalOnClass did not find required class 'org.springframework.security.rsocket.core.SecuritySocketAcceptorInterceptor' (OnClassCondition)

   RSocketServerAutoConfiguration:
      Did not match:
         - @ConditionalOnClass did not find required class 'io.rsocket.core.RSocketServer' (OnClassCondition)

   RSocketStrategiesAutoConfiguration:
      Did not match:
         - @ConditionalOnClass did not find required class 'io.netty.buffer.PooledByteBufAllocator' (OnClassCondition)

   RabbitAutoConfiguration:
      Did not match:
         - @ConditionalOnClass did not find required class 'com.rabbitmq.client.Channel' (OnClassCondition)

   ReactiveElasticsearchClientAutoConfiguration:
      Did not match:
         - @ConditionalOnClass did not find required class 'co.elastic.clients.transport.ElasticsearchTransport' (OnClassCondition)

   ReactiveElasticsearchRepositoriesAutoConfiguration:
      Did not match:
         - @ConditionalOnClass did not find required class 'reactor.core.publisher.Mono' (OnClassCondition)

   ReactiveMultipartAutoConfiguration:
      Did not match:
         - @ConditionalOnClass did not find required class 'org.springframework.web.reactive.config.WebFluxConfigurer' (OnClassCondition)

   ReactiveOAuth2ClientAutoConfiguration:
      Did not match:
         - @ConditionalOnClass did not find required class 'reactor.core.publisher.Flux' (OnClassCondition)

   ReactiveOAuth2ResourceServerAutoConfiguration:
      Did not match:
         - @ConditionalOnClass did not find required class 'org.springframework.security.config.annotation.web.reactive.EnableWebFluxSecurity' (OnClassCondition)

   ReactiveSecurityAutoConfiguration:
      Did not match:
         - @ConditionalOnClass did not find required class 'reactor.core.publisher.Flux' (OnClassCondition)

   ReactiveUserDetailsServiceAutoConfiguration:
      Did not match:
         - @ConditionalOnClass did not find required class 'org.springframework.security.authentication.ReactiveAuthenticationManager' (OnClassCondition)

   ReactiveWebServerFactoryAutoConfiguration:
      Did not match:
         - @ConditionalOnWebApplication did not find reactive web application classes (OnWebApplicationCondition)

   ReactorAutoConfiguration:
      Did not match:
         - @ConditionalOnClass did not find required class 'reactor.core.publisher.Hooks' (OnClassCondition)

   RedisAutoConfiguration:
      Did not match:
         - @ConditionalOnClass did not find required class 'org.springframework.data.redis.core.RedisOperations' (OnClassCondition)

   RedisCacheConfiguration:
      Did not match:
         - @ConditionalOnClass did not find required class 'org.springframework.data.redis.connection.RedisConnectionFactory' (OnClassCondition)

   RedisReactiveAutoConfiguration:
      Did not match:
         - @ConditionalOnClass did not find required class 'reactor.core.publisher.Flux' (OnClassCondition)

   RedisRepositoriesAutoConfiguration:
      Did not match:
         - @ConditionalOnClass did not find required class 'org.springframework.data.redis.repository.configuration.EnableRedisRepositories' (OnClassCondition)

   RepositoryRestMvcAutoConfiguration:
      Did not match:
         - @ConditionalOnClass did not find required class 'org.springframework.data.rest.webmvc.config.RepositoryRestMvcConfiguration' (OnClassCondition)

   Saml2RelyingPartyAutoConfiguration:
      Did not match:
         - @ConditionalOnClass did not find required class 'org.springframework.security.saml2.provider.service.registration.RelyingPartyRegistrationRepository' (OnClassCondition)

   SecurityAutoConfiguration:
      Did not match:
         - @ConditionalOnClass did not find required class 'org.springframework.security.authentication.DefaultAuthenticationEventPublisher' (OnClassCondition)

   SecurityFilterAutoConfiguration:
      Did not match:
         - @ConditionalOnClass did not find required class 'org.springframework.security.config.http.SessionCreationPolicy' (OnClassCondition)

   SendGridAutoConfiguration:
      Did not match:
         - @ConditionalOnClass did not find required class 'com.sendgrid.SendGrid' (OnClassCondition)

   ServletWebServerFactoryAutoConfiguration.ForwardedHeaderFilterConfiguration:
      Did not match:
         - @ConditionalOnProperty (server.forward-headers-strategy=framework) did not find property 'server.forward-headers-strategy' (OnPropertyCondition)

   ServletWebServerFactoryConfiguration.EmbeddedJetty:
      Did not match:
         - @ConditionalOnClass did not find required classes 'org.eclipse.jetty.server.Server', 'org.eclipse.jetty.util.Loader', 'org.eclipse.jetty.ee10.webapp.WebAppContext' (OnClassCondition)

   ServletWebServerFactoryConfiguration.EmbeddedUndertow:
      Did not match:
         - @ConditionalOnClass did not find required classes 'io.undertow.Undertow', 'org.xnio.SslClientAuthMode' (OnClassCondition)

   SessionAutoConfiguration:
      Did not match:
         - @ConditionalOnClass did not find required class 'org.springframework.session.Session' (OnClassCondition)

   SpringApplicationAdminJmxAutoConfiguration:
      Did not match:
         - @ConditionalOnProperty (spring.application.admin.enabled=true) did not find property 'enabled' (OnPropertyCondition)

   TaskExecutorConfigurations.SimpleAsyncTaskExecutorBuilderConfiguration#simpleAsyncTaskExecutorBuilderVirtualThreads:
      Did not match:
         - @ConditionalOnMissingBean (types: org.springframework.boot.task.SimpleAsyncTaskExecutorBuilder; SearchStrategy: all) found beans of type 'org.springframework.boot.task.SimpleAsyncTaskExecutorBuilder' simpleAsyncTaskExecutorBuilder (OnBeanCondition)

   TaskExecutorConfigurations.TaskExecutorConfiguration#applicationTaskExecutorVirtualThreads:
      Did not match:
         - @ConditionalOnThreading did not find VIRTUAL (OnThreadingCondition)

   TaskSchedulingAutoConfiguration#scheduledBeanLazyInitializationExcludeFilter:
      Did not match:
         - @ConditionalOnBean (names: org.springframework.context.annotation.internalScheduledAnnotationProcessor; SearchStrategy: all) did not find any beans named org.springframework.context.annotation.internalScheduledAnnotationProcessor (OnBeanCondition)

   TaskSchedulingConfigurations.SimpleAsyncTaskSchedulerBuilderConfiguration#simpleAsyncTaskSchedulerBuilderVirtualThreads:
      Did not match:
         - @ConditionalOnMissingBean (types: org.springframework.boot.task.SimpleAsyncTaskSchedulerBuilder; SearchStrategy: all) found beans of type 'org.springframework.boot.task.SimpleAsyncTaskSchedulerBuilder' simpleAsyncTaskSchedulerBuilder (OnBeanCondition)

   TaskSchedulingConfigurations.TaskSchedulerConfiguration:
      Did not match:
         - @ConditionalOnBean (names: org.springframework.context.annotation.internalScheduledAnnotationProcessor; SearchStrategy: all) did not find any beans named org.springframework.context.annotation.internalScheduledAnnotationProcessor (OnBeanCondition)

   ThymeleafAutoConfiguration:
      Did not match:
         - @ConditionalOnClass did not find required class 'org.thymeleaf.spring6.SpringTemplateEngine' (OnClassCondition)

   TransactionAutoConfiguration#transactionalOperator:
      Did not match:
         - @ConditionalOnSingleCandidate (types: org.springframework.transaction.ReactiveTransactionManager; SearchStrategy: all) did not find any beans (OnBeanCondition)

   TransactionAutoConfiguration.AspectJTransactionManagementConfiguration:
      Did not match:
         - @ConditionalOnBean (types: org.springframework.transaction.aspectj.AbstractTransactionAspect; SearchStrategy: all) did not find any beans of type org.springframework.transaction.aspectj.AbstractTransactionAspect (OnBeanCondition)

   TransactionAutoConfiguration.EnableTransactionManagementConfiguration.JdkDynamicAutoProxyConfiguration:
      Did not match:
         - @ConditionalOnProperty (spring.aop.proxy-target-class=false) did not find property 'proxy-target-class' (OnPropertyCondition)

   UserDetailsServiceAutoConfiguration:
      Did not match:
         - @ConditionalOnClass did not find required class 'org.springframework.security.authentication.AuthenticationManager' (OnClassCondition)

   ValidationAutoConfiguration:
      Did not match:
         - @ConditionalOnClass did not find required class 'jakarta.validation.executable.ExecutableValidator' (OnClassCondition)

   WebClientAutoConfiguration:
      Did not match:
         - @ConditionalOnClass did not find required class 'org.springframework.web.reactive.function.client.WebClient' (OnClassCondition)

   WebFluxAutoConfiguration:
      Did not match:
         - @ConditionalOnClass did not find required class 'org.springframework.web.reactive.config.WebFluxConfigurer' (OnClassCondition)

   WebMvcAutoConfiguration#hiddenHttpMethodFilter:
      Did not match:
         - @ConditionalOnProperty (spring.mvc.hiddenmethod.filter.enabled) did not find property 'enabled' (OnPropertyCondition)

   WebMvcAutoConfiguration.ProblemDetailsErrorHandlingConfiguration:
      Did not match:
         - @ConditionalOnProperty (spring.mvc.problemdetails.enabled=true) did not find property 'enabled' (OnPropertyCondition)

   WebMvcAutoConfiguration.ResourceChainCustomizerConfiguration:
      Did not match:
         - @ConditionalOnEnabledResourceChain did not find class org.webjars.WebJarAssetLocator (OnEnabledResourceChainCondition)

   WebMvcAutoConfiguration.WebMvcAutoConfigurationAdapter#beanNameViewResolver:
      Did not match:
         - @ConditionalOnMissingBean (types: org.springframework.web.servlet.view.BeanNameViewResolver; SearchStrategy: all) found beans of type 'org.springframework.web.servlet.view.BeanNameViewResolver' beanNameViewResolver (OnBeanCondition)

   WebServiceTemplateAutoConfiguration:
      Did not match:
         - @ConditionalOnClass did not find required class 'org.springframework.oxm.Marshaller' (OnClassCondition)

   WebServicesAutoConfiguration:
      Did not match:
         - @ConditionalOnClass did not find required class 'org.springframework.ws.transport.http.MessageDispatcherServlet' (OnClassCondition)

   WebSessionIdResolverAutoConfiguration:
      Did not match:
         - @ConditionalOnClass did not find required class 'reactor.core.publisher.Mono' (OnClassCondition)

   WebSocketMessagingAutoConfiguration:
      Did not match:
         - @ConditionalOnClass did not find required class 'org.springframework.web.socket.config.annotation.WebSocketMessageBrokerConfigurer' (OnClassCondition)

   WebSocketReactiveAutoConfiguration:
      Did not match:
         - @ConditionalOnWebApplication did not find reactive web application classes (OnWebApplicationCondition)

   WebSocketServletAutoConfiguration.JettyWebSocketConfiguration:
      Did not match:
         - @ConditionalOnClass did not find required class 'org.eclipse.jetty.ee10.websocket.jakarta.server.config.JakartaWebSocketServletContainerInitializer' (OnClassCondition)

   WebSocketServletAutoConfiguration.UndertowWebSocketConfiguration:
      Did not match:
         - @ConditionalOnClass did not find required class 'io.undertow.websockets.jsr.Bootstrap' (OnClassCondition)

   XADataSourceAutoConfiguration:
      Did not match:
         - @ConditionalOnBean (types: org.springframework.boot.jdbc.XADataSourceWrapper; SearchStrategy: all) did not find any beans of type org.springframework.boot.jdbc.XADataSourceWrapper (OnBeanCondition)
      Matched:
         - @ConditionalOnClass found required classes 'javax.sql.DataSource', 'jakarta.transaction.TransactionManager', 'org.springframework.jdbc.datasource.embedded.EmbeddedDatabaseType' (OnClassCondition)


Exclusions:
-----------

    None


Unconditional classes:
----------------------

    org.springframework.boot.autoconfigure.context.ConfigurationPropertiesAutoConfiguration

    org.springframework.boot.autoconfigure.ssl.SslAutoConfiguration

    org.springframework.boot.autoconfigure.context.LifecycleAutoConfiguration

    org.springframework.boot.autoconfigure.context.PropertyPlaceholderAutoConfiguration

    org.springframework.boot.autoconfigure.availability.ApplicationAvailabilityAutoConfiguration

    org.springframework.boot.autoconfigure.info.ProjectInfoAutoConfiguration



2024-08-25T11:09:55.144-05:00  INFO 17364 --- [delfosti] [           main] c.d.delgosti.DelgostiApplicationTests    : Started DelgostiApplicationTests in 4.839 seconds (process running for 5.511)
2024-08-25T11:09:55.145-05:00 DEBUG 17364 --- [delfosti] [           main] o.s.b.a.ApplicationAvailabilityBean      : Application availability state LivenessState changed to CORRECT
2024-08-25T11:09:55.148-05:00 DEBUG 17364 --- [delfosti] [           main] o.s.b.a.ApplicationAvailabilityBean      : Application availability state ReadinessState changed to ACCEPTING_TRAFFIC
2024-08-25T11:09:55.151-05:00 DEBUG 17364 --- [delfosti] [           main] org.springframework.test.context.cache   : Spring test ApplicationContext cache statistics: [DefaultContextCache@69c263f8 size = 1, maxSize = 32, parentContextCount = 0, hitCount = 0, missCount = 1, failureCount = 0]
2024-08-25T11:09:55.152-05:00 DEBUG 17364 --- [delfosti] [           main] o.s.t.c.w.ServletTestExecutionListener   : Setting up MockHttpServletRequest, MockHttpServletResponse, ServletWebRequest, and RequestContextHolder for test class com.delfosti.delgosti.DelgostiApplicationTests
2024-08-25T11:09:55.167-05:00 DEBUG 17364 --- [delfosti] [           main] DependencyInjectionTestExecutionListener : Performing dependency injection for test class com.delfosti.delgosti.DelgostiApplicationTests
2024-08-25T11:09:55.167-05:00 DEBUG 17364 --- [delfosti] [           main] org.springframework.test.context.cache   : Spring test ApplicationContext cache statistics: [DefaultContextCache@69c263f8 size = 1, maxSize = 32, parentContextCount = 0, hitCount = 1, missCount = 1, failureCount = 0]
2024-08-25T11:09:55.168-05:00 DEBUG 17364 --- [delfosti] [           main] org.springframework.test.context.cache   : Spring test ApplicationContext cache statistics: [DefaultContextCache@69c263f8 size = 1, maxSize = 32, parentContextCount = 0, hitCount = 2, missCount = 1, failureCount = 0]
2024-08-25T11:09:55.175-05:00 DEBUG 17364 --- [delfosti] [           main] sContextBeforeModesTestExecutionListener : Before test method: class [DelgostiApplicationTests], method [contextLoads], class annotated with @DirtiesContext [false] with mode [null], method annotated with @DirtiesContext [false] with mode [null]
2024-08-25T11:09:55.178-05:00 DEBUG 17364 --- [delfosti] [           main] org.springframework.test.context.cache   : Spring test ApplicationContext cache statistics: [DefaultContextCache@69c263f8 size = 1, maxSize = 32, parentContextCount = 0, hitCount = 3, missCount = 1, failureCount = 0]
2024-08-25T11:09:55.179-05:00 DEBUG 17364 --- [delfosti] [           main] org.springframework.test.context.cache   : Spring test ApplicationContext cache statistics: [DefaultContextCache@69c263f8 size = 1, maxSize = 32, parentContextCount = 0, hitCount = 4, missCount = 1, failureCount = 0]
2024-08-25T11:09:55.543-05:00 DEBUG 17364 --- [delfosti] [           main] org.springframework.test.context.cache   : Spring test ApplicationContext cache statistics: [DefaultContextCache@69c263f8 size = 1, maxSize = 32, parentContextCount = 0, hitCount = 5, missCount = 1, failureCount = 0]
2024-08-25T11:09:55.548-05:00 DEBUG 17364 --- [delfosti] [           main] org.springframework.test.context.cache   : Spring test ApplicationContext cache statistics: [DefaultContextCache@69c263f8 size = 1, maxSize = 32, parentContextCount = 0, hitCount = 6, missCount = 1, failureCount = 0]
2024-08-25T11:09:55.548-05:00 DEBUG 17364 --- [delfosti] [           main] org.springframework.test.context.cache   : Spring test ApplicationContext cache statistics: [DefaultContextCache@69c263f8 size = 1, maxSize = 32, parentContextCount = 0, hitCount = 7, missCount = 1, failureCount = 0]
2024-08-25T11:09:55.548-05:00 DEBUG 17364 --- [delfosti] [           main] org.springframework.test.context.cache   : Spring test ApplicationContext cache statistics: [DefaultContextCache@69c263f8 size = 1, maxSize = 32, parentContextCount = 0, hitCount = 8, missCount = 1, failureCount = 0]
2024-08-25T11:09:55.550-05:00 DEBUG 17364 --- [delfosti] [           main] org.springframework.test.context.cache   : Spring test ApplicationContext cache statistics: [DefaultContextCache@69c263f8 size = 1, maxSize = 32, parentContextCount = 0, hitCount = 9, missCount = 1, failureCount = 0]
2024-08-25T11:09:55.550-05:00 DEBUG 17364 --- [delfosti] [           main] org.springframework.test.context.cache   : Spring test ApplicationContext cache statistics: [DefaultContextCache@69c263f8 size = 1, maxSize = 32, parentContextCount = 0, hitCount = 10, missCount = 1, failureCount = 0]
2024-08-25T11:09:55.553-05:00 DEBUG 17364 --- [delfosti] [           main] org.springframework.test.context.cache   : Spring test ApplicationContext cache statistics: [DefaultContextCache@69c263f8 size = 1, maxSize = 32, parentContextCount = 0, hitCount = 11, missCount = 1, failureCount = 0]
2024-08-25T11:09:55.553-05:00 DEBUG 17364 --- [delfosti] [           main] .c.s.DirtiesContextTestExecutionListener : After test method: class [DelgostiApplicationTests], method [contextLoads], class annotated with @DirtiesContext [false] with mode [null], method annotated with @DirtiesContext [false] with mode [null]
2024-08-25T11:09:55.553-05:00 DEBUG 17364 --- [delfosti] [           main] o.s.t.c.w.ServletTestExecutionListener   : Resetting RequestContextHolder for test class com.delfosti.delgosti.DelgostiApplicationTests
]]></system-out>
  </testcase>
</testsuite>